GPU 0 assigned to the job
Reading structures took 0.06 seconds.

graph_build (5):   0%|          | 0/5 [00:00<?, ?it/s]
graph_build (5): 100%|██████████| 5/5 [00:00<00:00, 3736.24it/s]
ase graph time: 0.016818761825561523
ase graph time: 0.016732215881347656
ase graph time: 0.016949176788330078
ase graph time: 0.016475915908813477
ase graph time: 0.016622304916381836
/home/haekwan98/miniconda3/envs/seven_test/lib/python3.9/site-packages/sevenn/util.py:194: UserWarning: interaction_type not in config, using default value nequip
  warnings.warn(f'{k} not in config, using default value {v}', UserWarning)
Converting structures to graphs took 0.12 seconds.
Loading model took 3.95 seconds.
Setting up the data loader took 0.00 seconds.
no batch
[AtomGraphData(
  x=[36],
  edge_index=[2, 1488],
  pos=[36, 3],
  node_attr=[36],
  atomic_numbers=[36],
  edge_vec=[1488, 3],
  cell_lattice_vectors=[3, 3],
  pbc_shift=[1488, 3],
  cell_volume=410.892333984375,
  num_atoms=36,
  data_info={}
), AtomGraphData(
  x=[36],
  edge_index=[2, 1488],
  pos=[36, 3],
  node_attr=[36],
  atomic_numbers=[36],
  edge_vec=[1488, 3],
  cell_lattice_vectors=[3, 3],
  pbc_shift=[1488, 3],
  cell_volume=410.892333984375,
  num_atoms=36,
  data_info={}
), AtomGraphData(
  x=[36],
  edge_index=[2, 1488],
  pos=[36, 3],
  node_attr=[36],
  atomic_numbers=[36],
  edge_vec=[1488, 3],
  cell_lattice_vectors=[3, 3],
  pbc_shift=[1488, 3],
  cell_volume=410.892333984375,
  num_atoms=36,
  data_info={}
), AtomGraphData(
  x=[36],
  edge_index=[2, 1488],
  pos=[36, 3],
  node_attr=[36],
  atomic_numbers=[36],
  edge_vec=[1488, 3],
  cell_lattice_vectors=[3, 3],
  pbc_shift=[1488, 3],
  cell_volume=410.892333984375,
  num_atoms=36,
  data_info={}
), AtomGraphData(
  x=[36],
  edge_index=[2, 1488],
  pos=[36, 3],
  node_attr=[36],
  atomic_numbers=[36],
  edge_vec=[1488, 3],
  cell_lattice_vectors=[3, 3],
  pbc_shift=[1488, 3],
  cell_volume=410.892333984375,
  num_atoms=36,
  data_info={}
)]
batch
AtomGraphDataBatch(
  x=[36],
  edge_index=[2, 1488],
  pos=[36, 3],
  node_attr=[36],
  atomic_numbers=[36],
  edge_vec=[1488, 3],
  cell_lattice_vectors=[3, 3],
  pbc_shift=[1488, 3],
  cell_volume=[1],
  num_atoms=[1],
  data_info={},
  batch=[36],
  ptr=[2]
)
AtomGraphDataBatch(
  x=[36, 64],
  edge_index=[2, 1488],
  pos=[36, 3],
  node_attr=[36, 89],
  atomic_numbers=[36],
  edge_vec=[1488, 3],
  cell_lattice_vectors=[3, 3],
  pbc_shift=[1488, 3],
  cell_volume=[1],
  num_atoms=[1],
  data_info={},
  batch=[36],
  ptr=[2],
  edge_length=[1488],
  edge_embedding=[1488, 8],
  edge_attr=[1488, 9],
  atom_type=[36],
  scaled_atomic_energy=[36, 1],
  atomic_energy=[36, 1],
  inferred_total_energy=[1],
  inferred_force=[36, 3],
  inferred_stress=[1, 6]
)
[-314.31998]
[[-0.16478062  0.14109118 -0.02516324]
 [-0.15276964  0.07487074  0.03487543]
 [-0.3113406  -0.40959793  0.02199557]
 [-0.31423044 -0.3495855   0.05003051]
 [ 0.22351713  0.7546812   0.28312176]
 [-0.27918053 -0.42621574  0.1515984 ]
 [ 0.17230514 -0.40998092 -0.16635254]
 [ 0.49638572  0.5551102  -0.12722912]
 [ 0.1728879  -0.3294938  -0.07687286]
 [ 0.47997186  0.45092502 -0.17045796]
 [ 0.17582887  0.78462815  0.35534152]
 [-0.31931305 -0.2648039  -0.02525717]
 [ 2.062163    0.35211533 -0.66118073]
 [ 0.9735906   1.5427852  -0.9389801 ]
 [ 0.9987397   1.3747115   0.9827441 ]
 [-1.5185136  -0.03759523 -0.00469639]
 [-0.8506918   0.19698966 -0.01331125]
 [-2.0621917  -0.5332141  -0.68006074]
 [ 1.2781861   0.32480925 -0.24312516]
 [ 1.4420813   0.40532786  0.64079815]
 [ 1.4583876   0.30268168 -0.04751497]
 [ 1.1420472   0.7020087  -0.19972382]
 [ 1.5953438   0.39766717  0.6823554 ]
 [-1.0850428  -2.0818455  -0.74425924]
 [-1.6705983  -0.48777097  0.59672254]
 [ 0.9950752   1.3227183  -0.9716656 ]
 [ 1.0754378   0.29295754 -0.06412688]
 [-2.2371712  -0.5302521  -0.69106066]
 [-0.8973397   0.40615442 -0.06198679]
 [-1.3921678  -0.15688665 -0.04693577]
 [-0.9999486  -1.9220933   0.78146875]
 [-1.2208017  -0.498167    0.78228295]
 [ 1.8413234   0.33347878 -0.55247337]
 [-1.1825948  -1.7301472   0.7971339 ]
 [-0.96819264 -1.7869091  -0.6510664 ]
 [ 1.043596    1.2388463   1.0030322 ]]
[[-0.03175289  0.05534852  0.14303455  0.05322599  0.00214507  0.00046711]]
Predicting energy, forces, and stress took 0.71 seconds.
