GPU 0 assigned to the job
Reading structures took 0.06 seconds.

graph_build (5):   0%|          | 0/5 [00:00<?, ?it/s]
graph_build (5): 100%|██████████| 5/5 [00:00<00:00, 3777.97it/s]
ase graph time: 0.016699790954589844
ase graph time: 0.016522645950317383
ase graph time: 0.016693592071533203
ase graph time: 0.01652073860168457
ase graph time: 0.016373634338378906
/home/haekwan98/miniconda3/envs/seven_test/lib/python3.9/site-packages/sevenn/util.py:194: UserWarning: interaction_type not in config, using default value nequip
  warnings.warn(f'{k} not in config, using default value {v}', UserWarning)
Converting structures to graphs took 0.11 seconds.
Loading model took 4.07 seconds.
Setting up the data loader took 0.00 seconds.
no batch
[AtomGraphData(
  x=[36],
  edge_index=[2, 1488],
  pos=[36, 3],
  node_attr=[36],
  atomic_numbers=[36],
  edge_vec=[1488, 3],
  cell_lattice_vectors=[3, 3],
  pbc_shift=[1488, 3],
  cell_volume=410.892333984375,
  num_atoms=36,
  data_info={}
), AtomGraphData(
  x=[36],
  edge_index=[2, 1488],
  pos=[36, 3],
  node_attr=[36],
  atomic_numbers=[36],
  edge_vec=[1488, 3],
  cell_lattice_vectors=[3, 3],
  pbc_shift=[1488, 3],
  cell_volume=410.892333984375,
  num_atoms=36,
  data_info={}
), AtomGraphData(
  x=[36],
  edge_index=[2, 1488],
  pos=[36, 3],
  node_attr=[36],
  atomic_numbers=[36],
  edge_vec=[1488, 3],
  cell_lattice_vectors=[3, 3],
  pbc_shift=[1488, 3],
  cell_volume=410.892333984375,
  num_atoms=36,
  data_info={}
), AtomGraphData(
  x=[36],
  edge_index=[2, 1488],
  pos=[36, 3],
  node_attr=[36],
  atomic_numbers=[36],
  edge_vec=[1488, 3],
  cell_lattice_vectors=[3, 3],
  pbc_shift=[1488, 3],
  cell_volume=410.892333984375,
  num_atoms=36,
  data_info={}
), AtomGraphData(
  x=[36],
  edge_index=[2, 1488],
  pos=[36, 3],
  node_attr=[36],
  atomic_numbers=[36],
  edge_vec=[1488, 3],
  cell_lattice_vectors=[3, 3],
  pbc_shift=[1488, 3],
  cell_volume=410.892333984375,
  num_atoms=36,
  data_info={}
)]
batch
AtomGraphDataBatch(
  x=[180],
  edge_index=[2, 7440],
  pos=[180, 3],
  node_attr=[180],
  atomic_numbers=[180],
  edge_vec=[7440, 3],
  cell_lattice_vectors=[15, 3],
  pbc_shift=[7440, 3],
  cell_volume=[5],
  num_atoms=[5],
  data_info={},
  batch=[180],
  ptr=[6]
)
AtomGraphDataBatch(
  x=[180, 64],
  edge_index=[2, 7440],
  pos=[180, 3],
  node_attr=[180, 89],
  atomic_numbers=[180],
  edge_vec=[7440, 3],
  cell_lattice_vectors=[15, 3],
  pbc_shift=[7440, 3],
  cell_volume=[5],
  num_atoms=[5],
  data_info={},
  batch=[180],
  ptr=[6],
  edge_length=[7440],
  edge_embedding=[7440, 8],
  edge_attr=[7440, 9],
  atom_type=[180],
  scaled_atomic_energy=[180, 1],
  atomic_energy=[180, 1],
  inferred_total_energy=[5],
  inferred_force=[180, 3],
  inferred_stress=[5, 6]
)
[-314.31998 -314.31992 -314.31995 -314.31998 -314.31992]
[[-0.16478074  0.1410912  -0.02516309]
 [-0.15276942  0.07487097  0.03487517]
 [-0.31134027 -0.40959755  0.02199551]
 [-0.3142305  -0.3495858   0.05003069]
 [ 0.22351739  0.75468075  0.28312227]
 [-0.27918097 -0.4262159   0.15159875]
 [ 0.17230472 -0.40998143 -0.16635343]
 [ 0.496386    0.5551106  -0.1272295 ]
 [ 0.17288825 -0.32949367 -0.07687251]
 [ 0.4799722   0.45092458 -0.17045756]
 [ 0.17582878  0.78462815  0.3553413 ]
 [-0.3193126  -0.26480383 -0.02525625]
 [ 2.0621624   0.35211548 -0.6611812 ]
 [ 0.97359073  1.5427849  -0.9389804 ]
 [ 0.9987397   1.3747126   0.9827442 ]
 [-1.5185137  -0.03759493 -0.00469605]
 [-0.85069156  0.19698974 -0.01331101]
 [-2.0621922  -0.5332143  -0.6800605 ]
 [ 1.2781861   0.32480925 -0.24312495]
 [ 1.4420812   0.40532774  0.64079833]
 [ 1.4583874   0.3026818  -0.04751486]
 [ 1.1420469   0.702009   -0.19972381]
 [ 1.5953436   0.3976673   0.6823553 ]
 [-1.085043   -2.0818448  -0.74425924]
 [-1.6705978  -0.48777103  0.5967224 ]
 [ 0.99507517  1.3227186  -0.9716658 ]
 [ 1.0754378   0.29295745 -0.06412746]
 [-2.2371707  -0.53025186 -0.691061  ]
 [-0.8973396   0.40615416 -0.06198722]
 [-1.3921676  -0.15688664 -0.04693577]
 [-0.9999491  -1.9220937   0.7814682 ]
 [-1.2208017  -0.49816698  0.78228307]
 [ 1.8413236   0.3334788  -0.5524729 ]
 [-1.1825945  -1.7301474   0.7971337 ]
 [-0.9681928  -1.7869096  -0.6510664 ]
 [ 1.0435963   1.2388462   1.0030321 ]
 [-0.16478074  0.14109145 -0.02516317]
 [-0.15276939  0.07487077  0.03487551]
 [-0.3113404  -0.4095976   0.0219952 ]
 [-0.3142304  -0.34958577  0.05003028]
 [ 0.22351688  0.7546814   0.28312182]
 [-0.2791808  -0.42621633  0.15159866]
 [ 0.17230567 -0.409981   -0.16635233]
 [ 0.49638635  0.5551106  -0.12722915]
 [ 0.17288794 -0.32949358 -0.0768724 ]
 [ 0.47997177  0.45092395 -0.17045856]
 [ 0.17582901  0.78462803  0.35534155]
 [-0.3193129  -0.26480368 -0.02525669]
 [ 2.0621634   0.3521154  -0.6611812 ]
 [ 0.9735905   1.5427852  -0.9389801 ]
 [ 0.9987397   1.374712    0.98274446]
 [-1.5185132  -0.03759528 -0.00469599]
 [-0.8506917   0.19698986 -0.01331146]
 [-2.062192   -0.533214   -0.6800608 ]
 [ 1.2781854   0.3248092  -0.24312493]
 [ 1.4420809   0.40532807  0.64079857]
 [ 1.4583876   0.30268168 -0.04751435]
 [ 1.1420469   0.7020087  -0.1997244 ]
 [ 1.5953438   0.39766708  0.68235564]
 [-1.0850432  -2.0818453  -0.7442587 ]
 [-1.6705978  -0.4877708   0.596723  ]
 [ 0.9950756   1.3227181  -0.97166586]
 [ 1.0754378   0.29295737 -0.06412701]
 [-2.2371712  -0.5302523  -0.69106114]
 [-0.8973396   0.40615472 -0.06198673]
 [-1.3921671  -0.15688662 -0.04693598]
 [-0.99994874 -1.9220941   0.7814683 ]
 [-1.2208016  -0.49816713  0.78228295]
 [ 1.8413234   0.33347887 -0.5524734 ]
 [-1.1825949  -1.7301478   0.79713374]
 [-0.96819264 -1.786909   -0.6510667 ]
 [ 1.0435963   1.2388461   1.003032  ]
 [-0.16478091  0.14109147 -0.02516295]
 [-0.15276967  0.07487059  0.0348754 ]
 [-0.31134045 -0.40959758  0.0219953 ]
 [-0.31423035 -0.3495856   0.05003053]
 [ 0.223517    0.75468147  0.28312156]
 [-0.27918044 -0.42621619  0.15159807]
 [ 0.1723054  -0.40998107 -0.16635227]
 [ 0.496386    0.5551107  -0.12723069]
 [ 0.17288813 -0.32949322 -0.07687247]
 [ 0.47997195  0.45092458 -0.17045805]
 [ 0.17582864  0.78462815  0.35534126]
 [-0.31931272 -0.2648038  -0.02525634]
 [ 2.0621624   0.3521154  -0.6611811 ]
 [ 0.9735906   1.542785   -0.93898   ]
 [ 0.9987396   1.3747121   0.9827446 ]
 [-1.5185133  -0.03759521 -0.00469557]
 [-0.8506917   0.19698982 -0.01331136]
 [-2.062192   -0.533214   -0.68006074]
 [ 1.278186    0.32480928 -0.24312472]
 [ 1.4420807   0.40532783  0.6407984 ]
 [ 1.4583874   0.30268174 -0.04751474]
 [ 1.1420472   0.7020091  -0.19972396]
 [ 1.5953441   0.39766732  0.68235505]
 [-1.085043   -2.0818446  -0.7442589 ]
 [-1.670598   -0.48777074  0.5967225 ]
 [ 0.9950752   1.3227184  -0.97166526]
 [ 1.0754379   0.29295743 -0.0641277 ]
 [-2.237171   -0.53025204 -0.6910607 ]
 [-0.8973397   0.40615383 -0.0619873 ]
 [-1.3921673  -0.15688662 -0.0469355 ]
 [-0.99994856 -1.9220936   0.7814685 ]
 [-1.2208011  -0.49816716  0.782283  ]
 [ 1.8413234   0.33347857 -0.5524733 ]
 [-1.1825943  -1.7301475   0.79713404]
 [-0.9681926  -1.7869093  -0.6510664 ]
 [ 1.043596    1.2388463   1.003032  ]
 [-0.16478081  0.14109132 -0.02516302]
 [-0.15276945  0.07487083  0.03487544]
 [-0.31134048 -0.40959767  0.02199535]
 [-0.31423035 -0.34958568  0.05003058]
 [ 0.2235173   0.7546811   0.28312242]
 [-0.27918062 -0.4262157   0.15159816]
 [ 0.17230505 -0.40998107 -0.16635236]
 [ 0.49638587  0.5551108  -0.12723006]
 [ 0.17288825 -0.32949382 -0.07687241]
 [ 0.47997198  0.4509248  -0.17045832]
 [ 0.17582874  0.78462845  0.3553415 ]
 [-0.3193129  -0.264804   -0.02525584]
 [ 2.0621624   0.3521155  -0.66118085]
 [ 0.9735906   1.5427849  -0.93898   ]
 [ 0.9987396   1.3747118   0.9827442 ]
 [-1.518513   -0.03759518 -0.00469634]
 [-0.85069156  0.19698973 -0.01331109]
 [-2.062192   -0.5332142  -0.68006086]
 [ 1.2781858   0.32480925 -0.24312472]
 [ 1.442081    0.4053279   0.64079833]
 [ 1.4583871   0.30268177 -0.04751528]
 [ 1.142047    0.7020085  -0.19972382]
 [ 1.5953442   0.39766723  0.68235564]
 [-1.085043   -2.081845   -0.744259  ]
 [-1.670598   -0.48777097  0.5967226 ]
 [ 0.99507535  1.3227181  -0.9716655 ]
 [ 1.0754378   0.29295754 -0.06412743]
 [-2.237171   -0.53025204 -0.6910608 ]
 [-0.89733946  0.4061543  -0.06198725]
 [-1.3921673  -0.15688674 -0.04693561]
 [-0.9999485  -1.9220932   0.78146875]
 [-1.2208016  -0.49816704  0.78228325]
 [ 1.8413236   0.33347887 -0.55247325]
 [-1.1825949  -1.7301476   0.7971338 ]
 [-0.9681927  -1.7869093  -0.6510668 ]
 [ 1.043596    1.2388461   1.0030318 ]
 [-0.16478066  0.1410913  -0.02516304]
 [-0.15276952  0.0748708   0.03487542]
 [-0.3113403  -0.40959755  0.02199555]
 [-0.3142306  -0.3495859   0.05003056]
 [ 0.22351715  0.7546809   0.2831216 ]
 [-0.27918023 -0.42621624  0.15159905]
 [ 0.17230581 -0.40998155 -0.16635358]
 [ 0.496386    0.5551106  -0.12722942]
 [ 0.17288764 -0.32949388 -0.07687128]
 [ 0.47997156  0.45092392 -0.17045835]
 [ 0.17582884  0.78462875  0.35534152]
 [-0.31931287 -0.26480386 -0.02525704]
 [ 2.0621626   0.35211557 -0.6611809 ]
 [ 0.97359073  1.542785   -0.9389801 ]
 [ 0.9987399   1.374712    0.98274434]
 [-1.5185134  -0.03759511 -0.00469601]
 [-0.8506918   0.19699006 -0.0133113 ]
 [-2.062192   -0.5332138  -0.6800607 ]
 [ 1.2781858   0.32480928 -0.24312511]
 [ 1.4420812   0.40532804  0.64079845]
 [ 1.4583875   0.30268162 -0.04751455]
 [ 1.1420465   0.7020087  -0.1997236 ]
 [ 1.5953437   0.3976673   0.68235505]
 [-1.0850428  -2.0818448  -0.7442593 ]
 [-1.6705976  -0.4877711   0.5967226 ]
 [ 0.9950752   1.3227184  -0.971666  ]
 [ 1.0754381   0.2929574  -0.06412721]
 [-2.2371712  -0.530252   -0.69106096]
 [-0.8973398   0.40615463 -0.06198716]
 [-1.3921673  -0.15688682 -0.0469359 ]
 [-0.99994874 -1.9220934   0.7814686 ]
 [-1.220802   -0.49816716  0.78228307]
 [ 1.8413239   0.33347875 -0.55247337]
 [-1.1825948  -1.7301472   0.797134  ]
 [-0.96819293 -1.7869089  -0.65106654]
 [ 1.0435958   1.2388461   1.003032  ]]
[[-0.0317529   0.05534852  0.14303453  0.05322598  0.00214508  0.00046711]
 [-0.03175288  0.05534854  0.14303458  0.05322598  0.00214507  0.00046711]
 [-0.03175287  0.05534853  0.14303455  0.05322598  0.00214507  0.00046711]
 [-0.0317529   0.05534852  0.14303458  0.05322598  0.00214508  0.00046711]
 [-0.03175289  0.05534852  0.14303455  0.05322599  0.00214507  0.00046711]]
Predicting energy, forces, and stress took 0.73 seconds.
4. 