GPU 0 assigned to the job
Reading structures took 0.05 seconds.
graph_build (5):   0%|          | 0/5 [00:00<?, ?it/s]graph_build (5): 100%|██████████| 5/5 [00:00<00:00, 4044.65it/s]
ase graph time: 0.016226768493652344
ase graph time: 0.01633286476135254
ase graph time: 0.0161283016204834
ase graph time: 0.024242877960205078
ase graph time: 0.02193307876586914
/home/haekwan98/miniconda3/envs/seven_test/lib/python3.9/site-packages/sevenn/util.py:194: UserWarning: interaction_type not in config, using default value nequip
  warnings.warn(f'{k} not in config, using default value {v}', UserWarning)
Converting structures to graphs took 0.07 seconds.
Loading model took 3.42 seconds.
Setting up the data loader took 0.00 seconds.
no batch
[AtomGraphData(
  x=[36],
  edge_index=[2, 1488],
  pos=[36, 3],
  node_attr=[36],
  atomic_numbers=[36],
  edge_vec=[1488, 3],
  cell_lattice_vectors=[3, 3],
  pbc_shift=[1488, 3],
  cell_volume=410.892333984375,
  num_atoms=36,
  data_info={}
), AtomGraphData(
  x=[36],
  edge_index=[2, 1488],
  pos=[36, 3],
  node_attr=[36],
  atomic_numbers=[36],
  edge_vec=[1488, 3],
  cell_lattice_vectors=[3, 3],
  pbc_shift=[1488, 3],
  cell_volume=410.892333984375,
  num_atoms=36,
  data_info={}
), AtomGraphData(
  x=[36],
  edge_index=[2, 1488],
  pos=[36, 3],
  node_attr=[36],
  atomic_numbers=[36],
  edge_vec=[1488, 3],
  cell_lattice_vectors=[3, 3],
  pbc_shift=[1488, 3],
  cell_volume=410.892333984375,
  num_atoms=36,
  data_info={}
), AtomGraphData(
  x=[36],
  edge_index=[2, 1488],
  pos=[36, 3],
  node_attr=[36],
  atomic_numbers=[36],
  edge_vec=[1488, 3],
  cell_lattice_vectors=[3, 3],
  pbc_shift=[1488, 3],
  cell_volume=410.892333984375,
  num_atoms=36,
  data_info={}
), AtomGraphData(
  x=[36],
  edge_index=[2, 1488],
  pos=[36, 3],
  node_attr=[36],
  atomic_numbers=[36],
  edge_vec=[1488, 3],
  cell_lattice_vectors=[3, 3],
  pbc_shift=[1488, 3],
  cell_volume=410.892333984375,
  num_atoms=36,
  data_info={}
)]
batch
AtomGraphDataBatch(
  x=[72],
  edge_index=[2, 2976],
  pos=[72, 3],
  node_attr=[72],
  atomic_numbers=[72],
  edge_vec=[2976, 3],
  cell_lattice_vectors=[6, 3],
  pbc_shift=[2976, 3],
  cell_volume=[2],
  num_atoms=[2],
  data_info={},
  batch=[72],
  ptr=[3]
)
AtomGraphDataBatch(
  x=[72, 64],
  edge_index=[2, 2976],
  pos=[72, 3],
  node_attr=[72, 89],
  atomic_numbers=[72],
  edge_vec=[2976, 3],
  cell_lattice_vectors=[6, 3],
  pbc_shift=[2976, 3],
  cell_volume=[2],
  num_atoms=[2],
  data_info={},
  batch=[72],
  ptr=[3],
  edge_length=[2976],
  edge_embedding=[2976, 8],
  edge_attr=[2976, 9],
  atom_type=[72],
  scaled_atomic_energy=[72, 1],
  atomic_energy=[72, 1],
  inferred_total_energy=[2],
  inferred_force=[72, 3],
  inferred_stress=[2, 6]
)
[-314.31992 -314.31995]
[[-0.1647807   0.14109156 -0.02516307]
 [-0.15276964  0.07487044  0.03487559]
 [-0.31134048 -0.4095977   0.02199522]
 [-0.31423035 -0.34958565  0.05003039]
 [ 0.22351731  0.7546816   0.28312156]
 [-0.2791797  -0.42621633  0.15159848]
 [ 0.17230499 -0.40998128 -0.16635284]
 [ 0.49638587  0.555111   -0.1272293 ]
 [ 0.17288801 -0.32949334 -0.07687274]
 [ 0.47997177  0.45092463 -0.17045747]
 [ 0.1758289   0.78462845  0.35534117]
 [-0.3193125  -0.26480377 -0.02525648]
 [ 2.0621626   0.35211563 -0.6611811 ]
 [ 0.9735904   1.5427849  -0.9389801 ]
 [ 0.9987398   1.3747115   0.98274434]
 [-1.5185131  -0.03759535 -0.00469636]
 [-0.8506917   0.1969899  -0.01331162]
 [-2.0621917  -0.53321415 -0.68006057]
 [ 1.2781855   0.3248094  -0.24312507]
 [ 1.442081    0.40532786  0.6407982 ]
 [ 1.4583871   0.30268174 -0.04751489]
 [ 1.1420469   0.70200896 -0.19972444]
 [ 1.5953438   0.3976673   0.68235517]
 [-1.0850427  -2.0818453  -0.744259  ]
 [-1.6705978  -0.48777106  0.59672236]
 [ 0.99507505  1.3227184  -0.9716657 ]
 [ 1.075438    0.29295734 -0.06412763]
 [-2.2371712  -0.5302521  -0.6910606 ]
 [-0.89733964  0.40615404 -0.06198706]
 [-1.3921673  -0.15688652 -0.04693603]
 [-0.9999489  -1.9220934   0.7814687 ]
 [-1.2208016  -0.4981671   0.78228295]
 [ 1.8413234   0.33347857 -0.55247337]
 [-1.1825945  -1.7301472   0.79713416]
 [-0.9681926  -1.7869091  -0.65106654]
 [ 1.0435961   1.2388463   1.0030322 ]
 [-0.1647809   0.1410914  -0.02516313]
 [-0.15276954  0.07487071  0.03487553]
 [-0.31134045 -0.40959764  0.02199562]
 [-0.31423038 -0.34958565  0.05003068]
 [ 0.22351757  0.75468063  0.28312272]
 [-0.27918112 -0.42621595  0.15159738]
 [ 0.17230546 -0.40998086 -0.16635245]
 [ 0.49638605  0.55511093 -0.12722923]
 [ 0.17288825 -0.32949334 -0.07687256]
 [ 0.47997218  0.4509244  -0.17045838]
 [ 0.17582884  0.78462875  0.35534158]
 [-0.31931272 -0.26480377 -0.02525689]
 [ 2.0621624   0.35211557 -0.66118145]
 [ 0.9735904   1.5427849  -0.93897986]
 [ 0.9987396   1.374712    0.9827443 ]
 [-1.5185137  -0.03759508 -0.00469609]
 [-0.8506916   0.1969898  -0.01331125]
 [-2.0621917  -0.53321385 -0.68006074]
 [ 1.2781861   0.32480922 -0.24312541]
 [ 1.4420812   0.40532786  0.64079833]
 [ 1.4583875   0.3026818  -0.04751499]
 [ 1.1420472   0.7020086  -0.19972393]
 [ 1.5953438   0.3976673   0.6823557 ]
 [-1.085043   -2.0818455  -0.74425894]
 [-1.670598   -0.4877707   0.5967228 ]
 [ 0.9950751   1.3227181  -0.971666  ]
 [ 1.075438    0.29295737 -0.06412709]
 [-2.2371705  -0.53025204 -0.69106126]
 [-0.8973397   0.40615463 -0.06198674]
 [-1.3921678  -0.15688649 -0.04693597]
 [-0.99994886 -1.9220936   0.78146833]
 [-1.2208014  -0.49816716  0.78228307]
 [ 1.8413235   0.33347863 -0.55247295]
 [-1.1825948  -1.7301471   0.79713374]
 [-0.96819264 -1.7869098  -0.65106666]
 [ 1.043596    1.2388456   1.0030322 ]]
[[-0.03175288  0.05534852  0.14303458  0.05322597  0.00214507  0.00046711]
 [-0.0317529   0.05534852  0.14303456  0.05322598  0.00214508  0.00046711]]
Predicting energy, forces, and stress took 0.64 seconds.
