Initiation done. Time : 5.23923397064209 s.
Relaxing /data2_1/haekwan98/sevennet_test/calculator/Li56V8N32/Li56V8N32.cif...
ase graph time: 0.10356330871582031
      Step     Time          Energy          fmax
FIRE:    0 14:33:16     -508.865051        4.494779
ase graph time: 0.11215448379516602
FIRE:    1 14:33:17     -509.891205        2.794238
ase graph time: 0.1107168197631836
FIRE:    2 14:33:19     -510.831726        1.449548
ase graph time: 0.10579776763916016
FIRE:    3 14:33:20     -511.119202        2.618884
ase graph time: 0.10466217994689941
FIRE:    4 14:33:22     -511.206238        2.312723
ase graph time: 0.10492730140686035
FIRE:    5 14:33:22     -511.350586        1.738642
ase graph time: 0.0979006290435791
FIRE:    6 14:33:22     -511.506042        0.959830
ase graph time: 0.10526704788208008
FIRE:    7 14:33:22     -511.630463        0.816965
ase graph time: 0.09784150123596191
FIRE:    8 14:33:22     -511.706726        0.896801
ase graph time: 0.10654973983764648
FIRE:    9 14:33:23     -511.754944        1.564620
ase graph time: 0.09786200523376465
FIRE:   10 14:33:23     -511.813049        1.828920
ase graph time: 0.10532569885253906
FIRE:   11 14:33:23     -511.915833        1.600204
ase graph time: 0.09773826599121094
FIRE:   12 14:33:23     -512.060730        1.202965
ase graph time: 0.10557389259338379
FIRE:   13 14:33:23     -512.203674        0.653081
ase graph time: 0.09764719009399414
FIRE:   14 14:33:24     -512.296509        0.969576
ase graph time: 0.10516142845153809
FIRE:   15 14:33:24     -512.359131        1.196433
ase graph time: 0.09769606590270996
FIRE:   16 14:33:24     -512.456421        0.920066
ase graph time: 0.10515499114990234
FIRE:   17 14:33:24     -512.586548        0.576764
ase graph time: 0.09765243530273438
FIRE:   18 14:33:24     -512.681152        0.994627
ase graph time: 0.10525679588317871
FIRE:   19 14:33:25     -512.761230        0.966828
ase graph time: 0.09779524803161621
FIRE:   20 14:33:25     -512.875000        0.768329
ase graph time: 0.10511946678161621
FIRE:   21 14:33:25     -512.959229        0.790610
ase graph time: 0.09768819808959961
FIRE:   22 14:33:25     -513.027527        0.964241
ase graph time: 0.1052706241607666
FIRE:   23 14:33:25     -513.126709        0.637833
ase graph time: 0.09777021408081055
FIRE:   24 14:33:25     -513.197388        0.796142
ase graph time: 0.10531425476074219
FIRE:   25 14:33:26     -513.317993        0.435428
ase graph time: 0.09762787818908691
FIRE:   26 14:33:26     -513.402344        0.746915
ase graph time: 0.10514497756958008
FIRE:   27 14:33:26     -513.512024        0.359334
ase graph time: 0.09775495529174805
FIRE:   28 14:33:26     -513.582275        0.754879
ase graph time: 0.10557746887207031
FIRE:   29 14:33:26     -513.663086        0.366154
ase graph time: 0.0976250171661377
FIRE:   30 14:33:27     -513.720825        0.511886
ase graph time: 0.1054067611694336
FIRE:   31 14:33:27     -513.786926        0.450018
ase graph time: 0.0978233814239502
FIRE:   32 14:33:27     -513.854004        0.407979
ase graph time: 0.10522985458374023
FIRE:   33 14:33:27     -513.926392        0.543019
ase graph time: 0.09791755676269531
FIRE:   34 14:33:27     -514.011108        0.546904
ase graph time: 0.10511541366577148
FIRE:   35 14:33:27     -514.085510        0.691100
ase graph time: 0.09783482551574707
FIRE:   36 14:33:28     -513.932983        2.310846
ase graph time: 0.10524868965148926
FIRE:   37 14:33:28     -514.140015        0.283844
ase graph time: 0.09755373001098633
FIRE:   38 14:33:28     -514.142761        0.284178
ase graph time: 0.1051182746887207
FIRE:   39 14:33:28     -514.147034        0.284809
ase graph time: 0.09764599800109863
FIRE:   40 14:33:28     -514.151611        0.285641
ase graph time: 0.10518860816955566
FIRE:   41 14:33:29     -514.156372        0.286485
ase graph time: 0.09791159629821777
FIRE:   42 14:33:29     -514.162354        0.287126
ase graph time: 0.10547947883605957
FIRE:   43 14:33:29     -514.170044        0.287420
ase graph time: 0.09771370887756348
FIRE:   44 14:33:29     -514.179138        0.287317
ase graph time: 0.10519886016845703
FIRE:   45 14:33:29     -514.189758        0.286810
ase graph time: 0.09762382507324219
FIRE:   46 14:33:30     -514.202026        0.286021
ase graph time: 0.10612225532531738
FIRE:   47 14:33:30     -514.217285        0.285207
ase graph time: 0.09788727760314941
FIRE:   48 14:33:30     -514.235840        0.284714
ase graph time: 0.10518932342529297
FIRE:   49 14:33:30     -514.257690        0.284766
ase graph time: 0.0977022647857666
FIRE:   50 14:33:30     -514.284424        0.285186
ase graph time: 0.10580921173095703
FIRE:   51 14:33:30     -514.316162        0.285586
ase graph time: 0.09780716896057129
FIRE:   52 14:33:31     -514.355103        0.285641
ase graph time: 0.10514283180236816
FIRE:   53 14:33:31     -514.401123        0.285165
ase graph time: 0.09766864776611328
FIRE:   54 14:33:31     -514.456970        0.284155
ase graph time: 0.10517048835754395
FIRE:   55 14:33:31     -514.523132        0.284349
ase graph time: 0.09765887260437012
FIRE:   56 14:33:31     -514.600891        0.285617
ase graph time: 0.10526251792907715
FIRE:   57 14:33:32     -514.681396        0.282082
ase graph time: 0.0979616641998291
FIRE:   58 14:33:32     -514.759949        0.321209
ase graph time: 0.10516548156738281
FIRE:   59 14:33:32     -514.838013        0.380801
ase graph time: 0.09765005111694336
FIRE:   60 14:33:32     -514.918518        0.495091
ase graph time: 0.10514640808105469
FIRE:   61 14:33:32     -515.001465        0.546031
ase graph time: 0.09762883186340332
FIRE:   62 14:33:32     -515.084229        0.767987
ase graph time: 0.10520195960998535
FIRE:   63 14:33:33     -515.160400        0.871978
ase graph time: 0.09779071807861328
FIRE:   64 14:33:33     -515.232300        1.000444
ase graph time: 0.10526084899902344
FIRE:   65 14:33:33     -515.145935        1.815206
ase graph time: 0.09760332107543945
FIRE:   66 14:33:33     -515.269897        0.576351
ase graph time: 0.10516023635864258
FIRE:   67 14:33:33     -515.225281        1.275359
ase graph time: 0.09767627716064453
FIRE:   68 14:33:34     -515.246399        1.019013
ase graph time: 0.1056210994720459
FIRE:   69 14:33:34     -515.273926        0.573642
ase graph time: 0.09792041778564453
FIRE:   70 14:33:34     -515.289185        0.256728
ase graph time: 0.10514116287231445
FIRE:   71 14:33:34     -515.285034        0.426021
ase graph time: 0.09795284271240234
FIRE:   72 14:33:34     -515.285950        0.406217
ase graph time: 0.10542559623718262
FIRE:   73 14:33:35     -515.287659        0.367425
ase graph time: 0.09756875038146973
FIRE:   74 14:33:35     -515.289795        0.311294
ase graph time: 0.10500955581665039
FIRE:   75 14:33:35     -515.292175        0.256996
ase graph time: 0.09760355949401855
FIRE:   76 14:33:35     -515.294434        0.256941
ase graph time: 0.10523152351379395
FIRE:   77 14:33:35     -515.296387        0.256895
ase graph time: 0.0977010726928711
FIRE:   78 14:33:35     -515.297974        0.256861
ase graph time: 0.10546326637268066
FIRE:   79 14:33:36     -515.299316        0.256834
ase graph time: 0.0976705551147461
FIRE:   80 14:33:36     -515.300781        0.256804
ase graph time: 0.10510802268981934
FIRE:   81 14:33:36     -515.302795        0.256756
ase graph time: 0.09749460220336914
FIRE:   82 14:33:36     -515.305847        0.256668
ase graph time: 0.10512733459472656
FIRE:   83 14:33:36     -515.310242        0.256523
ase graph time: 0.09766983985900879
FIRE:   84 14:33:37     -515.315918        0.256306
ase graph time: 0.10515904426574707
FIRE:   85 14:33:37     -515.322205        0.256006
ase graph time: 0.09755277633666992
FIRE:   86 14:33:37     -515.328796        0.255595
ase graph time: 0.10506534576416016
FIRE:   87 14:33:37     -515.336670        0.255029
ase graph time: 0.09769010543823242
FIRE:   88 14:33:37     -515.347290        0.254270
ase graph time: 0.1055457592010498
FIRE:   89 14:33:37     -515.360596        0.253354
ase graph time: 0.09763407707214355
FIRE:   90 14:33:38     -515.375366        0.252369
ase graph time: 0.10526156425476074
FIRE:   91 14:33:38     -515.393311        0.251323
ase graph time: 0.09769272804260254
FIRE:   92 14:33:38     -515.416260        0.250137
ase graph time: 0.10516810417175293
FIRE:   93 14:33:38     -515.442444        0.248666
ase graph time: 0.09792542457580566
FIRE:   94 14:33:38     -515.475220        0.246570
ase graph time: 0.10512304306030273
FIRE:   95 14:33:39     -515.513489        0.243746
ase graph time: 0.09769344329833984
FIRE:   96 14:33:39     -515.559937        0.240406
ase graph time: 0.10513615608215332
FIRE:   97 14:33:39     -515.612549        0.236558
ase graph time: 0.09784936904907227
FIRE:   98 14:33:39     -515.671326        0.231958
ase graph time: 0.10519790649414062
FIRE:   99 14:33:39     -515.730835        0.300163
ase graph time: 0.09765481948852539
FIRE:  100 14:33:40     -515.780090        0.523325
ase graph time: 0.10527706146240234
FIRE:  101 14:33:40     -515.811096        0.915448
ase graph time: 0.09767532348632812
FIRE:  102 14:33:40     -515.834717        0.215597
ase graph time: 0.10506987571716309
FIRE:  103 14:33:40     -515.826355        0.764533
ase graph time: 0.09786725044250488
FIRE:  104 14:33:40     -515.833435        0.591119
ase graph time: 0.1051933765411377
FIRE:  105 14:33:40     -515.841858        0.279909
ase graph time: 0.09797477722167969
FIRE:  106 14:33:41     -515.845581        0.215113
ase graph time: 0.10517621040344238
FIRE:  107 14:33:41     -515.845764        0.215103
ase graph time: 0.0976712703704834
FIRE:  108 14:33:41     -515.846130        0.215083
ase graph time: 0.10558032989501953
FIRE:  109 14:33:41     -515.846680        0.215053
ase graph time: 0.09755373001098633
FIRE:  110 14:33:41     -515.847351        0.215014
ase graph time: 0.10512757301330566
FIRE:  111 14:33:42     -515.848145        0.214965
ase graph time: 0.0978085994720459
FIRE:  112 14:33:42     -515.849121        0.214907
ase graph time: 0.10510396957397461
FIRE:  113 14:33:42     -515.850098        0.214839
ase graph time: 0.09763884544372559
FIRE:  114 14:33:42     -515.851440        0.214752
ase graph time: 0.10513114929199219
FIRE:  115 14:33:42     -515.853027        0.214639
ase graph time: 0.09755444526672363
FIRE:  116 14:33:42     -515.854980        0.214494
ase graph time: 0.10524487495422363
FIRE:  117 14:33:43     -515.857544        0.214306
ase graph time: 0.09759688377380371
FIRE:  118 14:33:43     -515.860535        0.214061
ase graph time: 0.10516881942749023
FIRE:  119 14:33:43     -515.864075        0.213743
ase graph time: 0.09775614738464355
FIRE:  120 14:33:43     -515.868286        0.213331
ase graph time: 0.1051490306854248
FIRE:  121 14:33:43     -515.873413        0.212804
ase graph time: 0.09756994247436523
FIRE:  122 14:33:44     -515.879395        0.212143
ase graph time: 0.10520243644714355
FIRE:  123 14:33:44     -515.886475        0.211334
ase graph time: 0.09765791893005371
FIRE:  124 14:33:44     -515.894897        0.210374
ase graph time: 0.10537981986999512
FIRE:  125 14:33:44     -515.904846        0.209255
ase graph time: 0.09785676002502441
FIRE:  126 14:33:44     -515.916687        0.207937
ase graph time: 0.10511565208435059
FIRE:  127 14:33:45     -515.930847        0.206340
ase graph time: 0.09778070449829102
FIRE:  128 14:33:45     -515.947876        0.204387
ase graph time: 0.10530853271484375
FIRE:  129 14:33:45     -515.968140        0.202117
ase graph time: 0.09763741493225098
FIRE:  130 14:33:45     -515.992371        0.199635
ase graph time: 0.10514640808105469
FIRE:  131 14:33:45     -516.020752        0.196825
ase graph time: 0.09764361381530762
FIRE:  132 14:33:45     -516.053467        0.193715
ase graph time: 0.10516691207885742
FIRE:  133 14:33:46     -516.090576        0.190181
ase graph time: 0.09771156311035156
FIRE:  134 14:33:46     -516.132812        0.186141
ase graph time: 0.10511040687561035
FIRE:  135 14:33:46     -516.180237        0.317553
ase graph time: 0.09772014617919922
FIRE:  136 14:33:46     -516.205627        0.984208
ase graph time: 0.10520744323730469
FIRE:  137 14:33:46     -516.235107        0.175494
ase graph time: 0.09750914573669434
FIRE:  138 14:33:47     -516.236206        0.175737
ase graph time: 0.10521316528320312
FIRE:  139 14:33:47     -516.237793        0.176352
ase graph time: 0.09766864776611328
FIRE:  140 14:33:47     -516.239624        0.177081
ase graph time: 0.1052541732788086
FIRE:  141 14:33:47     -516.241821        0.177717
ase graph time: 0.09769749641418457
FIRE:  142 14:33:47     -516.244751        0.178247
ase graph time: 0.10532236099243164
FIRE:  143 14:33:47     -516.248535        0.178710
ase graph time: 0.09773659706115723
FIRE:  144 14:33:48     -516.252563        0.179270
ase graph time: 0.10519266128540039
FIRE:  145 14:33:48     -516.257385        0.180284
ase graph time: 0.09752011299133301
FIRE:  146 14:33:48     -516.263428        0.182119
ase graph time: 0.1051187515258789
FIRE:  147 14:33:48     -516.271118        0.184953
ase graph time: 0.09767937660217285
FIRE:  148 14:33:48     -516.280151        0.188521
ase graph time: 0.10510540008544922
FIRE:  149 14:33:49     -516.291321        0.191994
ase graph time: 0.09768342971801758
FIRE:  150 14:33:49     -516.305176        0.194997
ase graph time: 0.10515809059143066
FIRE:  151 14:33:49     -516.322083        0.198129
ase graph time: 0.09754681587219238
FIRE:  152 14:33:49     -516.343140        0.201383
ase graph time: 0.10523200035095215
FIRE:  153 14:33:49     -516.369324        0.202840
ase graph time: 0.09766197204589844
FIRE:  154 14:33:49     -516.401611        0.198270
ase graph time: 0.10531926155090332
FIRE:  155 14:33:50     -516.441040        0.191474
ase graph time: 0.09763574600219727
FIRE:  156 14:33:50     -516.486938        0.219639
ase graph time: 0.10518765449523926
FIRE:  157 14:33:50     -516.530823        0.539825
ase graph time: 0.09758734703063965
FIRE:  158 14:33:50     -516.523071        1.227413
ase graph time: 0.10523748397827148
FIRE:  159 14:33:50     -516.608459        0.147688
ase graph time: 0.09790706634521484
FIRE:  160 14:33:51     -516.609375        0.147774
ase graph time: 0.10519981384277344
FIRE:  161 14:33:51     -516.611084        0.147931
ase graph time: 0.09761643409729004
FIRE:  162 14:33:51     -516.613037        0.148121
ase graph time: 0.1051628589630127
FIRE:  163 14:33:51     -516.615479        0.148283
ase graph time: 0.09765744209289551
FIRE:  164 14:33:51     -516.618530        0.148348
ase graph time: 0.10519242286682129
FIRE:  165 14:33:52     -516.622437        0.148260
ase graph time: 0.09763193130493164
FIRE:  166 14:33:52     -516.626831        0.150006
ase graph time: 0.10518145561218262
FIRE:  167 14:33:52     -516.632202        0.155937
ase graph time: 0.09763836860656738
FIRE:  168 14:33:52     -516.638916        0.162197
ase graph time: 0.10519742965698242
FIRE:  169 14:33:52     -516.647461        0.167941
ase graph time: 0.09761905670166016
FIRE:  170 14:33:52     -516.657959        0.172787
ase graph time: 0.10529851913452148
FIRE:  171 14:33:53     -516.670898        0.177246
ase graph time: 0.09778738021850586
FIRE:  172 14:33:53     -516.687195        0.181553
ase graph time: 0.10518932342529297
FIRE:  173 14:33:53     -516.707153        0.182683
ase graph time: 0.09758400917053223
FIRE:  174 14:33:53     -516.732056        0.177018
ase graph time: 0.10522222518920898
FIRE:  175 14:33:53     -516.762451        0.164644
ase graph time: 0.09762907028198242
FIRE:  176 14:33:54     -516.799683        0.145617
ase graph time: 0.10522031784057617
FIRE:  177 14:33:54     -516.844238        0.134736
ase graph time: 0.0976097583770752
FIRE:  178 14:33:54     -516.896423        0.142722
ase graph time: 0.10506296157836914
FIRE:  179 14:33:54     -516.954346        0.200012
ase graph time: 0.09767913818359375
FIRE:  180 14:33:54     -516.999878        0.562796
ase graph time: 0.10506010055541992
FIRE:  181 14:33:54     -516.994812        1.157991
ase graph time: 0.09855175018310547
FIRE:  182 14:33:55     -517.076782        0.238193
ase graph time: 0.10525941848754883
FIRE:  183 14:33:55     -517.079346        0.169012
ase graph time: 0.09762120246887207
FIRE:  184 14:33:55     -517.082825        0.161254
ase graph time: 0.10518026351928711
FIRE:  185 14:33:55     -517.085632        0.161327
ase graph time: 0.09775757789611816
FIRE:  186 14:33:55     -517.088501        0.161285
ase graph time: 0.10554027557373047
FIRE:  187 14:33:56     -517.093079        0.161088
ase graph time: 0.09761857986450195
FIRE:  188 14:33:56     -517.099426        0.160764
ase graph time: 0.10541677474975586
FIRE:  189 14:33:56     -517.106201        0.160415
ase graph time: 0.09774255752563477
FIRE:  190 14:33:56     -517.113281        0.160197
ase graph time: 0.10512399673461914
FIRE:  191 14:33:56     -517.122253        0.160518
ase graph time: 0.09774923324584961
FIRE:  192 14:33:57     -517.134521        0.161459
ase graph time: 0.10534381866455078
FIRE:  193 14:33:57     -517.148438        0.162619
ase graph time: 0.0975801944732666
FIRE:  194 14:33:57     -517.165466        0.162989
ase graph time: 0.10515713691711426
FIRE:  195 14:33:57     -517.187561        0.161949
ase graph time: 0.09769582748413086
FIRE:  196 14:33:57     -517.213562        0.160094
ase graph time: 0.10515403747558594
FIRE:  197 14:33:57     -517.247192        0.163396
ase graph time: 0.09760713577270508
FIRE:  198 14:33:58     -517.288269        0.175194
ase graph time: 0.10523724555969238
FIRE:  199 14:33:58     -517.339111        0.180003
ase graph time: 0.09766817092895508
FIRE:  200 14:33:58     -517.402954        0.201413
ase graph time: 0.10530591011047363
FIRE:  201 14:33:58     -517.481201        0.293383
ase graph time: 0.32570862770080566
FIRE:  202 14:33:59     -517.562500        0.587021
ase graph time: 0.32656335830688477
FIRE:  203 14:33:59     -517.629883        0.995796
ase graph time: 0.331829309463501
FIRE:  204 14:33:59     -517.672363        0.208185
ase graph time: 0.32718801498413086
FIRE:  205 14:34:00     -517.673828        0.207813
ase graph time: 0.332155704498291
FIRE:  206 14:34:00     -517.676697        0.207226
ase graph time: 0.32747316360473633
FIRE:  207 14:34:01     -517.680786        0.206711
ase graph time: 0.3318288326263428
FIRE:  208 14:34:01     -517.686035        0.206589
ase graph time: 0.327498197555542
FIRE:  209 14:34:02     -517.692627        0.207082
ase graph time: 0.3319242000579834
FIRE:  210 14:34:02     -517.700684        0.208184
ase graph time: 0.3267953395843506
FIRE:  211 14:34:02     -517.709961        0.209605
ase graph time: 0.3323996067047119
FIRE:  212 14:34:03     -517.721558        0.210981
ase graph time: 0.3272418975830078
FIRE:  213 14:34:03     -517.736084        0.211435
ase graph time: 0.3317747116088867
FIRE:  214 14:34:04     -517.754272        0.209997
ase graph time: 0.32743215560913086
FIRE:  215 14:34:04     -517.776855        0.206124
ase graph time: 0.33165836334228516
FIRE:  216 14:34:04     -517.804565        0.199804
ase graph time: 0.3272693157196045
FIRE:  217 14:34:05     -517.838745        0.203820
ase graph time: 0.3320190906524658
FIRE:  218 14:34:05     -517.880066        0.209467
ase graph time: 0.32736635208129883
FIRE:  219 14:34:06     -517.929810        0.220258
ase graph time: 0.3321716785430908
FIRE:  220 14:34:06     -517.988525        0.232596
ase graph time: 0.32726120948791504
FIRE:  221 14:34:06     -518.056396        0.241847
ase graph time: 0.33204102516174316
FIRE:  222 14:34:07     -518.134216        0.251499
ase graph time: 0.32682156562805176
FIRE:  223 14:34:07     -518.218872        0.228951
ase graph time: 0.33207273483276367
FIRE:  224 14:34:08     -518.299438        0.255315
ase graph time: 0.32670116424560547
FIRE:  225 14:34:08     -518.368469        0.485882
ase graph time: 0.3321676254272461
FIRE:  226 14:34:09     -518.417480        0.686524
ase graph time: 0.32820558547973633
FIRE:  227 14:34:09     -518.437500        0.141144
ase graph time: 0.3323984146118164
FIRE:  228 14:34:09     -518.438843        0.122390
ase graph time: 0.32774901390075684
FIRE:  229 14:34:10     -518.441223        0.122311
ase graph time: 0.33237242698669434
FIRE:  230 14:34:10     -518.444275        0.122046
ase graph time: 0.32692813873291016
FIRE:  231 14:34:11     -518.447998        0.121399
ase graph time: 0.3321266174316406
FIRE:  232 14:34:11     -518.452637        0.120223
ase graph time: 0.3269345760345459
FIRE:  233 14:34:11     -518.458008        0.118543
ase graph time: 0.3362724781036377
FIRE:  234 14:34:12     -518.463806        0.116542
ase graph time: 0.32726097106933594
FIRE:  235 14:34:12     -518.470520        0.114226
ase graph time: 0.33198118209838867
FIRE:  236 14:34:13     -518.478577        0.111728
ase graph time: 0.327237606048584
FIRE:  237 14:34:13     -518.488159        0.109036
ase graph time: 0.33211302757263184
FIRE:  238 14:34:14     -518.499023        0.105844
ase graph time: 0.32906341552734375
FIRE:  239 14:34:14     -518.511658        0.101489
ase graph time: 0.3319563865661621
FIRE:  240 14:34:14     -518.526245        0.095972
ase graph time: 0.32724547386169434
FIRE:  241 14:34:15     -518.542908        0.092149
ase graph time: 0.3318517208099365
FIRE:  242 14:34:15     -518.561768        0.090839
ase graph time: 0.3269810676574707
FIRE:  243 14:34:16     -518.583496        0.089602
ase graph time: 0.3324589729309082
FIRE:  244 14:34:16     -518.608154        0.091333
ase graph time: 0.3269538879394531
FIRE:  245 14:34:16     -518.635620        0.094101
ase graph time: 0.3316967487335205
FIRE:  246 14:34:17     -518.664429        0.262918
ase graph time: 0.3267557621002197
FIRE:  247 14:34:17     -518.683899        0.658453
ase graph time: 0.3321957588195801
FIRE:  248 14:34:18     -518.700195        0.104546
ase graph time: 0.32710790634155273
FIRE:  249 14:34:18     -518.691772        0.561021
ase graph time: 0.3318817615509033
FIRE:  250 14:34:19     -518.696411        0.435332
ase graph time: 0.32714319229125977
FIRE:  251 14:34:19     -518.701904        0.213826
ase graph time: 0.3323183059692383
FIRE:  252 14:34:19     -518.704102        0.105949
ase graph time: 0.3273768424987793
FIRE:  253 14:34:20     -518.704163        0.105976
ase graph time: 0.3319234848022461
FIRE:  254 14:34:20     -518.704285        0.106029
ase graph time: 0.3269977569580078
FIRE:  255 14:34:21     -518.704468        0.106108
ase graph time: 0.3326277732849121
FIRE:  256 14:34:21     -518.704773        0.106212
ase graph time: 0.3270549774169922
FIRE:  257 14:34:21     -518.705078        0.106342
ase graph time: 0.3317756652832031
FIRE:  258 14:34:22     -518.705444        0.106494
ase graph time: 0.3275606632232666
FIRE:  259 14:34:22     -518.705811        0.106668
ase graph time: 0.3331336975097656
FIRE:  260 14:34:23     -518.706421        0.106886
ase graph time: 0.327392578125
FIRE:  261 14:34:23     -518.707031        0.107152
ase graph time: 0.33226633071899414
FIRE:  262 14:34:23     -518.707886        0.107478
ase graph time: 0.327392578125
FIRE:  263 14:34:24     -518.708862        0.107877
ase graph time: 0.33139801025390625
FIRE:  264 14:34:24     -518.710205        0.108366
ase graph time: 0.3272233009338379
FIRE:  265 14:34:25     -518.711792        0.108974
ase graph time: 0.33184146881103516
FIRE:  266 14:34:25     -518.713684        0.109737
ase graph time: 0.32733154296875
FIRE:  267 14:34:26     -518.716064        0.110701
ase graph time: 0.3324568271636963
FIRE:  268 14:34:26     -518.718994        0.111919
ase graph time: 0.32766079902648926
FIRE:  269 14:34:26     -518.722534        0.113455
ase graph time: 0.33198070526123047
FIRE:  270 14:34:27     -518.726868        0.115356
ase graph time: 0.328937292098999
FIRE:  271 14:34:27     -518.732178        0.117663
ase graph time: 0.3320786952972412
FIRE:  272 14:34:28     -518.738647        0.120469
ase graph time: 0.3271334171295166
FIRE:  273 14:34:28     -518.746582        0.123935
ase graph time: 0.3321709632873535
FIRE:  274 14:34:28     -518.756348        0.128229
ase graph time: 0.32701992988586426
FIRE:  275 14:34:29     -518.768311        0.133410
ase graph time: 0.3354926109313965
FIRE:  276 14:34:29     -518.783142        0.139689
ase graph time: 0.32702136039733887
FIRE:  277 14:34:30     -518.801636        0.148964
ase graph time: 0.33235621452331543
FIRE:  278 14:34:30     -518.824890        0.160292
ase graph time: 0.32741618156433105
FIRE:  279 14:34:31     -518.854553        0.171295
ase graph time: 0.33234167098999023
FIRE:  280 14:34:31     -518.891968        0.183482
ase graph time: 0.3274962902069092
FIRE:  281 14:34:31     -518.935669        0.300744
ase graph time: 0.33246469497680664
FIRE:  282 14:34:32     -518.950195        0.943304
ase graph time: 0.32697486877441406
FIRE:  283 14:34:32     -519.000732        0.209047
ase graph time: 0.33226680755615234
FIRE:  284 14:34:33     -519.001831        0.209439
ase graph time: 0.32697010040283203
FIRE:  285 14:34:33     -519.003479        0.210228
ase graph time: 0.3317553997039795
FIRE:  286 14:34:33     -519.005371        0.211426
ase graph time: 0.3275611400604248
FIRE:  287 14:34:34     -519.007690        0.213011
ase graph time: 0.3318774700164795
FIRE:  288 14:34:34     -519.010742        0.214960
ase graph time: 0.3274996280670166
FIRE:  289 14:34:35     -519.014771        0.217264
ase graph time: 0.331920862197876
FIRE:  290 14:34:35     -519.019348        0.219905
ase graph time: 0.32720327377319336
FIRE:  291 14:34:36     -519.024780        0.223165
ase graph time: 0.3320646286010742
FIRE:  292 14:34:36     -519.031738        0.227004
ase graph time: 0.3271503448486328
FIRE:  293 14:34:36     -519.040771        0.231686
ase graph time: 0.3318021297454834
FIRE:  294 14:34:37     -519.052124        0.236635
ase graph time: 0.3272078037261963
FIRE:  295 14:34:37     -519.066284        0.241265
ase graph time: 0.3323855400085449
FIRE:  296 14:34:38     -519.084656        0.245247
ase graph time: 0.3264930248260498
FIRE:  297 14:34:38     -519.107422        0.246972
ase graph time: 0.3319110870361328
FIRE:  298 14:34:38     -519.136475        0.245928
ase graph time: 0.3276667594909668
FIRE:  299 14:34:39     -519.172485        0.247433
ase graph time: 0.33208608627319336
FIRE:  300 14:34:39     -519.216919        0.251475
ase graph time: 0.32751893997192383
FIRE:  301 14:34:40     -519.270020        0.250822
ase graph time: 0.33161330223083496
FIRE:  302 14:34:40     -519.330933        0.250208
ase graph time: 0.3268871307373047
FIRE:  303 14:34:40     -519.393005        0.254754
ase graph time: 0.33228588104248047
FIRE:  304 14:34:41     -519.421631        0.652923
ase graph time: 0.3270754814147949
FIRE:  305 14:34:41     -519.456787        0.200784
ase graph time: 0.33171892166137695
FIRE:  306 14:34:42     -519.435425        0.587926
ase graph time: 0.3272562026977539
FIRE:  307 14:34:42     -519.447937        0.438377
ase graph time: 0.3353755474090576
FIRE:  308 14:34:43     -519.461487        0.196029
ase graph time: 0.3272731304168701
FIRE:  309 14:34:43     -519.464417        0.195993
ase graph time: 0.3317296504974365
FIRE:  310 14:34:43     -519.464722        0.195877
ase graph time: 0.32730817794799805
FIRE:  311 14:34:44     -519.465210        0.195650
ase graph time: 0.3318963050842285
FIRE:  312 14:34:44     -519.465881        0.195317
ase graph time: 0.32762908935546875
FIRE:  313 14:34:45     -519.466675        0.194889
ase graph time: 0.3315162658691406
FIRE:  314 14:34:45     -519.467468        0.194373
ase graph time: 0.32708263397216797
FIRE:  315 14:34:45     -519.468323        0.193779
ase graph time: 0.3318157196044922
FIRE:  316 14:34:46     -519.469116        0.193113
ase graph time: 0.3268759250640869
FIRE:  317 14:34:46     -519.470154        0.192297
ase graph time: 0.33288002014160156
FIRE:  318 14:34:47     -519.471436        0.191300
ase graph time: 0.3267028331756592
FIRE:  319 14:34:47     -519.473083        0.190070
ase graph time: 0.33191728591918945
FIRE:  320 14:34:48     -519.475220        0.188525
ase graph time: 0.3271803855895996
FIRE:  321 14:34:48     -519.477905        0.186545
ase graph time: 0.3317716121673584
FIRE:  322 14:34:48     -519.480957        0.183958
ase graph time: 0.3269009590148926
FIRE:  323 14:34:49     -519.484375        0.180548
ase graph time: 0.3321418762207031
FIRE:  324 14:34:49     -519.488586        0.176084
ase graph time: 0.3276691436767578
FIRE:  325 14:34:50     -519.493652        0.170320
ase graph time: 0.3315441608428955
FIRE:  326 14:34:50     -519.499512        0.162699
ase graph time: 0.32731032371520996
FIRE:  327 14:34:50     -519.506104        0.152330
ase graph time: 0.33248472213745117
FIRE:  328 14:34:51     -519.513794        0.138585
ase graph time: 0.3267199993133545
FIRE:  329 14:34:51     -519.522217        0.120025
ase graph time: 0.3316304683685303
FIRE:  330 14:34:52     -519.531372        0.095903
ase graph time: 0.32717299461364746
FIRE:  331 14:34:52     -519.540771        0.092717
ase graph time: 0.331986665725708
FIRE:  332 14:34:53     -519.550171        0.087957
ase graph time: 0.3276364803314209
FIRE:  333 14:34:53     -519.558594        0.077086
ase graph time: 0.3319535255432129
FIRE:  334 14:34:53     -519.565552        0.082285
ase graph time: 0.32692575454711914
FIRE:  335 14:34:54     -519.570862        0.085885
ase graph time: 0.3320751190185547
FIRE:  336 14:34:54     -519.574219        0.128019
ase graph time: 0.32660675048828125
FIRE:  337 14:34:55     -519.575684        0.085118
ase graph time: 0.3314642906188965
FIRE:  338 14:34:55     -519.576050        0.079599
ase graph time: 0.3267402648925781
FIRE:  339 14:34:55     -519.576172        0.078816
ase graph time: 0.33205461502075195
FIRE:  340 14:34:56     -519.576599        0.077280
ase graph time: 0.3270704746246338
FIRE:  341 14:34:56     -519.576904        0.075025
ase graph time: 0.3320350646972656
FIRE:  342 14:34:57     -519.577209        0.072093
ase graph time: 0.3271524906158447
FIRE:  343 14:34:57     -519.577454        0.068626
ase graph time: 0.33219194412231445
FIRE:  344 14:34:57     -519.577820        0.064781
ase graph time: 0.32691144943237305
FIRE:  345 14:34:58     -519.578369        0.060660
ase graph time: 0.3316633701324463
FIRE:  346 14:34:58     -519.578979        0.055827
ase graph time: 0.3270411491394043
FIRE:  347 14:34:59     -519.579651        0.050112
ase graph time: 0.33177852630615234
FIRE:  348 14:34:59     -519.580322        0.045680
ase graph time: 0.32736897468566895
FIRE:  349 14:35:00     -519.581177        0.045397
ase graph time: 0.3343956470489502
FIRE:  350 14:35:00     -519.582275        0.045053
ase graph time: 0.328141450881958
FIRE:  351 14:35:00     -519.583313        0.044610
ase graph time: 0.3321070671081543
FIRE:  352 14:35:01     -519.584351        0.044051
ase graph time: 0.327528715133667
FIRE:  353 14:35:01     -519.585693        0.043363
ase graph time: 0.33154821395874023
FIRE:  354 14:35:02     -519.586914        0.042495
ase graph time: 0.3270304203033447
FIRE:  355 14:35:02     -519.588379        0.041473
ase graph time: 0.33200907707214355
FIRE:  356 14:35:02     -519.589844        0.040219
ase graph time: 0.32695460319519043
FIRE:  357 14:35:03     -519.591492        0.038726
ase graph time: 0.3329479694366455
FIRE:  358 14:35:03     -519.593445        0.036991
ase graph time: 0.328035831451416
FIRE:  359 14:35:04     -519.595642        0.034931
ase graph time: 0.3317251205444336
FIRE:  360 14:35:04     -519.598145        0.032524
ase graph time: 0.32697296142578125
FIRE:  361 14:35:05     -519.600525        0.102155
ase graph time: 0.33192873001098633
FIRE:  362 14:35:05     -519.597961        0.328714
ase graph time: 0.32709527015686035
FIRE:  363 14:35:05     -519.604004        0.044253
ase graph time: 0.3319525718688965
FIRE:  364 14:35:06     -519.604065        0.031662
ase graph time: 0.32716941833496094
FIRE:  365 14:35:06     -519.604248        0.026607
ase graph time: 0.3324565887451172
FIRE:  366 14:35:07     -519.604248        0.026545
ase graph time: 0.32730984687805176
FIRE:  367 14:35:07     -519.604309        0.028510
ase graph time: 0.3319563865661621
FIRE:  368 14:35:07     -519.604431        0.031513
ase graph time: 0.32717370986938477
FIRE:  369 14:35:08     -519.604614        0.026293
ase graph time: 0.3319258689880371
FIRE:  370 14:35:08     -519.604736        0.026200
ase graph time: 0.32703065872192383
FIRE:  371 14:35:09     -519.604919        0.026089
ase graph time: 0.3323354721069336
FIRE:  372 14:35:09     -519.605103        0.025956
ase graph time: 0.32732272148132324
FIRE:  373 14:35:10     -519.605347        0.025796
ase graph time: 0.33182501792907715
FIRE:  374 14:35:10     -519.605652        0.025588
ase graph time: 0.3275582790374756
FIRE:  375 14:35:10     -519.605957        0.025308
ase graph time: 0.33191490173339844
FIRE:  376 14:35:11     -519.606384        0.024955
ase graph time: 0.3269071578979492
FIRE:  377 14:35:11     -519.606873        0.024502
ase graph time: 0.3312692642211914
FIRE:  378 14:35:12     -519.607422        0.023977
ase graph time: 0.32671546936035156
FIRE:  379 14:35:12     -519.608032        0.026111
ase graph time: 0.33159828186035156
FIRE:  380 14:35:12     -519.608826        0.022663
ase graph time: 0.3269655704498291
FIRE:  381 14:35:13     -519.609680        0.021737
ase graph time: 0.332017183303833
FIRE:  382 14:35:13     -519.610657        0.020616
ase graph time: 0.32746076583862305
FIRE:  383 14:35:14     -519.611572        0.060499
ase graph time: 0.3318314552307129
FIRE:  384 14:35:14     -519.611328        0.159988
ase graph time: 0.32716822624206543
FIRE:  385 14:35:14     -519.613037        0.018593
energy: -519.613037109375
Relaxation done. Time : 124.53193736076355 s.
