Initiation done. Time : 4.845303535461426 s.
Relaxing /data2_1/haekwan98/sevennet_test/calculator/Li56V8N32/Li56V8N32.cif...
matsci graph time: 0.005313396453857422
      Step     Time          Energy          fmax
FIRE:    0 14:37:41     -508.865021        4.494778
matsci graph time: 0.005466461181640625
FIRE:    1 14:37:41     -509.891205        2.794237
matsci graph time: 0.005295991897583008
FIRE:    2 14:37:43     -510.831726        1.449548
matsci graph time: 0.005402088165283203
FIRE:    3 14:37:44     -511.119171        2.618883
matsci graph time: 0.005289554595947266
FIRE:    4 14:37:46     -511.206238        2.312722
matsci graph time: 0.005674600601196289
FIRE:    5 14:37:46     -511.350586        1.738640
matsci graph time: 0.005511045455932617
FIRE:    6 14:37:46     -511.506042        0.959830
matsci graph time: 0.005339860916137695
FIRE:    7 14:37:46     -511.630432        0.816966
matsci graph time: 0.005282402038574219
FIRE:    8 14:37:46     -511.706726        0.896800
matsci graph time: 0.005339384078979492
FIRE:    9 14:37:46     -511.754944        1.564618
matsci graph time: 0.005262613296508789
FIRE:   10 14:37:46     -511.813049        1.828920
matsci graph time: 0.005515336990356445
FIRE:   11 14:37:46     -511.915833        1.600204
matsci graph time: 0.005261898040771484
FIRE:   12 14:37:46     -512.060730        1.202964
matsci graph time: 0.005341768264770508
FIRE:   13 14:37:47     -512.203674        0.653080
matsci graph time: 0.00528264045715332
FIRE:   14 14:37:47     -512.296509        0.969577
matsci graph time: 0.005325794219970703
FIRE:   15 14:37:47     -512.359131        1.196429
matsci graph time: 0.0052530765533447266
FIRE:   16 14:37:47     -512.456482        0.920065
matsci graph time: 0.005316495895385742
FIRE:   17 14:37:47     -512.586548        0.576766
matsci graph time: 0.005284547805786133
FIRE:   18 14:37:47     -512.681152        0.994625
matsci graph time: 0.0053253173828125
FIRE:   19 14:37:47     -512.761230        0.966830
matsci graph time: 0.0052564144134521484
FIRE:   20 14:37:47     -512.875000        0.768328
matsci graph time: 0.0053250789642333984
FIRE:   21 14:37:47     -512.959229        0.790604
matsci graph time: 0.005259275436401367
FIRE:   22 14:37:47     -513.027527        0.964240
matsci graph time: 0.005568027496337891
FIRE:   23 14:37:47     -513.126709        0.637832
matsci graph time: 0.0052738189697265625
FIRE:   24 14:37:48     -513.197388        0.796137
matsci graph time: 0.00533604621887207
FIRE:   25 14:37:48     -513.317993        0.435423
matsci graph time: 0.005500316619873047
FIRE:   26 14:37:48     -513.402344        0.746911
matsci graph time: 0.0053327083587646484
FIRE:   27 14:37:48     -513.512024        0.359325
matsci graph time: 0.005254507064819336
FIRE:   28 14:37:48     -513.582275        0.754866
matsci graph time: 0.00531315803527832
FIRE:   29 14:37:48     -513.663025        0.366169
matsci graph time: 0.005270719528198242
FIRE:   30 14:37:48     -513.720825        0.511888
matsci graph time: 0.005335569381713867
FIRE:   31 14:37:48     -513.786926        0.450017
matsci graph time: 0.005261898040771484
FIRE:   32 14:37:48     -513.854004        0.407977
matsci graph time: 0.00532221794128418
FIRE:   33 14:37:48     -513.926392        0.543006
matsci graph time: 0.005257606506347656
FIRE:   34 14:37:48     -514.011108        0.546883
matsci graph time: 0.005327939987182617
FIRE:   35 14:37:48     -514.085510        0.691071
matsci graph time: 0.00526118278503418
FIRE:   36 14:37:49     -513.933044        2.310743
matsci graph time: 0.0053288936614990234
FIRE:   37 14:37:49     -514.140015        0.283845
matsci graph time: 0.005263328552246094
FIRE:   38 14:37:49     -514.142761        0.284178
matsci graph time: 0.005333423614501953
FIRE:   39 14:37:49     -514.146973        0.284810
matsci graph time: 0.0052564144134521484
FIRE:   40 14:37:49     -514.151611        0.285641
matsci graph time: 0.005357503890991211
FIRE:   41 14:37:49     -514.156372        0.286485
matsci graph time: 0.005506753921508789
FIRE:   42 14:37:49     -514.162354        0.287126
matsci graph time: 0.00532841682434082
FIRE:   43 14:37:49     -514.170044        0.287420
matsci graph time: 0.005258083343505859
FIRE:   44 14:37:49     -514.179138        0.287317
matsci graph time: 0.005326986312866211
FIRE:   45 14:37:49     -514.189819        0.286810
matsci graph time: 0.0052530765533447266
FIRE:   46 14:37:49     -514.202026        0.286021
matsci graph time: 0.005330324172973633
FIRE:   47 14:37:50     -514.217285        0.285207
matsci graph time: 0.005263566970825195
FIRE:   48 14:37:50     -514.235779        0.284715
matsci graph time: 0.0053272247314453125
FIRE:   49 14:37:50     -514.257690        0.284766
matsci graph time: 0.005254983901977539
FIRE:   50 14:37:50     -514.284424        0.285186
matsci graph time: 0.005331993103027344
FIRE:   51 14:37:50     -514.316162        0.285586
matsci graph time: 0.0052564144134521484
FIRE:   52 14:37:50     -514.355042        0.285640
matsci graph time: 0.005326271057128906
FIRE:   53 14:37:50     -514.401123        0.285165
matsci graph time: 0.005259037017822266
FIRE:   54 14:37:50     -514.456970        0.284155
matsci graph time: 0.005319118499755859
FIRE:   55 14:37:50     -514.523132        0.284349
matsci graph time: 0.005283355712890625
FIRE:   56 14:37:50     -514.600891        0.285617
matsci graph time: 0.005329132080078125
FIRE:   57 14:37:50     -514.681396        0.282082
matsci graph time: 0.0052602291107177734
FIRE:   58 14:37:50     -514.759888        0.321158
matsci graph time: 0.005330801010131836
FIRE:   59 14:37:51     -514.838013        0.380706
matsci graph time: 0.0052602291107177734
FIRE:   60 14:37:51     -514.918579        0.495380
matsci graph time: 0.00531458854675293
FIRE:   61 14:37:51     -515.001465        0.546426
matsci graph time: 0.005254507064819336
FIRE:   62 14:37:51     -515.084229        0.768399
matsci graph time: 0.005324840545654297
FIRE:   63 14:37:51     -515.160339        0.872128
matsci graph time: 0.00525665283203125
FIRE:   64 14:37:51     -515.232178        0.999891
matsci graph time: 0.0053250789642333984
FIRE:   65 14:37:51     -515.145569        1.814479
matsci graph time: 0.005242109298706055
FIRE:   66 14:37:51     -515.269836        0.575923
matsci graph time: 0.005566596984863281
FIRE:   67 14:37:51     -515.225037        1.275293
matsci graph time: 0.005245685577392578
FIRE:   68 14:37:51     -515.246216        1.018935
matsci graph time: 0.0053136348724365234
FIRE:   69 14:37:51     -515.273804        0.573550
matsci graph time: 0.005259037017822266
FIRE:   70 14:37:52     -515.289185        0.256725
matsci graph time: 0.005326032638549805
FIRE:   71 14:37:52     -515.285034        0.426083
matsci graph time: 0.005254983901977539
FIRE:   72 14:37:52     -515.285950        0.406276
matsci graph time: 0.005322933197021484
FIRE:   73 14:37:52     -515.287598        0.367478
matsci graph time: 0.0052490234375
FIRE:   74 14:37:52     -515.289795        0.311333
matsci graph time: 0.005322933197021484
FIRE:   75 14:37:52     -515.292114        0.256997
matsci graph time: 0.005240201950073242
FIRE:   76 14:37:52     -515.294434        0.256941
matsci graph time: 0.005321025848388672
FIRE:   77 14:37:52     -515.296387        0.256895
matsci graph time: 0.005245685577392578
FIRE:   78 14:37:52     -515.297974        0.256861
matsci graph time: 0.005345582962036133
FIRE:   79 14:37:52     -515.299316        0.256833
matsci graph time: 0.005270719528198242
FIRE:   80 14:37:52     -515.300781        0.256804
matsci graph time: 0.005316495895385742
FIRE:   81 14:37:52     -515.302795        0.256756
matsci graph time: 0.005246877670288086
FIRE:   82 14:37:53     -515.305786        0.256668
matsci graph time: 0.005326271057128906
FIRE:   83 14:37:53     -515.310242        0.256523
matsci graph time: 0.005250692367553711
FIRE:   84 14:37:53     -515.315918        0.256307
matsci graph time: 0.005315065383911133
FIRE:   85 14:37:53     -515.322144        0.256007
matsci graph time: 0.0052509307861328125
FIRE:   86 14:37:53     -515.328857        0.255596
matsci graph time: 0.005351543426513672
FIRE:   87 14:37:53     -515.336670        0.255031
matsci graph time: 0.005250215530395508
FIRE:   88 14:37:53     -515.347290        0.254272
matsci graph time: 0.005324363708496094
FIRE:   89 14:37:53     -515.360596        0.253355
matsci graph time: 0.005247354507446289
FIRE:   90 14:37:53     -515.375366        0.252369
matsci graph time: 0.0053446292877197266
FIRE:   91 14:37:53     -515.393311        0.251323
matsci graph time: 0.005248069763183594
FIRE:   92 14:37:53     -515.416260        0.250138
matsci graph time: 0.00532221794128418
FIRE:   93 14:37:54     -515.442444        0.248668
matsci graph time: 0.0052645206451416016
FIRE:   94 14:37:54     -515.475159        0.246573
matsci graph time: 0.005328655242919922
FIRE:   95 14:37:54     -515.513428        0.243748
matsci graph time: 0.0052530765533447266
FIRE:   96 14:37:54     -515.559937        0.240408
matsci graph time: 0.0053157806396484375
FIRE:   97 14:37:54     -515.612549        0.236562
matsci graph time: 0.00524139404296875
FIRE:   98 14:37:54     -515.671265        0.231962
matsci graph time: 0.005313873291015625
FIRE:   99 14:37:54     -515.730835        0.300146
matsci graph time: 0.005246877670288086
FIRE:  100 14:37:54     -515.780029        0.522976
matsci graph time: 0.005318880081176758
FIRE:  101 14:37:54     -515.811096        0.915268
matsci graph time: 0.005236148834228516
FIRE:  102 14:37:54     -515.834717        0.215602
matsci graph time: 0.005316734313964844
FIRE:  103 14:37:54     -515.826294        0.764391
matsci graph time: 0.005242586135864258
FIRE:  104 14:37:54     -515.833374        0.590999
matsci graph time: 0.005314350128173828
FIRE:  105 14:37:55     -515.841858        0.279846
matsci graph time: 0.005246400833129883
FIRE:  106 14:37:55     -515.845520        0.215118
matsci graph time: 0.005311727523803711
FIRE:  107 14:37:55     -515.845703        0.215108
matsci graph time: 0.005244255065917969
FIRE:  108 14:37:55     -515.846069        0.215088
matsci graph time: 0.005318403244018555
FIRE:  109 14:37:55     -515.846619        0.215058
matsci graph time: 0.005269050598144531
FIRE:  110 14:37:55     -515.847290        0.215019
matsci graph time: 0.005324602127075195
FIRE:  111 14:37:55     -515.848145        0.214970
matsci graph time: 0.005243539810180664
FIRE:  112 14:37:55     -515.849060        0.214912
matsci graph time: 0.005317211151123047
FIRE:  113 14:37:55     -515.850098        0.214844
matsci graph time: 0.005263328552246094
FIRE:  114 14:37:55     -515.851379        0.214757
matsci graph time: 0.00531458854675293
FIRE:  115 14:37:55     -515.852966        0.214644
matsci graph time: 0.00523686408996582
FIRE:  116 14:37:56     -515.854980        0.214499
matsci graph time: 0.0054931640625
FIRE:  117 14:37:56     -515.857483        0.214310
matsci graph time: 0.005253314971923828
FIRE:  118 14:37:56     -515.860474        0.214065
matsci graph time: 0.005323171615600586
FIRE:  119 14:37:56     -515.864075        0.213748
matsci graph time: 0.00523686408996582
FIRE:  120 14:37:56     -515.868286        0.213336
matsci graph time: 0.005318880081176758
FIRE:  121 14:37:56     -515.873291        0.212809
matsci graph time: 0.005240201950073242
FIRE:  122 14:37:56     -515.879333        0.212148
matsci graph time: 0.005315542221069336
FIRE:  123 14:37:56     -515.886414        0.211339
matsci graph time: 0.0052471160888671875
FIRE:  124 14:37:56     -515.894836        0.210379
matsci graph time: 0.0053253173828125
FIRE:  125 14:37:56     -515.904785        0.209260
matsci graph time: 0.005276679992675781
FIRE:  126 14:37:56     -515.916626        0.207941
matsci graph time: 0.005311250686645508
FIRE:  127 14:37:56     -515.930786        0.206345
matsci graph time: 0.00523686408996582
FIRE:  128 14:37:57     -515.947876        0.204392
matsci graph time: 0.005313873291015625
FIRE:  129 14:37:57     -515.968140        0.202122
matsci graph time: 0.005247831344604492
FIRE:  130 14:37:57     -515.992310        0.199640
matsci graph time: 0.005311250686645508
FIRE:  131 14:37:57     -516.020752        0.196829
matsci graph time: 0.005247831344604492
FIRE:  132 14:37:57     -516.053467        0.193719
matsci graph time: 0.005311250686645508
FIRE:  133 14:37:57     -516.090576        0.190185
matsci graph time: 0.005239963531494141
FIRE:  134 14:37:57     -516.132751        0.186145
matsci graph time: 0.005316495895385742
FIRE:  135 14:37:57     -516.180237        0.317315
matsci graph time: 0.005491733551025391
FIRE:  136 14:37:57     -516.205627        0.984030
matsci graph time: 0.0055501461029052734
FIRE:  137 14:37:57     -516.235107        0.175497
matsci graph time: 0.005483150482177734
FIRE:  138 14:37:57     -516.236145        0.175726
matsci graph time: 0.0053136348724365234
FIRE:  139 14:37:58     -516.237793        0.176340
matsci graph time: 0.005244731903076172
FIRE:  140 14:37:58     -516.239624        0.177071
matsci graph time: 0.005324602127075195
FIRE:  141 14:37:58     -516.241760        0.177706
matsci graph time: 0.005235910415649414
FIRE:  142 14:37:58     -516.244751        0.178236
matsci graph time: 0.005307435989379883
FIRE:  143 14:37:58     -516.248413        0.178700
matsci graph time: 0.005244255065917969
FIRE:  144 14:37:58     -516.252563        0.179261
matsci graph time: 0.005326747894287109
FIRE:  145 14:37:58     -516.257385        0.180276
matsci graph time: 0.0054781436920166016
FIRE:  146 14:37:58     -516.263428        0.182112
matsci graph time: 0.005317211151123047
FIRE:  147 14:37:58     -516.270996        0.184946
matsci graph time: 0.005242586135864258
FIRE:  148 14:37:58     -516.280090        0.188513
matsci graph time: 0.005307674407958984
FIRE:  149 14:37:58     -516.291260        0.191987
matsci graph time: 0.0052416324615478516
FIRE:  150 14:37:58     -516.305176        0.194991
matsci graph time: 0.005309104919433594
FIRE:  151 14:37:59     -516.322083        0.198129
matsci graph time: 0.005240440368652344
FIRE:  152 14:37:59     -516.343140        0.201380
matsci graph time: 0.0053141117095947266
FIRE:  153 14:37:59     -516.369324        0.202839
matsci graph time: 0.0052487850189208984
FIRE:  154 14:37:59     -516.401611        0.198275
matsci graph time: 0.005303382873535156
FIRE:  155 14:37:59     -516.440979        0.191477
matsci graph time: 0.005245208740234375
FIRE:  156 14:37:59     -516.486938        0.219953
matsci graph time: 0.0053446292877197266
FIRE:  157 14:37:59     -516.530762        0.540409
matsci graph time: 0.0052373409271240234
FIRE:  158 14:37:59     -516.522949        1.228429
matsci graph time: 0.0053136348724365234
FIRE:  159 14:37:59     -516.608398        0.147691
matsci graph time: 0.0052509307861328125
FIRE:  160 14:37:59     -516.609375        0.147777
matsci graph time: 0.005309104919433594
FIRE:  161 14:37:59     -516.610962        0.147934
matsci graph time: 0.0052454471588134766
FIRE:  162 14:38:00     -516.613037        0.148125
matsci graph time: 0.005311012268066406
FIRE:  163 14:38:00     -516.615356        0.148287
matsci graph time: 0.005245685577392578
FIRE:  164 14:38:00     -516.618469        0.148351
matsci graph time: 0.005341529846191406
FIRE:  165 14:38:00     -516.622375        0.148264
matsci graph time: 0.00523829460144043
FIRE:  166 14:38:00     -516.626831        0.150005
matsci graph time: 0.005313396453857422
FIRE:  167 14:38:00     -516.632202        0.155937
matsci graph time: 0.005244255065917969
FIRE:  168 14:38:00     -516.638855        0.162198
matsci graph time: 0.005323886871337891
FIRE:  169 14:38:00     -516.647400        0.167943
matsci graph time: 0.005238056182861328
FIRE:  170 14:38:00     -516.657959        0.172791
matsci graph time: 0.0053141117095947266
FIRE:  171 14:38:00     -516.670837        0.177250
matsci graph time: 0.0052492618560791016
FIRE:  172 14:38:00     -516.687134        0.181561
matsci graph time: 0.005337715148925781
FIRE:  173 14:38:01     -516.707153        0.182697
matsci graph time: 0.005241870880126953
FIRE:  174 14:38:01     -516.732056        0.177034
matsci graph time: 0.005316734313964844
FIRE:  175 14:38:01     -516.762451        0.164664
matsci graph time: 0.005255699157714844
FIRE:  176 14:38:01     -516.799561        0.145643
matsci graph time: 0.005312681198120117
FIRE:  177 14:38:01     -516.844238        0.134728
matsci graph time: 0.005239725112915039
FIRE:  178 14:38:01     -516.896362        0.142715
matsci graph time: 0.005323648452758789
FIRE:  179 14:38:01     -516.954285        0.199784
matsci graph time: 0.0052373409271240234
FIRE:  180 14:38:01     -516.999878        0.562337
matsci graph time: 0.005303382873535156
FIRE:  181 14:38:01     -516.994812        1.157361
matsci graph time: 0.005238771438598633
FIRE:  182 14:38:01     -517.076721        0.238049
matsci graph time: 0.00531458854675293
FIRE:  183 14:38:01     -517.079346        0.168902
matsci graph time: 0.005237102508544922
FIRE:  184 14:38:01     -517.082764        0.161261
matsci graph time: 0.005300045013427734
FIRE:  185 14:38:02     -517.085632        0.161334
matsci graph time: 0.00524592399597168
FIRE:  186 14:38:02     -517.088501        0.161291
matsci graph time: 0.005328178405761719
FIRE:  187 14:38:02     -517.093018        0.161094
matsci graph time: 0.0052416324615478516
FIRE:  188 14:38:02     -517.099426        0.160769
matsci graph time: 0.00531315803527832
FIRE:  189 14:38:02     -517.106201        0.160421
matsci graph time: 0.005248546600341797
FIRE:  190 14:38:02     -517.113220        0.160203
matsci graph time: 0.005496978759765625
FIRE:  191 14:38:02     -517.122192        0.160523
matsci graph time: 0.00523686408996582
FIRE:  192 14:38:02     -517.134460        0.161462
matsci graph time: 0.005311727523803711
FIRE:  193 14:38:02     -517.148376        0.162622
matsci graph time: 0.005240917205810547
FIRE:  194 14:38:02     -517.165405        0.162992
matsci graph time: 0.0053060054779052734
FIRE:  195 14:38:02     -517.187500        0.161954
matsci graph time: 0.005247354507446289
FIRE:  196 14:38:03     -517.213501        0.160100
matsci graph time: 0.005333900451660156
FIRE:  197 14:38:03     -517.247131        0.163392
matsci graph time: 0.005243062973022461
FIRE:  198 14:38:03     -517.288208        0.175186
matsci graph time: 0.005312919616699219
FIRE:  199 14:38:03     -517.339111        0.180000
matsci graph time: 0.005239963531494141
FIRE:  200 14:38:03     -517.402954        0.201411
matsci graph time: 0.005304574966430664
FIRE:  201 14:38:03     -517.481140        0.293457
matsci graph time: 0.009915590286254883
FIRE:  202 14:38:03     -517.562439        0.587153
matsci graph time: 0.01006627082824707
FIRE:  203 14:38:03     -517.629761        0.995914
matsci graph time: 0.010176658630371094
FIRE:  204 14:38:03     -517.672241        0.208189
matsci graph time: 0.010073661804199219
FIRE:  205 14:38:03     -517.673767        0.207817
matsci graph time: 0.009963750839233398
FIRE:  206 14:38:03     -517.676636        0.207230
matsci graph time: 0.010065555572509766
FIRE:  207 14:38:04     -517.680664        0.206714
matsci graph time: 0.009922504425048828
FIRE:  208 14:38:04     -517.686035        0.206593
matsci graph time: 0.010066032409667969
FIRE:  209 14:38:04     -517.692627        0.207086
matsci graph time: 0.009923696517944336
FIRE:  210 14:38:04     -517.700623        0.208189
matsci graph time: 0.010312557220458984
FIRE:  211 14:38:04     -517.709900        0.209609
matsci graph time: 0.010172605514526367
FIRE:  212 14:38:04     -517.721497        0.210986
matsci graph time: 0.010086297988891602
FIRE:  213 14:38:04     -517.736023        0.211442
matsci graph time: 0.009917974472045898
FIRE:  214 14:38:04     -517.754272        0.210004
matsci graph time: 0.010073661804199219
FIRE:  215 14:38:04     -517.776794        0.206132
matsci graph time: 0.009918451309204102
FIRE:  216 14:38:04     -517.804565        0.199796
matsci graph time: 0.010070085525512695
FIRE:  217 14:38:04     -517.838684        0.203811
matsci graph time: 0.00990915298461914
FIRE:  218 14:38:05     -517.880005        0.209458
matsci graph time: 0.010117769241333008
FIRE:  219 14:38:05     -517.929810        0.220249
matsci graph time: 0.009907960891723633
FIRE:  220 14:38:05     -517.988464        0.232589
matsci graph time: 0.010071754455566406
FIRE:  221 14:38:05     -518.056396        0.241841
matsci graph time: 0.00990605354309082
FIRE:  222 14:38:05     -518.134155        0.251501
matsci graph time: 0.01006174087524414
FIRE:  223 14:38:05     -518.218872        0.228965
matsci graph time: 0.009903430938720703
FIRE:  224 14:38:05     -518.299438        0.255293
matsci graph time: 0.010053873062133789
FIRE:  225 14:38:05     -518.368408        0.485814
matsci graph time: 0.009906291961669922
FIRE:  226 14:38:05     -518.417419        0.686401
matsci graph time: 0.01032567024230957
FIRE:  227 14:38:05     -518.437500        0.141129
matsci graph time: 0.009914159774780273
FIRE:  228 14:38:05     -518.438843        0.122388
matsci graph time: 0.010080337524414062
FIRE:  229 14:38:06     -518.441223        0.122310
matsci graph time: 0.009905338287353516
FIRE:  230 14:38:06     -518.444214        0.122047
matsci graph time: 0.010101795196533203
FIRE:  231 14:38:06     -518.447998        0.121400
matsci graph time: 0.009909629821777344
FIRE:  232 14:38:06     -518.452576        0.120224
matsci graph time: 0.010071516036987305
FIRE:  233 14:38:06     -518.457947        0.118543
matsci graph time: 0.009907722473144531
FIRE:  234 14:38:06     -518.463806        0.116543
matsci graph time: 0.010335206985473633
FIRE:  235 14:38:06     -518.470520        0.114226
matsci graph time: 0.010166645050048828
FIRE:  236 14:38:06     -518.478577        0.111730
matsci graph time: 0.01007223129272461
FIRE:  237 14:38:06     -518.488098        0.109038
matsci graph time: 0.009908437728881836
FIRE:  238 14:38:06     -518.498962        0.105846
matsci graph time: 0.010074377059936523
FIRE:  239 14:38:06     -518.511658        0.101492
matsci graph time: 0.009908914566040039
FIRE:  240 14:38:07     -518.526245        0.095977
matsci graph time: 0.0100860595703125
FIRE:  241 14:38:07     -518.542847        0.092151
matsci graph time: 0.009902238845825195
FIRE:  242 14:38:07     -518.561768        0.090840
matsci graph time: 0.01003575325012207
FIRE:  243 14:38:07     -518.583496        0.089604
matsci graph time: 0.009940385818481445
FIRE:  244 14:38:07     -518.608093        0.091332
matsci graph time: 0.010066747665405273
FIRE:  245 14:38:07     -518.635620        0.094100
matsci graph time: 0.009902238845825195
FIRE:  246 14:38:07     -518.664429        0.262865
matsci graph time: 0.010066509246826172
FIRE:  247 14:38:07     -518.683838        0.658389
matsci graph time: 0.009908199310302734
FIRE:  248 14:38:07     -518.700195        0.104544
matsci graph time: 0.010069608688354492
FIRE:  249 14:38:07     -518.691772        0.560964
matsci graph time: 0.01018071174621582
FIRE:  250 14:38:07     -518.696350        0.435288
matsci graph time: 0.01009821891784668
FIRE:  251 14:38:08     -518.701904        0.213798
matsci graph time: 0.00991201400756836
FIRE:  252 14:38:08     -518.704102        0.105946
matsci graph time: 0.010071039199829102
FIRE:  253 14:38:08     -518.704163        0.105973
matsci graph time: 0.009908914566040039
FIRE:  254 14:38:08     -518.704285        0.106026
matsci graph time: 0.010300397872924805
FIRE:  255 14:38:08     -518.704468        0.106106
matsci graph time: 0.00993800163269043
FIRE:  256 14:38:08     -518.704773        0.106210
matsci graph time: 0.010050773620605469
FIRE:  257 14:38:08     -518.705078        0.106339
matsci graph time: 0.00991678237915039
FIRE:  258 14:38:08     -518.705444        0.106492
matsci graph time: 0.01007533073425293
FIRE:  259 14:38:08     -518.705811        0.106666
matsci graph time: 0.009923219680786133
FIRE:  260 14:38:08     -518.706421        0.106883
matsci graph time: 0.010069847106933594
FIRE:  261 14:38:08     -518.707031        0.107150
matsci graph time: 0.009902000427246094
FIRE:  262 14:38:09     -518.707886        0.107475
matsci graph time: 0.010062932968139648
FIRE:  263 14:38:09     -518.708862        0.107874
matsci graph time: 0.009916305541992188
FIRE:  264 14:38:09     -518.710205        0.108363
matsci graph time: 0.01006174087524414
FIRE:  265 14:38:09     -518.711792        0.108970
matsci graph time: 0.009911537170410156
FIRE:  266 14:38:09     -518.713684        0.109733
matsci graph time: 0.010071516036987305
FIRE:  267 14:38:09     -518.716064        0.110698
matsci graph time: 0.010181903839111328
FIRE:  268 14:38:09     -518.718933        0.111915
matsci graph time: 0.010068178176879883
FIRE:  269 14:38:09     -518.722534        0.113451
matsci graph time: 0.009914636611938477
FIRE:  270 14:38:09     -518.726868        0.115351
matsci graph time: 0.010058164596557617
FIRE:  271 14:38:09     -518.732178        0.117659
matsci graph time: 0.009919166564941406
FIRE:  272 14:38:09     -518.738647        0.120464
matsci graph time: 0.010061025619506836
FIRE:  273 14:38:10     -518.746582        0.123929
matsci graph time: 0.00990605354309082
FIRE:  274 14:38:10     -518.756348        0.128223
matsci graph time: 0.01005864143371582
FIRE:  275 14:38:10     -518.768311        0.133404
matsci graph time: 0.009906291961669922
FIRE:  276 14:38:10     -518.783142        0.139681
matsci graph time: 0.010320901870727539
FIRE:  277 14:38:10     -518.801575        0.148954
matsci graph time: 0.009911537170410156
FIRE:  278 14:38:10     -518.824951        0.160284
matsci graph time: 0.01006317138671875
FIRE:  279 14:38:10     -518.854492        0.171288
matsci graph time: 0.009942054748535156
FIRE:  280 14:38:10     -518.891968        0.183474
matsci graph time: 0.010064125061035156
FIRE:  281 14:38:10     -518.935669        0.300860
matsci graph time: 0.009897232055664062
FIRE:  282 14:38:10     -518.950073        0.943913
matsci graph time: 0.010065555572509766
FIRE:  283 14:38:11     -519.000671        0.209040
matsci graph time: 0.010155200958251953
FIRE:  284 14:38:11     -519.001709        0.209431
matsci graph time: 0.010077714920043945
FIRE:  285 14:38:11     -519.003479        0.210221
matsci graph time: 0.01015782356262207
FIRE:  286 14:38:11     -519.005371        0.211418
matsci graph time: 0.01008462905883789
FIRE:  287 14:38:11     -519.007690        0.213004
matsci graph time: 0.009905576705932617
FIRE:  288 14:38:11     -519.010742        0.214953
matsci graph time: 0.01008296012878418
FIRE:  289 14:38:11     -519.014771        0.217256
matsci graph time: 0.009917020797729492
FIRE:  290 14:38:11     -519.019348        0.219897
matsci graph time: 0.010074138641357422
FIRE:  291 14:38:11     -519.024780        0.223157
matsci graph time: 0.010184526443481445
FIRE:  292 14:38:11     -519.031616        0.226996
matsci graph time: 0.010082721710205078
FIRE:  293 14:38:11     -519.040771        0.231677
matsci graph time: 0.009916543960571289
FIRE:  294 14:38:12     -519.052124        0.236627
matsci graph time: 0.010091781616210938
FIRE:  295 14:38:12     -519.066284        0.241259
matsci graph time: 0.009917974472045898
FIRE:  296 14:38:12     -519.084595        0.245244
matsci graph time: 0.01006627082824707
FIRE:  297 14:38:12     -519.107361        0.246974
matsci graph time: 0.009914636611938477
FIRE:  298 14:38:12     -519.136414        0.245931
matsci graph time: 0.010329723358154297
FIRE:  299 14:38:12     -519.172485        0.247427
matsci graph time: 0.009910821914672852
FIRE:  300 14:38:12     -519.216919        0.251474
matsci graph time: 0.010063648223876953
FIRE:  301 14:38:12     -519.269958        0.250820
matsci graph time: 0.009900093078613281
FIRE:  302 14:38:12     -519.330872        0.250208
matsci graph time: 0.010059833526611328
FIRE:  303 14:38:12     -519.392944        0.254596
matsci graph time: 0.009915351867675781
FIRE:  304 14:38:12     -519.421631        0.652674
matsci graph time: 0.010086774826049805
FIRE:  305 14:38:13     -519.456787        0.200817
matsci graph time: 0.009934663772583008
FIRE:  306 14:38:13     -519.435425        0.587698
matsci graph time: 0.01007080078125
FIRE:  307 14:38:13     -519.447876        0.438201
matsci graph time: 0.009940147399902344
FIRE:  308 14:38:13     -519.461487        0.196065
matsci graph time: 0.010065317153930664
FIRE:  309 14:38:13     -519.464417        0.196031
matsci graph time: 0.009907245635986328
FIRE:  310 14:38:13     -519.464661        0.195914
matsci graph time: 0.010072469711303711
FIRE:  311 14:38:13     -519.465149        0.195686
matsci graph time: 0.009910821914672852
FIRE:  312 14:38:13     -519.465820        0.195354
matsci graph time: 0.010091543197631836
FIRE:  313 14:38:13     -519.466675        0.194926
matsci graph time: 0.009912967681884766
FIRE:  314 14:38:13     -519.467407        0.194411
matsci graph time: 0.010066747665405273
FIRE:  315 14:38:13     -519.468262        0.193817
matsci graph time: 0.009905099868774414
FIRE:  316 14:38:14     -519.469116        0.193151
matsci graph time: 0.010365962982177734
FIRE:  317 14:38:14     -519.470093        0.192335
matsci graph time: 0.009933948516845703
FIRE:  318 14:38:14     -519.471375        0.191339
matsci graph time: 0.010066747665405273
FIRE:  319 14:38:14     -519.473022        0.190109
matsci graph time: 0.009906530380249023
FIRE:  320 14:38:14     -519.475220        0.188564
matsci graph time: 0.010069608688354492
FIRE:  321 14:38:14     -519.477905        0.186585
matsci graph time: 0.009920835494995117
FIRE:  322 14:38:14     -519.480896        0.183999
matsci graph time: 0.010063886642456055
FIRE:  323 14:38:14     -519.484375        0.180591
matsci graph time: 0.009923696517944336
FIRE:  324 14:38:14     -519.488525        0.176127
matsci graph time: 0.010066747665405273
FIRE:  325 14:38:14     -519.493652        0.170363
matsci graph time: 0.009920597076416016
FIRE:  326 14:38:14     -519.499512        0.162743
matsci graph time: 0.010058164596557617
FIRE:  327 14:38:15     -519.506104        0.152373
matsci graph time: 0.00991511344909668
FIRE:  328 14:38:15     -519.513794        0.138628
matsci graph time: 0.010077953338623047
FIRE:  329 14:38:15     -519.522217        0.120067
matsci graph time: 0.009926080703735352
FIRE:  330 14:38:15     -519.531311        0.095943
matsci graph time: 0.010064125061035156
FIRE:  331 14:38:15     -519.540771        0.092727
matsci graph time: 0.009911775588989258
FIRE:  332 14:38:15     -519.550171        0.087966
matsci graph time: 0.010056495666503906
FIRE:  333 14:38:15     -519.558594        0.077092
matsci graph time: 0.009918928146362305
FIRE:  334 14:38:15     -519.565552        0.082299
matsci graph time: 0.010060548782348633
FIRE:  335 14:38:15     -519.570801        0.085918
matsci graph time: 0.009922266006469727
FIRE:  336 14:38:15     -519.574158        0.128058
matsci graph time: 0.010069847106933594
FIRE:  337 14:38:15     -519.575623        0.085161
matsci graph time: 0.009907722473144531
FIRE:  338 14:38:16     -519.575989        0.079637
matsci graph time: 0.01007223129272461
FIRE:  339 14:38:16     -519.576172        0.078854
matsci graph time: 0.009923696517944336
FIRE:  340 14:38:16     -519.576599        0.077319
matsci graph time: 0.010315656661987305
FIRE:  341 14:38:16     -519.576904        0.075062
matsci graph time: 0.009932756423950195
FIRE:  342 14:38:16     -519.577148        0.072128
matsci graph time: 0.010057210922241211
FIRE:  343 14:38:16     -519.577393        0.068658
matsci graph time: 0.009918928146362305
FIRE:  344 14:38:16     -519.577820        0.064810
matsci graph time: 0.010060548782348633
FIRE:  345 14:38:16     -519.578369        0.060687
matsci graph time: 0.009914159774780273
FIRE:  346 14:38:16     -519.578979        0.055852
matsci graph time: 0.010063409805297852
FIRE:  347 14:38:16     -519.579651        0.050133
matsci graph time: 0.009906291961669922
FIRE:  348 14:38:16     -519.580322        0.045682
matsci graph time: 0.010071277618408203
FIRE:  349 14:38:17     -519.581177        0.045398
matsci graph time: 0.009917974472045898
FIRE:  350 14:38:17     -519.582275        0.045055
matsci graph time: 0.010060310363769531
FIRE:  351 14:38:17     -519.583252        0.044611
matsci graph time: 0.00990152359008789
FIRE:  352 14:38:17     -519.584351        0.044052
matsci graph time: 0.01007223129272461
FIRE:  353 14:38:17     -519.585693        0.043364
matsci graph time: 0.009919166564941406
FIRE:  354 14:38:17     -519.586914        0.042496
matsci graph time: 0.010096549987792969
FIRE:  355 14:38:17     -519.588379        0.041474
matsci graph time: 0.009904623031616211
FIRE:  356 14:38:17     -519.589844        0.040220
matsci graph time: 0.010062932968139648
FIRE:  357 14:38:17     -519.591492        0.038727
matsci graph time: 0.009917259216308594
FIRE:  358 14:38:17     -519.593445        0.036992
matsci graph time: 0.010071992874145508
FIRE:  359 14:38:17     -519.595581        0.034932
matsci graph time: 0.010185956954956055
FIRE:  360 14:38:18     -519.598145        0.032526
matsci graph time: 0.010057449340820312
FIRE:  361 14:38:18     -519.600525        0.102446
matsci graph time: 0.009914159774780273
FIRE:  362 14:38:18     -519.597900        0.329287
matsci graph time: 0.010060548782348633
FIRE:  363 14:38:18     -519.604004        0.044412
matsci graph time: 0.009913206100463867
FIRE:  364 14:38:18     -519.604065        0.031792
matsci graph time: 0.010060548782348633
FIRE:  365 14:38:18     -519.604248        0.026610
matsci graph time: 0.009907245635986328
FIRE:  366 14:38:18     -519.604309        0.026548
matsci graph time: 0.010095357894897461
FIRE:  367 14:38:18     -519.604309        0.028619
matsci graph time: 0.010108709335327148
FIRE:  368 14:38:18     -519.604370        0.031632
matsci graph time: 0.010067462921142578
FIRE:  369 14:38:18     -519.604614        0.026294
matsci graph time: 0.009917259216308594
FIRE:  370 14:38:19     -519.604736        0.026202
matsci graph time: 0.010092020034790039
FIRE:  371 14:38:19     -519.604858        0.026091
matsci graph time: 0.009912252426147461
FIRE:  372 14:38:19     -519.605103        0.025958
matsci graph time: 0.010059118270874023
FIRE:  373 14:38:19     -519.605347        0.025798
matsci graph time: 0.009914398193359375
FIRE:  374 14:38:19     -519.605652        0.025590
matsci graph time: 0.010064125061035156
FIRE:  375 14:38:19     -519.605957        0.025311
matsci graph time: 0.009928703308105469
FIRE:  376 14:38:19     -519.606445        0.024957
matsci graph time: 0.01006007194519043
FIRE:  377 14:38:19     -519.606873        0.024504
matsci graph time: 0.009924650192260742
FIRE:  378 14:38:19     -519.607422        0.023980
matsci graph time: 0.010059595108032227
FIRE:  379 14:38:19     -519.608032        0.026221
matsci graph time: 0.009925365447998047
FIRE:  380 14:38:19     -519.608765        0.022667
matsci graph time: 0.010071516036987305
FIRE:  381 14:38:20     -519.609680        0.021741
matsci graph time: 0.00991368293762207
FIRE:  382 14:38:20     -519.610657        0.020619
matsci graph time: 0.010090827941894531
FIRE:  383 14:38:20     -519.611572        0.061576
matsci graph time: 0.010157346725463867
FIRE:  384 14:38:20     -519.611267        0.161543
matsci graph time: 0.010073184967041016
FIRE:  385 14:38:20     -519.613037        0.018597
energy: -519.613037109375
Relaxation done. Time : 45.263256788253784 s.
