Initiation done. Time : 5.495821952819824 s.
Relaxing /data2_1/haekwan98/sevennet_test/calculator/Li20Ge2P4S24/Li20Ge2P4S24.cif...
ase graph time: 0.03085160255432129
      Step     Time          Energy          fmax
FIRE:    0 14:44:51     -189.238724        5.158069
ase graph time: 0.032990217208862305
FIRE:    1 14:44:52     -190.977676        3.802316
ase graph time: 0.03297615051269531
FIRE:    2 14:44:54     -192.868500        3.170702
ase graph time: 0.030147314071655273
FIRE:    3 14:44:55     -194.340881        3.090337
ase graph time: 0.030391693115234375
FIRE:    4 14:44:57     -195.517349        2.507365
ase graph time: 0.030244112014770508
FIRE:    5 14:44:57     -196.422272        1.666340
ase graph time: 0.029631614685058594
FIRE:    6 14:44:57     -197.069153        1.764392
ase graph time: 0.029835224151611328
FIRE:    7 14:44:57     -197.605484        3.047096
ase graph time: 0.031524658203125
FIRE:    8 14:44:57     -198.226593        3.042349
ase graph time: 0.02979731559753418
FIRE:    9 14:44:57     -198.770401        1.660382
ase graph time: 0.029494285583496094
FIRE:   10 14:44:57     -199.044830        3.932844
ase graph time: 0.029488325119018555
FIRE:   11 14:44:57     -199.370346        4.001335
ase graph time: 0.029535770416259766
FIRE:   12 14:44:57     -199.844360        1.673258
ase graph time: 0.029485702514648438
FIRE:   13 14:44:58     -200.241669        1.824443
ase graph time: 0.029493331909179688
FIRE:   14 14:44:58     -200.658234        2.012076
ase graph time: 0.029478073120117188
FIRE:   15 14:44:58     -201.150238        2.100438
ase graph time: 0.031018495559692383
FIRE:   16 14:44:58     -201.626709        1.679216
ase graph time: 0.031020641326904297
FIRE:   17 14:44:58     -201.992065        0.934911
ase graph time: 0.030922651290893555
FIRE:   18 14:44:58     -202.230621        1.750849
ase graph time: 0.030937910079956055
FIRE:   19 14:44:58     -202.514999        2.305343
ase graph time: 0.03110337257385254
FIRE:   20 14:44:58     -202.917343        1.122933
ase graph time: 0.031188011169433594
FIRE:   21 14:44:58     -203.259796        1.034685
ase graph time: 0.03277850151062012
FIRE:   22 14:44:59     -203.548309        1.244716
ase graph time: 0.0327916145324707
FIRE:   23 14:44:59     -203.830170        1.258633
ase graph time: 0.03261685371398926
FIRE:   24 14:44:59     -204.109573        0.863681
ase graph time: 0.030997514724731445
FIRE:   25 14:44:59     -204.375931        0.693050
ase graph time: 0.030965089797973633
FIRE:   26 14:44:59     -204.627319        1.070279
ase graph time: 0.03096461296081543
FIRE:   27 14:44:59     -204.880402        0.901619
ase graph time: 0.03093409538269043
FIRE:   28 14:44:59     -205.115479        0.600242
ase graph time: 0.03098773956298828
FIRE:   29 14:44:59     -205.333374        0.792112
ase graph time: 0.03096795082092285
FIRE:   30 14:44:59     -205.557800        0.691452
ase graph time: 0.03128647804260254
FIRE:   31 14:45:00     -205.772339        0.561984
ase graph time: 0.030986309051513672
FIRE:   32 14:45:00     -205.958496        0.546179
ase graph time: 0.030969858169555664
FIRE:   33 14:45:00     -206.128693        0.527081
ase graph time: 0.030928850173950195
FIRE:   34 14:45:00     -206.295349        0.490083
ase graph time: 0.031193017959594727
FIRE:   35 14:45:00     -206.453735        0.460441
ase graph time: 0.03093409538269043
FIRE:   36 14:45:00     -206.597809        0.495821
ase graph time: 0.030950307846069336
FIRE:   37 14:45:00     -206.737000        0.454774
ase graph time: 0.031003236770629883
FIRE:   38 14:45:00     -206.878235        0.408526
ase graph time: 0.031270742416381836
FIRE:   39 14:45:00     -207.011093        0.396335
ase graph time: 0.03125929832458496
FIRE:   40 14:45:01     -207.131577        0.386578
ase graph time: 0.030979156494140625
FIRE:   41 14:45:01     -207.251129        0.364468
ase graph time: 0.030997037887573242
FIRE:   42 14:45:01     -207.372467        0.344262
ase graph time: 0.030945301055908203
FIRE:   43 14:45:01     -207.489349        0.391173
ase graph time: 0.031018972396850586
FIRE:   44 14:45:01     -207.604126        0.431475
ase graph time: 0.030916929244995117
FIRE:   45 14:45:01     -207.724777        0.556476
ase graph time: 0.02791881561279297
FIRE:   46 14:45:01     -207.856216        0.644118
ase graph time: 0.029453754425048828
FIRE:   47 14:45:01     -207.998718        0.649489
ase graph time: 0.029468059539794922
FIRE:   48 14:45:01     -208.148499        0.573549
ase graph time: 0.029485702514648438
FIRE:   49 14:45:02     -208.290771        0.406096
ase graph time: 0.027942419052124023
FIRE:   50 14:45:02     -208.405151        0.818786
ase graph time: 0.027975082397460938
FIRE:   51 14:45:02     -208.497925        1.209270
ase graph time: 0.027912616729736328
FIRE:   52 14:45:02     -208.609894        1.143654
ase graph time: 0.027898788452148438
FIRE:   53 14:45:02     -208.740448        0.566220
ase graph time: 0.028182506561279297
FIRE:   54 14:45:02     -208.841354        0.382882
ase graph time: 0.027873992919921875
FIRE:   55 14:45:02     -208.906296        0.630007
ase graph time: 0.028202533721923828
FIRE:   56 14:45:02     -208.962357        0.813853
ase graph time: 0.027893781661987305
FIRE:   57 14:45:02     -209.028107        0.792020
ase graph time: 0.02794170379638672
FIRE:   58 14:45:03     -209.106628        0.666803
ase graph time: 0.027902603149414062
FIRE:   59 14:45:03     -209.172546        0.520035
ase graph time: 0.027935028076171875
FIRE:   60 14:45:03     -209.204285        0.865118
ase graph time: 0.027866840362548828
FIRE:   61 14:45:03     -209.237518        0.957116
ase graph time: 0.02786874771118164
FIRE:   62 14:45:03     -209.292999        0.752704
ase graph time: 0.027898073196411133
FIRE:   63 14:45:03     -209.341644        0.435604
ase graph time: 0.02786731719970703
FIRE:   64 14:45:03     -209.367981        0.605627
ase graph time: 0.027968168258666992
FIRE:   65 14:45:03     -209.399826        0.623326
ase graph time: 0.027852296829223633
FIRE:   66 14:45:03     -209.457947        0.552053
ase graph time: 0.02790236473083496
FIRE:   67 14:45:04     -209.510544        0.347983
ase graph time: 0.029577255249023438
FIRE:   68 14:45:04     -209.536407        0.651932
ase graph time: 0.02960205078125
FIRE:   69 14:45:04     -209.576569        0.763336
ase graph time: 0.02961134910583496
FIRE:   70 14:45:04     -209.639877        0.503528
ase graph time: 0.029544353485107422
FIRE:   71 14:45:04     -209.686127        0.342377
ase graph time: 0.029700517654418945
FIRE:   72 14:45:04     -209.710159        0.575710
ase graph time: 0.029570817947387695
FIRE:   73 14:45:04     -209.736465        0.670134
ase graph time: 0.02956366539001465
FIRE:   74 14:45:04     -209.775879        0.522473
ase graph time: 0.029596567153930664
FIRE:   75 14:45:04     -209.810852        0.209607
ase graph time: 0.029555559158325195
FIRE:   76 14:45:05     -209.818497        0.636710
ase graph time: 0.029590129852294922
FIRE:   77 14:45:05     -209.683029        2.372852
ase graph time: 0.02962636947631836
FIRE:   78 14:45:05     -209.713348        1.919908
ase graph time: 0.029624462127685547
FIRE:   79 14:45:05     -209.840759        1.124270
ase graph time: 0.029556751251220703
FIRE:   80 14:45:05     -209.886993        0.639550
ase graph time: 0.02957940101623535
FIRE:   81 14:45:05     -209.890808        0.547787
ase graph time: 0.029558897018432617
FIRE:   82 14:45:05     -209.896484        0.381866
ase graph time: 0.02990102767944336
FIRE:   83 14:45:05     -209.901398        0.174922
ase graph time: 0.029837846755981445
FIRE:   84 14:45:05     -209.903900        0.108138
ase graph time: 0.02959752082824707
FIRE:   85 14:45:06     -209.904602        0.231591
ase graph time: 0.029560565948486328
FIRE:   86 14:45:06     -209.904877        0.223048
ase graph time: 0.029870033264160156
FIRE:   87 14:45:06     -209.905411        0.206300
ase graph time: 0.02987504005432129
FIRE:   88 14:45:06     -209.906128        0.182046
ase graph time: 0.029558897018432617
FIRE:   89 14:45:06     -209.907013        0.151453
ase graph time: 0.029587984085083008
FIRE:   90 14:45:06     -209.907990        0.116362
ase graph time: 0.029551267623901367
FIRE:   91 14:45:06     -209.908981        0.100699
ase graph time: 0.029579877853393555
FIRE:   92 14:45:06     -209.909973        0.100695
ase graph time: 0.029570817947387695
FIRE:   93 14:45:06     -209.911057        0.100684
ase graph time: 0.02954387664794922
FIRE:   94 14:45:07     -209.912231        0.100705
ase graph time: 0.03164839744567871
FIRE:   95 14:45:07     -209.913605        0.113221
ase graph time: 0.029598474502563477
FIRE:   96 14:45:07     -209.915344        0.136417
ase graph time: 0.02960944175720215
FIRE:   97 14:45:07     -209.917603        0.141214
ase graph time: 0.029631853103637695
FIRE:   98 14:45:07     -209.920517        0.122447
ase graph time: 0.029565095901489258
FIRE:   99 14:45:07     -209.924072        0.103483
ase graph time: 0.0295412540435791
FIRE:  100 14:45:07     -209.928177        0.103788
ase graph time: 0.02957630157470703
FIRE:  101 14:45:07     -209.932724        0.104326
ase graph time: 0.029827356338500977
FIRE:  102 14:45:07     -209.938049        0.105334
ase graph time: 0.02987051010131836
FIRE:  103 14:45:08     -209.944550        0.106943
ase graph time: 0.029642105102539062
FIRE:  104 14:45:08     -209.952148        0.109095
ase graph time: 0.029605865478515625
FIRE:  105 14:45:08     -209.960526        0.111376
ase graph time: 0.029613971710205078
FIRE:  106 14:45:08     -209.970169        0.113010
ase graph time: 0.02953934669494629
FIRE:  107 14:45:08     -209.981445        0.113483
ase graph time: 0.02954554557800293
FIRE:  108 14:45:08     -209.993835        0.112997
ase graph time: 0.029548168182373047
FIRE:  109 14:45:08     -210.008179        0.111430
ase graph time: 0.029598236083984375
FIRE:  110 14:45:08     -210.023926        0.106253
ase graph time: 0.029590845108032227
FIRE:  111 14:45:08     -210.041595        0.093353
ase graph time: 0.029520511627197266
FIRE:  112 14:45:09     -210.059875        0.080750
ase graph time: 0.029625892639160156
FIRE:  113 14:45:09     -210.077423        0.115489
ase graph time: 0.0296630859375
FIRE:  114 14:45:09     -210.092224        0.135446
ase graph time: 0.029605388641357422
FIRE:  115 14:45:09     -210.104034        0.186798
ase graph time: 0.02955317497253418
FIRE:  116 14:45:09     -210.115631        0.368168
ase graph time: 0.029556751251220703
FIRE:  117 14:45:09     -210.122787        0.175610
ase graph time: 0.02954697608947754
FIRE:  118 14:45:09     -210.123810        0.313554
ase graph time: 0.029621362686157227
FIRE:  119 14:45:09     -210.125549        0.237480
ase graph time: 0.029561996459960938
FIRE:  120 14:45:09     -210.127838        0.143157
ase graph time: 0.029640913009643555
FIRE:  121 14:45:10     -210.129425        0.136703
ase graph time: 0.029551982879638672
FIRE:  122 14:45:10     -210.130310        0.154065
ase graph time: 0.029621601104736328
FIRE:  123 14:45:10     -210.131470        0.202131
ase graph time: 0.02960205078125
FIRE:  124 14:45:10     -210.133621        0.187519
ase graph time: 0.02961444854736328
FIRE:  125 14:45:10     -210.136475        0.122612
ase graph time: 0.029569149017333984
FIRE:  126 14:45:10     -210.139481        0.083545
ase graph time: 0.02955460548400879
FIRE:  127 14:45:10     -210.141998        0.126275
ase graph time: 0.029593944549560547
FIRE:  128 14:45:10     -210.144882        0.161971
ase graph time: 0.029568910598754883
FIRE:  129 14:45:10     -210.149139        0.108511
ase graph time: 0.02982950210571289
FIRE:  130 14:45:11     -210.153687        0.091606
ase graph time: 0.029616594314575195
FIRE:  131 14:45:11     -210.158325        0.121498
ase graph time: 0.02959728240966797
FIRE:  132 14:45:11     -210.164780        0.104484
ase graph time: 0.029583215713500977
FIRE:  133 14:45:11     -210.172150        0.110682
ase graph time: 0.029532194137573242
FIRE:  134 14:45:11     -210.181610        0.119640
ase graph time: 0.02954268455505371
FIRE:  135 14:45:11     -210.193817        0.132139
ase graph time: 0.02979755401611328
FIRE:  136 14:45:11     -210.210175        0.142512
ase graph time: 0.029584646224975586
FIRE:  137 14:45:11     -210.230713        0.182353
ase graph time: 0.02957010269165039
FIRE:  138 14:45:11     -210.256973        0.253470
ase graph time: 0.02960491180419922
FIRE:  139 14:45:12     -210.286728        0.474325
ase graph time: 0.029581785202026367
FIRE:  140 14:45:12     -210.290924        1.213973
ase graph time: 0.029651165008544922
FIRE:  141 14:45:12     -210.328613        0.091950
ase graph time: 0.02962803840637207
FIRE:  142 14:45:12     -210.298416        1.363964
ase graph time: 0.02953052520751953
FIRE:  143 14:45:12     -210.316940        0.893740
ase graph time: 0.02966451644897461
FIRE:  144 14:45:12     -210.332367        0.202874
ase graph time: 0.029543399810791016
FIRE:  145 14:45:12     -210.330566        0.448339
ase graph time: 0.029593944549560547
FIRE:  146 14:45:12     -210.331146        0.420976
ase graph time: 0.029682397842407227
FIRE:  147 14:45:12     -210.332214        0.367634
ase graph time: 0.029572248458862305
FIRE:  148 14:45:13     -210.333527        0.291153
ase graph time: 0.029541492462158203
FIRE:  149 14:45:13     -210.334839        0.196123
ase graph time: 0.029590368270874023
FIRE:  150 14:45:13     -210.335876        0.090152
ase graph time: 0.02959895133972168
FIRE:  151 14:45:13     -210.336548        0.083695
ase graph time: 0.02954888343811035
FIRE:  152 14:45:13     -210.336929        0.119394
ase graph time: 0.029805660247802734
FIRE:  153 14:45:13     -210.337280        0.194285
ase graph time: 0.029816150665283203
FIRE:  154 14:45:13     -210.337952        0.236257
ase graph time: 0.02962803840637207
FIRE:  155 14:45:13     -210.339188        0.232791
ase graph time: 0.02953958511352539
FIRE:  156 14:45:13     -210.341125        0.176681
ase graph time: 0.029546499252319336
FIRE:  157 14:45:14     -210.343445        0.096803
ase graph time: 0.02954387664794922
FIRE:  158 14:45:14     -210.345688        0.079729
ase graph time: 0.02959418296813965
FIRE:  159 14:45:14     -210.347885        0.171534
ase graph time: 0.029610395431518555
FIRE:  160 14:45:14     -210.350861        0.196744
ase graph time: 0.02957916259765625
FIRE:  161 14:45:14     -210.355087        0.120912
ase graph time: 0.029813051223754883
FIRE:  162 14:45:14     -210.359833        0.074728
ase graph time: 0.029829740524291992
FIRE:  163 14:45:14     -210.364838        0.155741
ase graph time: 0.02960515022277832
FIRE:  164 14:45:14     -210.371567        0.110851
ase graph time: 0.029541969299316406
FIRE:  165 14:45:14     -210.379272        0.104726
ase graph time: 0.029561996459960938
FIRE:  166 14:45:15     -210.388062        0.145351
ase graph time: 0.02962470054626465
FIRE:  167 14:45:15     -210.398743        0.083878
ase graph time: 0.02961254119873047
FIRE:  168 14:45:15     -210.410522        0.114401
ase graph time: 0.029579877853393555
FIRE:  169 14:45:15     -210.423615        0.159670
ase graph time: 0.0295565128326416
FIRE:  170 14:45:15     -210.438126        0.081515
ase graph time: 0.029522418975830078
FIRE:  171 14:45:15     -210.453217        0.074291
ase graph time: 0.029565811157226562
FIRE:  172 14:45:15     -210.468689        0.125860
ase graph time: 0.029593467712402344
FIRE:  173 14:45:15     -210.482086        0.318064
ase graph time: 0.029558897018432617
FIRE:  174 14:45:15     -210.477448        0.717212
ase graph time: 0.02954840660095215
FIRE:  175 14:45:16     -210.504440        0.105782
ase graph time: 0.029841899871826172
FIRE:  176 14:45:16     -210.484818        0.779955
ase graph time: 0.02959609031677246
FIRE:  177 14:45:16     -210.495285        0.556029
ase graph time: 0.029611587524414062
FIRE:  178 14:45:16     -210.505844        0.200861
ase graph time: 0.029584169387817383
FIRE:  179 14:45:16     -210.506851        0.184617
ase graph time: 0.02960491180419922
FIRE:  180 14:45:16     -210.507050        0.176588
ase graph time: 0.029872417449951172
FIRE:  181 14:45:16     -210.507462        0.161211
ase graph time: 0.029537439346313477
FIRE:  182 14:45:16     -210.507950        0.139994
ase graph time: 0.02957916259765625
FIRE:  183 14:45:16     -210.508484        0.115684
ase graph time: 0.029568195343017578
FIRE:  184 14:45:17     -210.508942        0.093095
ase graph time: 0.029582977294921875
FIRE:  185 14:45:17     -210.509338        0.079497
ase graph time: 0.02959299087524414
FIRE:  186 14:45:17     -210.509644        0.079423
ase graph time: 0.029613494873046875
FIRE:  187 14:45:17     -210.509979        0.102200
ase graph time: 0.02959585189819336
FIRE:  188 14:45:17     -210.510468        0.122021
ase graph time: 0.029541969299316406
FIRE:  189 14:45:17     -210.511169        0.123863
ase graph time: 0.029520511627197266
FIRE:  190 14:45:17     -210.512207        0.104244
ase graph time: 0.029555797576904297
FIRE:  191 14:45:17     -210.513458        0.079856
ase graph time: 0.029570817947387695
FIRE:  192 14:45:17     -210.514832        0.083745
ase graph time: 0.029930830001831055
FIRE:  193 14:45:18     -210.516312        0.103432
ase graph time: 0.029558658599853516
FIRE:  194 14:45:18     -210.518188        0.114365
ase graph time: 0.02956676483154297
FIRE:  195 14:45:18     -210.520660        0.102640
ase graph time: 0.027910232543945312
FIRE:  196 14:45:18     -210.523590        0.083580
ase graph time: 0.027892112731933594
FIRE:  197 14:45:18     -210.526886        0.090509
ase graph time: 0.027867555618286133
FIRE:  198 14:45:18     -210.531113        0.086690
ase graph time: 0.02783513069152832
FIRE:  199 14:45:18     -210.536194        0.095312
ase graph time: 0.027896642684936523
FIRE:  200 14:45:18     -210.542252        0.110154
ase graph time: 0.027835369110107422
FIRE:  201 14:45:18     -210.549820        0.089145
ase graph time: 0.027884483337402344
FIRE:  202 14:45:19     -210.558823        0.087110
ase graph time: 0.02787613868713379
FIRE:  203 14:45:19     -210.569626        0.095621
ase graph time: 0.02787470817565918
FIRE:  204 14:45:19     -210.582275        0.071259
ase graph time: 0.02784872055053711
FIRE:  205 14:45:19     -210.596603        0.088306
ase graph time: 0.027916908264160156
FIRE:  206 14:45:19     -210.611267        0.085161
ase graph time: 0.027937650680541992
FIRE:  207 14:45:19     -210.622238        0.234225
ase graph time: 0.02987980842590332
FIRE:  208 14:45:19     -210.619965        0.548701
ase graph time: 0.027909278869628906
FIRE:  209 14:45:19     -210.636688        0.158211
ase graph time: 0.027900218963623047
FIRE:  210 14:45:19     -210.627396        0.468825
ase graph time: 0.027937650680541992
FIRE:  211 14:45:20     -210.633087        0.351194
ase graph time: 0.0278775691986084
FIRE:  212 14:45:20     -210.639297        0.148142
ase graph time: 0.027894973754882812
FIRE:  213 14:45:20     -210.640747        0.124117
ase graph time: 0.027844905853271484
FIRE:  214 14:45:20     -210.640869        0.123713
ase graph time: 0.0278627872467041
FIRE:  215 14:45:20     -210.641083        0.122911
ase graph time: 0.027909278869628906
FIRE:  216 14:45:20     -210.641388        0.121720
ase graph time: 0.027919530868530273
FIRE:  217 14:45:20     -210.641724        0.120151
ase graph time: 0.02790236473083496
FIRE:  218 14:45:20     -210.642075        0.118216
ase graph time: 0.027886390686035156
FIRE:  219 14:45:20     -210.642426        0.115933
ase graph time: 0.027872562408447266
FIRE:  220 14:45:21     -210.642776        0.113340
ase graph time: 0.027889490127563477
FIRE:  221 14:45:21     -210.643188        0.110175
ase graph time: 0.02786564826965332
FIRE:  222 14:45:21     -210.643738        0.106397
ase graph time: 0.027867794036865234
FIRE:  223 14:45:21     -210.644409        0.101972
ase graph time: 0.027896881103515625
FIRE:  224 14:45:21     -210.645294        0.096861
ase graph time: 0.027869224548339844
FIRE:  225 14:45:21     -210.646301        0.091016
ase graph time: 0.027904510498046875
FIRE:  226 14:45:21     -210.647476        0.084380
ase graph time: 0.02791571617126465
FIRE:  227 14:45:21     -210.648743        0.076930
ase graph time: 0.02792668342590332
FIRE:  228 14:45:21     -210.650269        0.068737
ase graph time: 0.027878522872924805
FIRE:  229 14:45:22     -210.652084        0.059993
ase graph time: 0.02787637710571289
FIRE:  230 14:45:22     -210.654099        0.052022
ase graph time: 0.027844905853271484
FIRE:  231 14:45:22     -210.656387        0.052029
ase graph time: 0.02788996696472168
FIRE:  232 14:45:22     -210.659088        0.051723
ase graph time: 0.027910947799682617
FIRE:  233 14:45:22     -210.662216        0.051215
ase graph time: 0.02788257598876953
FIRE:  234 14:45:22     -210.665894        0.050980
ase graph time: 0.02784562110900879
FIRE:  235 14:45:22     -210.670303        0.051108
ase graph time: 0.027874231338500977
FIRE:  236 14:45:22     -210.675629        0.050924
ase graph time: 0.02787947654724121
FIRE:  237 14:45:22     -210.682053        0.054387
ase graph time: 0.027917146682739258
FIRE:  238 14:45:23     -210.689789        0.053010
ase graph time: 0.027968645095825195
FIRE:  239 14:45:23     -210.698883        0.081031
ase graph time: 0.027913808822631836
FIRE:  240 14:45:23     -210.708755        0.170689
ase graph time: 0.027888774871826172
FIRE:  241 14:45:23     -210.716034        0.426652
ase graph time: 0.027881860733032227
FIRE:  242 14:45:23     -210.721039        0.049426
ase graph time: 0.027873992919921875
FIRE:  243 14:45:23     -210.718216        0.381024
ase graph time: 0.02787923812866211
FIRE:  244 14:45:23     -210.719788        0.287832
ase graph time: 0.02786111831665039
FIRE:  245 14:45:23     -210.721573        0.127309
ase graph time: 0.027889490127563477
FIRE:  246 14:45:23     -210.722137        0.059473
ase graph time: 0.027866601943969727
FIRE:  247 14:45:23     -210.722168        0.056143
ase graph time: 0.02795243263244629
FIRE:  248 14:45:24     -210.722229        0.049739
ase graph time: 0.02791452407836914
FIRE:  249 14:45:24     -210.722290        0.049305
ase graph time: 0.027902841567993164
FIRE:  250 14:45:24     -210.722382        0.049310
ase graph time: 0.027892589569091797
FIRE:  251 14:45:24     -210.722488        0.049315
ase graph time: 0.027877330780029297
FIRE:  252 14:45:24     -210.722595        0.049320
ase graph time: 0.027886629104614258
FIRE:  253 14:45:24     -210.722717        0.049323
ase graph time: 0.027882814407348633
FIRE:  254 14:45:24     -210.722870        0.049325
ase graph time: 0.027919292449951172
FIRE:  255 14:45:24     -210.723053        0.049325
ase graph time: 0.027873754501342773
FIRE:  256 14:45:24     -210.723282        0.049318
ase graph time: 0.027850627899169922
FIRE:  257 14:45:25     -210.723618        0.049305
ase graph time: 0.027879714965820312
FIRE:  258 14:45:25     -210.723999        0.049282
ase graph time: 0.027943849563598633
FIRE:  259 14:45:25     -210.724442        0.049250
ase graph time: 0.02792835235595703
FIRE:  260 14:45:25     -210.725006        0.049207
ase graph time: 0.02791905403137207
FIRE:  261 14:45:25     -210.725693        0.049156
ase graph time: 0.027854442596435547
FIRE:  262 14:45:25     -210.726532        0.049095
ase graph time: 0.02786087989807129
FIRE:  263 14:45:25     -210.727554        0.049029
ase graph time: 0.027901649475097656
FIRE:  264 14:45:25     -210.728729        0.048955
ase graph time: 0.027911663055419922
FIRE:  265 14:45:25     -210.730209        0.048861
ase graph time: 0.02792072296142578
FIRE:  266 14:45:26     -210.731964        0.048737
ase graph time: 0.02785348892211914
FIRE:  267 14:45:26     -210.734039        0.048589
ase graph time: 0.02787327766418457
FIRE:  268 14:45:26     -210.736542        0.048419
ase graph time: 0.027868032455444336
FIRE:  269 14:45:26     -210.739502        0.048235
ase graph time: 0.027901887893676758
FIRE:  270 14:45:26     -210.742950        0.048004
ase graph time: 0.02789449691772461
FIRE:  271 14:45:26     -210.746994        0.047725
ase graph time: 0.027879953384399414
FIRE:  272 14:45:26     -210.751617        0.047459
ase graph time: 0.028031587600708008
FIRE:  273 14:45:26     -210.756866        0.046957
ase graph time: 0.027868986129760742
FIRE:  274 14:45:26     -210.762436        0.104511
ase graph time: 0.02785944938659668
FIRE:  275 14:45:27     -210.765778        0.309314
ase graph time: 0.02789902687072754
FIRE:  276 14:45:27     -210.769318        0.045516
ase graph time: 0.027881622314453125
FIRE:  277 14:45:27     -210.767014        0.282897
ase graph time: 0.027848005294799805
FIRE:  278 14:45:27     -210.768234        0.211825
ase graph time: 0.027950286865234375
FIRE:  279 14:45:27     -210.769562        0.089303
ase graph time: 0.02785801887512207
FIRE:  280 14:45:27     -210.769897        0.052307
ase graph time: 0.0279085636138916
FIRE:  281 14:45:27     -210.769913        0.049172
ase graph time: 0.02788853645324707
FIRE:  282 14:45:27     -210.769958        0.045314
ase graph time: 0.027917146682739258
FIRE:  283 14:45:27     -210.770004        0.045322
ase graph time: 0.027858257293701172
FIRE:  284 14:45:28     -210.770065        0.045332
ase graph time: 0.02791142463684082
FIRE:  285 14:45:28     -210.770111        0.045342
ase graph time: 0.027909517288208008
FIRE:  286 14:45:28     -210.770203        0.045351
ase graph time: 0.027920961380004883
FIRE:  287 14:45:28     -210.770264        0.045356
ase graph time: 0.027862071990966797
FIRE:  288 14:45:28     -210.770325        0.045356
ase graph time: 0.027864456176757812
FIRE:  289 14:45:28     -210.770432        0.045347
ase graph time: 0.02786874771118164
FIRE:  290 14:45:28     -210.770569        0.045323
ase graph time: 0.027894973754882812
FIRE:  291 14:45:28     -210.770752        0.045282
ase graph time: 0.02794933319091797
FIRE:  292 14:45:28     -210.770966        0.045221
ase graph time: 0.027879714965820312
FIRE:  293 14:45:29     -210.771240        0.045139
ase graph time: 0.027896404266357422
FIRE:  294 14:45:29     -210.771545        0.045043
ase graph time: 0.02786111831665039
FIRE:  295 14:45:29     -210.771912        0.044940
ase graph time: 0.027937650680541992
FIRE:  296 14:45:29     -210.772400        0.044837
ase graph time: 0.02785348892211914
FIRE:  297 14:45:29     -210.772995        0.044734
ase graph time: 0.027889728546142578
FIRE:  298 14:45:29     -210.773682        0.044613
ase graph time: 0.028172969818115234
FIRE:  299 14:45:29     -210.774536        0.044441
ase graph time: 0.02787017822265625
FIRE:  300 14:45:29     -210.775558        0.044208
ase graph time: 0.028135061264038086
FIRE:  301 14:45:29     -210.776825        0.043948
ase graph time: 0.02789473533630371
FIRE:  302 14:45:30     -210.778336        0.043699
ase graph time: 0.027944564819335938
FIRE:  303 14:45:30     -210.780167        0.043405
ase graph time: 0.027909278869628906
FIRE:  304 14:45:30     -210.782379        0.042989
ase graph time: 0.028270483016967773
FIRE:  305 14:45:30     -210.785080        0.042606
ase graph time: 0.027855873107910156
FIRE:  306 14:45:30     -210.788300        0.042190
ase graph time: 0.027874469757080078
FIRE:  307 14:45:30     -210.792206        0.041521
ase graph time: 0.02790045738220215
FIRE:  308 14:45:30     -210.796616        0.101699
ase graph time: 0.027876615524291992
FIRE:  309 14:45:30     -210.799637        0.285047
ase graph time: 0.027881622314453125
FIRE:  310 14:45:30     -210.802673        0.040337
ase graph time: 0.027848005294799805
FIRE:  311 14:45:30     -210.800674        0.265325
ase graph time: 0.027909517288208008
FIRE:  312 14:45:31     -210.801758        0.197500
ase graph time: 0.027895689010620117
FIRE:  313 14:45:31     -210.802933        0.080740
ase graph time: 0.027894020080566406
FIRE:  314 14:45:31     -210.803192        0.052816
ase graph time: 0.027904748916625977
FIRE:  315 14:45:31     -210.803192        0.049472
ase graph time: 0.027872800827026367
FIRE:  316 14:45:31     -210.803223        0.042993
ase graph time: 0.02786540985107422
FIRE:  317 14:45:31     -210.803299        0.040241
ase graph time: 0.02785801887512207
FIRE:  318 14:45:31     -210.803345        0.040274
ase graph time: 0.027859210968017578
FIRE:  319 14:45:31     -210.803421        0.040311
ase graph time: 0.027868032455444336
FIRE:  320 14:45:31     -210.803497        0.040348
ase graph time: 0.027889728546142578
FIRE:  321 14:45:32     -210.803543        0.040382
ase graph time: 0.027854442596435547
FIRE:  322 14:45:32     -210.803619        0.040412
ase graph time: 0.027888774871826172
FIRE:  323 14:45:32     -210.803711        0.040431
ase graph time: 0.02802419662475586
FIRE:  324 14:45:32     -210.803864        0.040433
ase graph time: 0.027898788452148438
FIRE:  325 14:45:32     -210.804031        0.040414
ase graph time: 0.028211355209350586
FIRE:  326 14:45:32     -210.804260        0.040373
ase graph time: 0.027910709381103516
FIRE:  327 14:45:32     -210.804520        0.040318
ase graph time: 0.027911663055419922
FIRE:  328 14:45:32     -210.804825        0.040262
ase graph time: 0.027873992919921875
FIRE:  329 14:45:32     -210.805206        0.040265
ase graph time: 0.027911901473999023
FIRE:  330 14:45:33     -210.805725        0.040696
ase graph time: 0.027873992919921875
FIRE:  331 14:45:33     -210.806305        0.041226
ase graph time: 0.027892589569091797
FIRE:  332 14:45:33     -210.807037        0.041889
ase graph time: 0.02783799171447754
FIRE:  333 14:45:33     -210.807953        0.042726
ase graph time: 0.02790069580078125
FIRE:  334 14:45:33     -210.809082        0.043559
ase graph time: 0.02793574333190918
FIRE:  335 14:45:33     -210.810471        0.044444
ase graph time: 0.027854204177856445
FIRE:  336 14:45:33     -210.812180        0.045561
ase graph time: 0.02785634994506836
FIRE:  337 14:45:33     -210.814316        0.047026
ase graph time: 0.027874231338500977
FIRE:  338 14:45:33     -210.816956        0.049013
ase graph time: 0.027890920639038086
FIRE:  339 14:45:34     -210.820297        0.054264
ase graph time: 0.027924060821533203
FIRE:  340 14:45:34     -210.824600        0.060043
ase graph time: 0.02786564826965332
FIRE:  341 14:45:34     -210.830109        0.065011
ase graph time: 0.028108835220336914
FIRE:  342 14:45:34     -210.836884        0.079767
ase graph time: 0.02785944938659668
FIRE:  343 14:45:34     -210.843246        0.253105
ase graph time: 0.028110265731811523
FIRE:  344 14:45:34     -210.828293        0.869223
ase graph time: 0.027872562408447266
FIRE:  345 14:45:34     -210.854095        0.253192
ase graph time: 0.02787947654724121
FIRE:  346 14:45:34     -210.855560        0.175905
ase graph time: 0.027940750122070312
FIRE:  347 14:45:34     -210.856979        0.079530
ase graph time: 0.02784132957458496
FIRE:  348 14:45:35     -210.857025        0.100325
ase graph time: 0.02791452407836914
FIRE:  349 14:45:35     -210.857117        0.092461
ase graph time: 0.027888059616088867
FIRE:  350 14:45:35     -210.857269        0.079689
ase graph time: 0.027919769287109375
FIRE:  351 14:45:35     -210.857452        0.079749
ase graph time: 0.027867555618286133
FIRE:  352 14:45:35     -210.857620        0.079830
ase graph time: 0.027865886688232422
FIRE:  353 14:45:35     -210.857788        0.079932
ase graph time: 0.02789902687072754
FIRE:  354 14:45:35     -210.857925        0.080053
ase graph time: 0.02785038948059082
FIRE:  355 14:45:35     -210.858093        0.080193
ase graph time: 0.027915477752685547
FIRE:  356 14:45:35     -210.858261        0.080364
ase graph time: 0.027890682220458984
FIRE:  357 14:45:36     -210.858521        0.080574
ase graph time: 0.030054569244384766
FIRE:  358 14:45:36     -210.858917        0.080831
ase graph time: 0.027896642684936523
FIRE:  359 14:45:36     -210.859390        0.081151
ase graph time: 0.027863502502441406
FIRE:  360 14:45:36     -210.859955        0.081559
ase graph time: 0.027870893478393555
FIRE:  361 14:45:36     -210.860596        0.082093
ase graph time: 0.027898788452148438
FIRE:  362 14:45:36     -210.861420        0.082785
ase graph time: 0.027886629104614258
FIRE:  363 14:45:36     -210.862457        0.083669
ase graph time: 0.02789592742919922
FIRE:  364 14:45:36     -210.863754        0.084785
ase graph time: 0.027907133102416992
FIRE:  365 14:45:36     -210.865311        0.086170
ase graph time: 0.0278928279876709
FIRE:  366 14:45:37     -210.867294        0.087833
ase graph time: 0.027966976165771484
FIRE:  367 14:45:37     -210.869781        0.089824
ase graph time: 0.027894020080566406
FIRE:  368 14:45:37     -210.872818        0.092029
ase graph time: 0.02797102928161621
FIRE:  369 14:45:37     -210.876724        0.094392
ase graph time: 0.027895689010620117
FIRE:  370 14:45:37     -210.881561        0.096996
ase graph time: 0.027879953384399414
FIRE:  371 14:45:37     -210.887695        0.099544
ase graph time: 0.02784132957458496
FIRE:  372 14:45:37     -210.895386        0.101514
ase graph time: 0.02788543701171875
FIRE:  373 14:45:37     -210.904999        0.102591
ase graph time: 0.027873754501342773
FIRE:  374 14:45:37     -210.916687        0.098569
ase graph time: 0.02785968780517578
FIRE:  375 14:45:37     -210.928940        0.234758
ase graph time: 0.02789759635925293
FIRE:  376 14:45:38     -210.931549        0.698052
ase graph time: 0.02791142463684082
FIRE:  377 14:45:38     -210.943787        0.060405
ase graph time: 0.027927875518798828
FIRE:  378 14:45:38     -210.943909        0.059817
ase graph time: 0.027899742126464844
FIRE:  379 14:45:38     -210.944153        0.058695
ase graph time: 0.027910470962524414
FIRE:  380 14:45:38     -210.944397        0.057141
ase graph time: 0.027881383895874023
FIRE:  381 14:45:38     -210.944717        0.055328
ase graph time: 0.027864694595336914
FIRE:  382 14:45:38     -210.945099        0.053465
ase graph time: 0.0278627872467041
FIRE:  383 14:45:38     -210.945602        0.051737
ase graph time: 0.027862071990966797
FIRE:  384 14:45:38     -210.946167        0.050260
ase graph time: 0.027944326400756836
FIRE:  385 14:45:39     -210.946838        0.048951
ase graph time: 0.027908802032470703
FIRE:  386 14:45:39     -210.947601        0.047815
ase graph time: 0.02785658836364746
FIRE:  387 14:45:39     -210.948593        0.046730
ase graph time: 0.02789783477783203
FIRE:  388 14:45:39     -210.949738        0.045446
ase graph time: 0.027898788452148438
FIRE:  389 14:45:39     -210.951096        0.043663
ase graph time: 0.027916431427001953
FIRE:  390 14:45:39     -210.952713        0.041089
ase graph time: 0.027878999710083008
FIRE:  391 14:45:39     -210.954559        0.038538
ase graph time: 0.027875900268554688
FIRE:  392 14:45:39     -210.956696        0.038424
ase graph time: 0.02786087989807129
FIRE:  393 14:45:39     -210.959045        0.038028
ase graph time: 0.027912139892578125
FIRE:  394 14:45:40     -210.961624        0.037686
ase graph time: 0.027858495712280273
FIRE:  395 14:45:40     -210.964386        0.037003
ase graph time: 0.027851581573486328
FIRE:  396 14:45:40     -210.967209        0.052219
ase graph time: 0.027898311614990234
FIRE:  397 14:45:40     -210.969757        0.144053
ase graph time: 0.027857542037963867
FIRE:  398 14:45:40     -210.969788        0.385803
ase graph time: 0.02791452407836914
FIRE:  399 14:45:40     -210.973434        0.035109
ase graph time: 0.02791595458984375
FIRE:  400 14:45:40     -210.970840        0.355943
ase graph time: 0.028160810470581055
FIRE:  401 14:45:40     -210.972137        0.264325
ase graph time: 0.02787494659423828
FIRE:  402 14:45:40     -210.973511        0.106968
ase graph time: 0.028124094009399414
FIRE:  403 14:45:41     -210.973785        0.073136
ase graph time: 0.02785325050354004
FIRE:  404 14:45:41     -210.973801        0.068669
ase graph time: 0.027903318405151367
FIRE:  405 14:45:41     -210.973816        0.060005
ase graph time: 0.02785944938659668
FIRE:  406 14:45:41     -210.973877        0.047727
ase graph time: 0.02788519859313965
FIRE:  407 14:45:41     -210.973938        0.035020
ase graph time: 0.027889013290405273
FIRE:  408 14:45:41     -210.973999        0.035069
ase graph time: 0.027852773666381836
FIRE:  409 14:45:41     -210.974030        0.035118
ase graph time: 0.027964353561401367
FIRE:  410 14:45:41     -210.974060        0.035162
ase graph time: 0.027876615524291992
FIRE:  411 14:45:41     -210.974106        0.035198
ase graph time: 0.028177976608276367
FIRE:  412 14:45:42     -210.974167        0.035923
ase graph time: 0.02787947654724121
FIRE:  413 14:45:42     -210.974258        0.037367
ase graph time: 0.027867794036865234
FIRE:  414 14:45:42     -210.974365        0.035166
ase graph time: 0.027863740921020508
FIRE:  415 14:45:42     -210.974518        0.035087
ase graph time: 0.027861833572387695
FIRE:  416 14:45:42     -210.974670        0.034976
ase graph time: 0.027902841567993164
FIRE:  417 14:45:42     -210.974854        0.034851
ase graph time: 0.02787494659423828
FIRE:  418 14:45:42     -210.975098        0.034737
ase graph time: 0.02785634994506836
FIRE:  419 14:45:42     -210.975388        0.034653
ase graph time: 0.027872323989868164
FIRE:  420 14:45:42     -210.975708        0.034598
ase graph time: 0.027876615524291992
FIRE:  421 14:45:43     -210.976105        0.034526
ase graph time: 0.02798151969909668
FIRE:  422 14:45:43     -210.976593        0.034361
ase graph time: 0.027917146682739258
FIRE:  423 14:45:43     -210.977173        0.034085
ase graph time: 0.027868270874023438
FIRE:  424 14:45:43     -210.977844        0.033787
ase graph time: 0.02789139747619629
FIRE:  425 14:45:43     -210.978683        0.033537
ase graph time: 0.02784872055053711
FIRE:  426 14:45:43     -210.979630        0.033202
ase graph time: 0.028149127960205078
FIRE:  427 14:45:43     -210.980774        0.032673
ase graph time: 0.027863502502441406
FIRE:  428 14:45:43     -210.982147        0.032274
ase graph time: 0.027881145477294922
FIRE:  429 14:45:43     -210.983765        0.031694
ase graph time: 0.02789926528930664
FIRE:  430 14:45:44     -210.985657        0.031056
ase graph time: 0.028003454208374023
FIRE:  431 14:45:44     -210.987717        0.071124
ase graph time: 0.027882099151611328
FIRE:  432 14:45:44     -210.988922        0.208307
ase graph time: 0.027956008911132812
FIRE:  433 14:45:44     -210.990509        0.029515
ase graph time: 0.027913331985473633
FIRE:  434 14:45:44     -210.989441        0.191959
ase graph time: 0.027859210968017578
FIRE:  435 14:45:44     -210.989990        0.141829
ase graph time: 0.027891874313354492
FIRE:  436 14:45:44     -210.990601        0.055464
ase graph time: 0.02796459197998047
FIRE:  437 14:45:44     -210.990723        0.043074
ase graph time: 0.02790236473083496
FIRE:  438 14:45:44     -210.990723        0.040305
ase graph time: 0.027867555618286133
FIRE:  439 14:45:44     -210.990723        0.034943
ase graph time: 0.027912378311157227
FIRE:  440 14:45:45     -210.990768        0.029411
ase graph time: 0.02785325050354004
FIRE:  441 14:45:45     -210.990799        0.029428
ase graph time: 0.027842998504638672
FIRE:  442 14:45:45     -210.990829        0.029447
ase graph time: 0.028243541717529297
FIRE:  443 14:45:45     -210.990860        0.029466
ase graph time: 0.02789139747619629
FIRE:  444 14:45:45     -210.990875        0.029481
ase graph time: 0.027921438217163086
FIRE:  445 14:45:45     -210.990921        0.029492
ase graph time: 0.027887582778930664
FIRE:  446 14:45:45     -210.990967        0.029495
ase graph time: 0.027868986129760742
FIRE:  447 14:45:45     -210.991013        0.029486
ase graph time: 0.027884721755981445
FIRE:  448 14:45:45     -210.991074        0.029462
ase graph time: 0.027882099151611328
FIRE:  449 14:45:46     -210.991180        0.029422
ase graph time: 0.027849197387695312
FIRE:  450 14:45:46     -210.991272        0.029372
ase graph time: 0.027877330780029297
FIRE:  451 14:45:46     -210.991394        0.029320
ase graph time: 0.02784252166748047
FIRE:  452 14:45:46     -210.991547        0.029274
ase graph time: 0.02788567543029785
FIRE:  453 14:45:46     -210.991760        0.029241
ase graph time: 0.027915477752685547
FIRE:  454 14:45:46     -210.991989        0.029215
ase graph time: 0.02791142463684082
FIRE:  455 14:45:46     -210.992279        0.029168
ase graph time: 0.027919292449951172
FIRE:  456 14:45:46     -210.992615        0.029075
ase graph time: 0.027872800827026367
FIRE:  457 14:45:46     -210.993042        0.028944
ase graph time: 0.02785468101501465
FIRE:  458 14:45:47     -210.993561        0.028819
ase graph time: 0.02788996696472168
FIRE:  459 14:45:47     -210.994186        0.028699
ase graph time: 0.027872800827026367
FIRE:  460 14:45:47     -210.994934        0.028497
ase graph time: 0.027857303619384766
FIRE:  461 14:45:47     -210.995804        0.028224
ase graph time: 0.02790379524230957
FIRE:  462 14:45:47     -210.996872        0.027996
ase graph time: 0.02788853645324707
FIRE:  463 14:45:47     -210.998154        0.027549
ase graph time: 0.027896404266357422
FIRE:  464 14:45:47     -210.999619        0.034368
ase graph time: 0.027904987335205078
FIRE:  465 14:45:47     -211.001099        0.096959
ase graph time: 0.027886390686035156
FIRE:  466 14:45:47     -211.001129        0.283822
ase graph time: 0.02784252166748047
FIRE:  467 14:45:48     -211.003403        0.028356
ase graph time: 0.027877092361450195
FIRE:  468 14:45:48     -211.003418        0.025859
ase graph time: 0.02787160873413086
FIRE:  469 14:45:48     -211.003448        0.025899
ase graph time: 0.027867555618286133
FIRE:  470 14:45:48     -211.003510        0.025945
ase graph time: 0.02790093421936035
FIRE:  471 14:45:48     -211.003540        0.025978
ase graph time: 0.027861356735229492
FIRE:  472 14:45:48     -211.003586        0.025984
ase graph time: 0.027867555618286133
FIRE:  473 14:45:48     -211.003662        0.025958
ase graph time: 0.027872323989868164
FIRE:  474 14:45:48     -211.003754        0.025903
ase graph time: 0.027895689010620117
FIRE:  475 14:45:48     -211.003845        0.025822
ase graph time: 0.027930021286010742
FIRE:  476 14:45:49     -211.003983        0.025736
ase graph time: 0.0279390811920166
FIRE:  477 14:45:49     -211.004150        0.025666
ase graph time: 0.02789306640625
FIRE:  478 14:45:49     -211.004364        0.025624
ase graph time: 0.028161048889160156
FIRE:  479 14:45:49     -211.004623        0.025579
ase graph time: 0.027845144271850586
FIRE:  480 14:45:49     -211.004929        0.025479
ase graph time: 0.02786421775817871
FIRE:  481 14:45:49     -211.005310        0.025319
ase graph time: 0.027887344360351562
FIRE:  482 14:45:49     -211.005783        0.025152
ase graph time: 0.027904748916625977
FIRE:  483 14:45:49     -211.006363        0.024978
ase graph time: 0.027842998504638672
FIRE:  484 14:45:49     -211.007065        0.024706
ase graph time: 0.027846336364746094
FIRE:  485 14:45:50     -211.007904        0.024476
ase graph time: 0.027936458587646484
FIRE:  486 14:45:50     -211.008926        0.024105
ase graph time: 0.027912616729736328
FIRE:  487 14:45:50     -211.010101        0.039921
ase graph time: 0.02789902687072754
FIRE:  488 14:45:50     -211.011139        0.134546
ase graph time: 0.028004169464111328
FIRE:  489 14:45:50     -211.009048        0.437473
ase graph time: 0.027872323989868164
FIRE:  490 14:45:50     -211.013031        0.087341
ase graph time: 0.02784872055053711
FIRE:  491 14:45:50     -211.013092        0.061660
ase graph time: 0.02789020538330078
FIRE:  492 14:45:50     -211.013184        0.022581
ase graph time: 0.027857065200805664
FIRE:  493 14:45:50     -211.013214        0.029692
ase graph time: 0.027893781661987305
FIRE:  494 14:45:51     -211.013229        0.027495
ase graph time: 0.02784132957458496
FIRE:  495 14:45:51     -211.013245        0.023273
ase graph time: 0.02784562110900879
FIRE:  496 14:45:51     -211.013245        0.022713
ase graph time: 0.027897119522094727
FIRE:  497 14:45:51     -211.013245        0.022695
ase graph time: 0.027924299240112305
FIRE:  498 14:45:51     -211.013260        0.022677
ase graph time: 0.027905941009521484
FIRE:  499 14:45:51     -211.013275        0.022659
ase graph time: 0.027874469757080078
FIRE:  500 14:45:51     -211.013306        0.022643
ase graph time: 0.027859210968017578
FIRE:  501 14:45:51     -211.013336        0.022629
ase graph time: 0.02792978286743164
FIRE:  502 14:45:52     -211.013367        0.022618
ase graph time: 0.027883529663085938
FIRE:  503 14:45:52     -211.013397        0.022610
ase graph time: 0.027891159057617188
FIRE:  504 14:45:52     -211.013412        0.022607
ase graph time: 0.027843236923217773
FIRE:  505 14:45:52     -211.013489        0.022607
ase graph time: 0.02783966064453125
FIRE:  506 14:45:52     -211.013550        0.022603
ase graph time: 0.027956724166870117
FIRE:  507 14:45:52     -211.013657        0.022587
ase graph time: 0.027886152267456055
FIRE:  508 14:45:52     -211.013763        0.022549
ase graph time: 0.02791738510131836
FIRE:  509 14:45:52     -211.013885        0.022489
ase graph time: 0.027952194213867188
FIRE:  510 14:45:52     -211.014038        0.022417
ase graph time: 0.027892112731933594
FIRE:  511 14:45:53     -211.014236        0.022353
ase graph time: 0.02785325050354004
FIRE:  512 14:45:53     -211.014465        0.022301
ase graph time: 0.027890443801879883
FIRE:  513 14:45:53     -211.014755        0.022231
ase graph time: 0.027851343154907227
FIRE:  514 14:45:53     -211.015106        0.022101
ase graph time: 0.02783942222595215
FIRE:  515 14:45:53     -211.015503        0.021939
ase graph time: 0.027953147888183594
FIRE:  516 14:45:53     -211.016022        0.021802
ase graph time: 0.02789473533630371
FIRE:  517 14:45:53     -211.016632        0.021607
ase graph time: 0.027931928634643555
FIRE:  518 14:45:53     -211.017380        0.021335
ase graph time: 0.0279085636138916
FIRE:  519 14:45:53     -211.018234        0.021098
ase graph time: 0.02789592742919922
FIRE:  520 14:45:54     -211.019196        0.061057
ase graph time: 0.0278778076171875
FIRE:  521 14:45:54     -211.019745        0.188322
ase graph time: 0.027846813201904297
FIRE:  522 14:45:54     -211.020493        0.020255
ase graph time: 0.027818918228149414
FIRE:  523 14:45:54     -211.020493        0.020257
ase graph time: 0.028162479400634766
FIRE:  524 14:45:54     -211.020508        0.020259
ase graph time: 0.027903318405151367
FIRE:  525 14:45:54     -211.020538        0.020260
ase graph time: 0.02786111831665039
FIRE:  526 14:45:54     -211.020569        0.020258
ase graph time: 0.027875423431396484
FIRE:  527 14:45:54     -211.020599        0.020251
ase graph time: 0.027863502502441406
FIRE:  528 14:45:54     -211.020630        0.020238
ase graph time: 0.027884960174560547
FIRE:  529 14:45:55     -211.020691        0.020218
ase graph time: 0.028009653091430664
FIRE:  530 14:45:55     -211.020752        0.020190
ase graph time: 0.027990102767944336
FIRE:  531 14:45:55     -211.020813        0.020153
ase graph time: 0.027831554412841797
FIRE:  532 14:45:55     -211.020935        0.020110
ase graph time: 0.02786850929260254
FIRE:  533 14:45:55     -211.021057        0.020063
ase graph time: 0.027848005294799805
FIRE:  534 14:45:55     -211.021179        0.020012
ase graph time: 0.027854442596435547
FIRE:  535 14:45:55     -211.021393        0.019949
energy: -211.02139282226562
Relaxation done. Time : 70.45776844024658 s.
