Initiation done. Time : 5.0771448612213135 s.
Relaxing /data2_1/haekwan98/sevennet_test/calculator/Li20Ge2P4S24/Li20Ge2P4S24.cif...
matsci graph time: 0.0016224384307861328
      Step     Time          Energy          fmax
FIRE:    0 14:43:16     -189.238724        5.158070
matsci graph time: 0.0016393661499023438
FIRE:    1 14:43:17     -190.977676        3.802315
matsci graph time: 0.0015666484832763672
FIRE:    2 14:43:18     -192.868500        3.170702
matsci graph time: 0.0016314983367919922
FIRE:    3 14:43:19     -194.340881        3.090337
matsci graph time: 0.0015921592712402344
FIRE:    4 14:43:21     -195.517365        2.507364
matsci graph time: 0.0016074180603027344
FIRE:    5 14:43:21     -196.422272        1.666340
matsci graph time: 0.0015747547149658203
FIRE:    6 14:43:21     -197.069153        1.764393
matsci graph time: 0.0015659332275390625
FIRE:    7 14:43:21     -197.605484        3.047099
matsci graph time: 0.0015707015991210938
FIRE:    8 14:43:21     -198.226593        3.042348
matsci graph time: 0.001565694808959961
FIRE:    9 14:43:21     -198.770401        1.660386
matsci graph time: 0.0015668869018554688
FIRE:   10 14:43:21     -199.044830        3.932844
matsci graph time: 0.0016772747039794922
FIRE:   11 14:43:22     -199.370346        4.001335
matsci graph time: 0.0015704631805419922
FIRE:   12 14:43:22     -199.844345        1.673259
matsci graph time: 0.0015435218811035156
FIRE:   13 14:43:22     -200.241669        1.824443
matsci graph time: 0.0015780925750732422
FIRE:   14 14:43:22     -200.658234        2.012078
matsci graph time: 0.001547098159790039
FIRE:   15 14:43:22     -201.150238        2.100438
matsci graph time: 0.0015568733215332031
FIRE:   16 14:43:22     -201.626709        1.679215
matsci graph time: 0.0015370845794677734
FIRE:   17 14:43:22     -201.992065        0.934912
matsci graph time: 0.0015354156494140625
FIRE:   18 14:43:22     -202.230621        1.750851
matsci graph time: 0.001567840576171875
FIRE:   19 14:43:22     -202.514999        2.305347
matsci graph time: 0.0015497207641601562
FIRE:   20 14:43:22     -202.917343        1.122936
matsci graph time: 0.0015192031860351562
FIRE:   21 14:43:22     -203.259796        1.034684
matsci graph time: 0.0015578269958496094
FIRE:   22 14:43:22     -203.548294        1.244718
matsci graph time: 0.0015213489532470703
FIRE:   23 14:43:23     -203.830185        1.258633
matsci graph time: 0.0015718936920166016
FIRE:   24 14:43:23     -204.109558        0.863681
matsci graph time: 0.0015201568603515625
FIRE:   25 14:43:23     -204.375931        0.693050
matsci graph time: 0.0015575885772705078
FIRE:   26 14:43:23     -204.627319        1.070283
matsci graph time: 0.0015408992767333984
FIRE:   27 14:43:23     -204.880417        0.901617
matsci graph time: 0.0015511512756347656
FIRE:   28 14:43:23     -205.115479        0.600242
matsci graph time: 0.001512289047241211
FIRE:   29 14:43:23     -205.333374        0.792117
matsci graph time: 0.0015511512756347656
FIRE:   30 14:43:23     -205.557800        0.691452
matsci graph time: 0.0015382766723632812
FIRE:   31 14:43:23     -205.772339        0.561984
matsci graph time: 0.0015344619750976562
FIRE:   32 14:43:23     -205.958496        0.546179
matsci graph time: 0.0015306472778320312
FIRE:   33 14:43:23     -206.128693        0.527076
matsci graph time: 0.0015506744384765625
FIRE:   34 14:43:23     -206.295364        0.490083
matsci graph time: 0.0015447139739990234
FIRE:   35 14:43:24     -206.453735        0.460441
matsci graph time: 0.001577615737915039
FIRE:   36 14:43:24     -206.597809        0.495822
matsci graph time: 0.0015101432800292969
FIRE:   37 14:43:24     -206.737000        0.454773
matsci graph time: 0.001512289047241211
FIRE:   38 14:43:24     -206.878235        0.408526
matsci graph time: 0.0015497207641601562
FIRE:   39 14:43:24     -207.011093        0.396335
matsci graph time: 0.001531839370727539
FIRE:   40 14:43:24     -207.131577        0.386583
matsci graph time: 0.0015175342559814453
FIRE:   41 14:43:24     -207.251129        0.364468
matsci graph time: 0.001544952392578125
FIRE:   42 14:43:24     -207.372467        0.344262
matsci graph time: 0.0015518665313720703
FIRE:   43 14:43:24     -207.489349        0.391172
matsci graph time: 0.0015361309051513672
FIRE:   44 14:43:24     -207.604126        0.431470
matsci graph time: 0.001519918441772461
FIRE:   45 14:43:24     -207.724792        0.556472
matsci graph time: 0.001537322998046875
FIRE:   46 14:43:25     -207.856216        0.644117
matsci graph time: 0.0015366077423095703
FIRE:   47 14:43:25     -207.998718        0.649493
matsci graph time: 0.0015146732330322266
FIRE:   48 14:43:25     -208.148483        0.573557
matsci graph time: 0.0015118122100830078
FIRE:   49 14:43:25     -208.290771        0.406082
matsci graph time: 0.0015339851379394531
FIRE:   50 14:43:25     -208.405151        0.818767
matsci graph time: 0.001554250717163086
FIRE:   51 14:43:25     -208.497925        1.209258
matsci graph time: 0.0015385150909423828
FIRE:   52 14:43:25     -208.609894        1.143667
matsci graph time: 0.001512289047241211
FIRE:   53 14:43:25     -208.740448        0.566245
matsci graph time: 0.0015087127685546875
FIRE:   54 14:43:25     -208.841354        0.382886
matsci graph time: 0.0015034675598144531
FIRE:   55 14:43:25     -208.906296        0.629990
matsci graph time: 0.0015540122985839844
FIRE:   56 14:43:25     -208.962372        0.813849
matsci graph time: 0.0015063285827636719
FIRE:   57 14:43:25     -209.028107        0.792021
matsci graph time: 0.0015413761138916016
FIRE:   58 14:43:26     -209.106628        0.666812
matsci graph time: 0.0015347003936767578
FIRE:   59 14:43:26     -209.172531        0.520033
matsci graph time: 0.001531839370727539
FIRE:   60 14:43:26     -209.204285        0.865108
matsci graph time: 0.0015110969543457031
FIRE:   61 14:43:26     -209.237518        0.957124
matsci graph time: 0.0015380382537841797
FIRE:   62 14:43:26     -209.292999        0.752716
matsci graph time: 0.0015478134155273438
FIRE:   63 14:43:26     -209.341644        0.435619
matsci graph time: 0.0015377998352050781
FIRE:   64 14:43:26     -209.367996        0.605619
matsci graph time: 0.0015139579772949219
FIRE:   65 14:43:26     -209.399826        0.623330
matsci graph time: 0.0015370845794677734
FIRE:   66 14:43:26     -209.457947        0.552066
matsci graph time: 0.0015077590942382812
FIRE:   67 14:43:26     -209.510544        0.347974
matsci graph time: 0.0015072822570800781
FIRE:   68 14:43:26     -209.536407        0.651928
matsci graph time: 0.0014996528625488281
FIRE:   69 14:43:26     -209.576569        0.763336
matsci graph time: 0.001529693603515625
FIRE:   70 14:43:27     -209.639877        0.503536
matsci graph time: 0.0015459060668945312
FIRE:   71 14:43:27     -209.686127        0.342370
matsci graph time: 0.0015256404876708984
FIRE:   72 14:43:27     -209.710175        0.575701
matsci graph time: 0.0015063285827636719
FIRE:   73 14:43:27     -209.736481        0.670134
matsci graph time: 0.00152587890625
FIRE:   74 14:43:27     -209.775879        0.522475
matsci graph time: 0.0015292167663574219
FIRE:   75 14:43:27     -209.810852        0.209605
matsci graph time: 0.0015332698822021484
FIRE:   76 14:43:27     -209.818481        0.636699
matsci graph time: 0.0015027523040771484
FIRE:   77 14:43:27     -209.683029        2.372820
matsci graph time: 0.0015249252319335938
FIRE:   78 14:43:27     -209.713348        1.919897
matsci graph time: 0.0015342235565185547
FIRE:   79 14:43:27     -209.840759        1.124233
matsci graph time: 0.0015332698822021484
FIRE:   80 14:43:27     -209.887009        0.639560
matsci graph time: 0.0014963150024414062
FIRE:   81 14:43:27     -209.890808        0.547795
matsci graph time: 0.001524209976196289
FIRE:   82 14:43:28     -209.896484        0.381872
matsci graph time: 0.0015251636505126953
FIRE:   83 14:43:28     -209.901398        0.174923
matsci graph time: 0.0015032291412353516
FIRE:   84 14:43:28     -209.903900        0.108152
matsci graph time: 0.0014955997467041016
FIRE:   85 14:43:28     -209.904602        0.231592
matsci graph time: 0.00152587890625
FIRE:   86 14:43:28     -209.904861        0.223054
matsci graph time: 0.0015230178833007812
FIRE:   87 14:43:28     -209.905411        0.206304
matsci graph time: 0.0015256404876708984
FIRE:   88 14:43:28     -209.906128        0.182049
matsci graph time: 0.0015017986297607422
FIRE:   89 14:43:28     -209.907013        0.151455
matsci graph time: 0.0015225410461425781
FIRE:   90 14:43:28     -209.907990        0.116367
matsci graph time: 0.0015287399291992188
FIRE:   91 14:43:28     -209.908981        0.100699
matsci graph time: 0.0015287399291992188
FIRE:   92 14:43:28     -209.909973        0.100695
matsci graph time: 0.0014972686767578125
FIRE:   93 14:43:28     -209.911057        0.100684
matsci graph time: 0.0015347003936767578
FIRE:   94 14:43:29     -209.912231        0.100705
matsci graph time: 0.0015444755554199219
FIRE:   95 14:43:29     -209.913620        0.113224
matsci graph time: 0.0015306472778320312
FIRE:   96 14:43:29     -209.915344        0.136421
matsci graph time: 0.0015022754669189453
FIRE:   97 14:43:29     -209.917603        0.141218
matsci graph time: 0.0015206336975097656
FIRE:   98 14:43:29     -209.920517        0.122454
matsci graph time: 0.001642465591430664
FIRE:   99 14:43:29     -209.924072        0.103483
matsci graph time: 0.0015060901641845703
FIRE:  100 14:43:29     -209.928162        0.103788
matsci graph time: 0.0014965534210205078
FIRE:  101 14:43:29     -209.932724        0.104325
matsci graph time: 0.001524209976196289
FIRE:  102 14:43:29     -209.938049        0.105334
matsci graph time: 0.0015668869018554688
FIRE:  103 14:43:29     -209.944550        0.106942
matsci graph time: 0.0014979839324951172
FIRE:  104 14:43:29     -209.952148        0.109094
matsci graph time: 0.0014986991882324219
FIRE:  105 14:43:29     -209.960526        0.111376
matsci graph time: 0.0015301704406738281
FIRE:  106 14:43:30     -209.970169        0.113009
matsci graph time: 0.0015304088592529297
FIRE:  107 14:43:30     -209.981445        0.113483
matsci graph time: 0.0015285015106201172
FIRE:  108 14:43:30     -209.993835        0.112997
matsci graph time: 0.0014977455139160156
FIRE:  109 14:43:30     -210.008179        0.111430
matsci graph time: 0.001529693603515625
FIRE:  110 14:43:30     -210.023926        0.106253
matsci graph time: 0.0015316009521484375
FIRE:  111 14:43:30     -210.041595        0.093354
matsci graph time: 0.0015292167663574219
FIRE:  112 14:43:30     -210.059875        0.080746
matsci graph time: 0.0014963150024414062
FIRE:  113 14:43:30     -210.077423        0.115490
matsci graph time: 0.0015370845794677734
FIRE:  114 14:43:30     -210.092224        0.135464
matsci graph time: 0.0015056133270263672
FIRE:  115 14:43:30     -210.104004        0.186940
matsci graph time: 0.0014989376068115234
FIRE:  116 14:43:30     -210.115601        0.369030
matsci graph time: 0.0014986991882324219
FIRE:  117 14:43:30     -210.122787        0.175619
matsci graph time: 0.0015239715576171875
FIRE:  118 14:43:31     -210.123810        0.314611
matsci graph time: 0.0015225410461425781
FIRE:  119 14:43:31     -210.125549        0.238181
matsci graph time: 0.0015211105346679688
FIRE:  120 14:43:31     -210.127838        0.143159
matsci graph time: 0.0014939308166503906
FIRE:  121 14:43:31     -210.129425        0.136703
matsci graph time: 0.0015215873718261719
FIRE:  122 14:43:31     -210.130310        0.154867
matsci graph time: 0.001529693603515625
FIRE:  123 14:43:31     -210.131470        0.202903
matsci graph time: 0.0015184879302978516
FIRE:  124 14:43:31     -210.133606        0.188012
matsci graph time: 0.0014967918395996094
FIRE:  125 14:43:31     -210.136475        0.122742
matsci graph time: 0.001524209976196289
FIRE:  126 14:43:31     -210.139496        0.083547
matsci graph time: 0.001497507095336914
FIRE:  127 14:43:31     -210.141998        0.126942
matsci graph time: 0.0015215873718261719
FIRE:  128 14:43:31     -210.144867        0.162349
matsci graph time: 0.0015087127685546875
FIRE:  129 14:43:31     -210.149139        0.108596
matsci graph time: 0.0015246868133544922
FIRE:  130 14:43:32     -210.153687        0.091598
matsci graph time: 0.0015308856964111328
FIRE:  131 14:43:32     -210.158325        0.121635
matsci graph time: 0.0015225410461425781
FIRE:  132 14:43:32     -210.164780        0.104479
matsci graph time: 0.0014986991882324219
FIRE:  133 14:43:32     -210.172119        0.110674
matsci graph time: 0.0015361309051513672
FIRE:  134 14:43:32     -210.181595        0.119621
matsci graph time: 0.001523733139038086
FIRE:  135 14:43:32     -210.193787        0.132117
matsci graph time: 0.0015227794647216797
FIRE:  136 14:43:32     -210.210159        0.142510
matsci graph time: 0.0014958381652832031
FIRE:  137 14:43:32     -210.230652        0.183144
matsci graph time: 0.0015015602111816406
FIRE:  138 14:43:32     -210.256912        0.254626
matsci graph time: 0.0015211105346679688
FIRE:  139 14:43:32     -210.286621        0.477029
matsci graph time: 0.0015034675598144531
FIRE:  140 14:43:32     -210.290527        1.220467
matsci graph time: 0.0014998912811279297
FIRE:  141 14:43:32     -210.328537        0.092575
matsci graph time: 0.0015254020690917969
FIRE:  142 14:43:33     -210.298019        1.371943
matsci graph time: 0.0015249252319335938
FIRE:  143 14:43:33     -210.316711        0.898588
matsci graph time: 0.00152587890625
FIRE:  144 14:43:33     -210.332275        0.203583
matsci graph time: 0.0014951229095458984
FIRE:  145 14:43:33     -210.330414        0.451143
matsci graph time: 0.0015282630920410156
FIRE:  146 14:43:33     -210.331024        0.423611
matsci graph time: 0.0015261173248291016
FIRE:  147 14:43:33     -210.332123        0.369940
matsci graph time: 0.0015344619750976562
FIRE:  148 14:43:33     -210.333435        0.292999
matsci graph time: 0.00150299072265625
FIRE:  149 14:43:33     -210.334763        0.197361
matsci graph time: 0.0015256404876708984
FIRE:  150 14:43:33     -210.335800        0.090681
matsci graph time: 0.0015425682067871094
FIRE:  151 14:43:33     -210.336472        0.083701
matsci graph time: 0.0015320777893066406
FIRE:  152 14:43:33     -210.336853        0.120266
matsci graph time: 0.0015015602111816406
FIRE:  153 14:43:33     -210.337189        0.195683
matsci graph time: 0.0015287399291992188
FIRE:  154 14:43:34     -210.337860        0.237951
matsci graph time: 0.0015325546264648438
FIRE:  155 14:43:34     -210.339081        0.234501
matsci graph time: 0.0015327930450439453
FIRE:  156 14:43:34     -210.341034        0.178072
matsci graph time: 0.0014972686767578125
FIRE:  157 14:43:34     -210.343384        0.097346
matsci graph time: 0.0015270709991455078
FIRE:  158 14:43:34     -210.345612        0.079740
matsci graph time: 0.0015339851379394531
FIRE:  159 14:43:34     -210.347809        0.172432
matsci graph time: 0.0015270709991455078
FIRE:  160 14:43:34     -210.350800        0.198051
matsci graph time: 0.0014998912811279297
FIRE:  161 14:43:34     -210.355011        0.122051
matsci graph time: 0.0015289783477783203
FIRE:  162 14:43:34     -210.359756        0.074752
matsci graph time: 0.0015268325805664062
FIRE:  163 14:43:34     -210.364761        0.156663
matsci graph time: 0.0015287399291992188
FIRE:  164 14:43:34     -210.371475        0.111684
matsci graph time: 0.0015003681182861328
FIRE:  165 14:43:34     -210.379211        0.104646
matsci graph time: 0.0015201568603515625
FIRE:  166 14:43:35     -210.387970        0.146561
matsci graph time: 0.0015225410461425781
FIRE:  167 14:43:35     -210.398666        0.083539
matsci graph time: 0.0015287399291992188
FIRE:  168 14:43:35     -210.410431        0.115254
matsci graph time: 0.0015006065368652344
FIRE:  169 14:43:35     -210.423538        0.159595
matsci graph time: 0.001546621322631836
FIRE:  170 14:43:35     -210.438034        0.081065
matsci graph time: 0.0015332698822021484
FIRE:  171 14:43:35     -210.453125        0.075137
matsci graph time: 0.0015273094177246094
FIRE:  172 14:43:35     -210.468582        0.130125
matsci graph time: 0.0014967918395996094
FIRE:  173 14:43:35     -210.481842        0.333509
matsci graph time: 0.0015289783477783203
FIRE:  174 14:43:35     -210.476532        0.754264
matsci graph time: 0.0015289783477783203
FIRE:  175 14:43:35     -210.504303        0.108243
matsci graph time: 0.0015273094177246094
FIRE:  176 14:43:35     -210.483902        0.821966
matsci graph time: 0.0014996528625488281
FIRE:  177 14:43:35     -210.494827        0.583654
matsci graph time: 0.0015270709991455078
FIRE:  178 14:43:36     -210.505707        0.207125
matsci graph time: 0.0015361309051513672
FIRE:  179 14:43:36     -210.506622        0.193523
matsci graph time: 0.0015251636505126953
FIRE:  180 14:43:36     -210.506836        0.184788
matsci graph time: 0.0015037059783935547
FIRE:  181 14:43:36     -210.507263        0.168249
matsci graph time: 0.0014958381652832031
FIRE:  182 14:43:36     -210.507782        0.145348
matsci graph time: 0.0015239715576171875
FIRE:  183 14:43:36     -210.508347        0.118947
matsci graph time: 0.0015339851379394531
FIRE:  184 14:43:36     -210.508820        0.094216
matsci graph time: 0.0014958381652832031
FIRE:  185 14:43:36     -210.509201        0.079392
matsci graph time: 0.0015289783477783203
FIRE:  186 14:43:36     -210.509521        0.079924
matsci graph time: 0.0015234947204589844
FIRE:  187 14:43:36     -210.509827        0.107758
matsci graph time: 0.0015320777893066406
FIRE:  188 14:43:36     -210.510315        0.128936
matsci graph time: 0.0014977455139160156
FIRE:  189 14:43:36     -210.511047        0.130830
matsci graph time: 0.00152587890625
FIRE:  190 14:43:37     -210.512085        0.109728
matsci graph time: 0.0015254020690917969
FIRE:  191 14:43:37     -210.513336        0.080341
matsci graph time: 0.001527547836303711
FIRE:  192 14:43:37     -210.514709        0.083743
matsci graph time: 0.0014994144439697266
FIRE:  193 14:43:37     -210.516174        0.105172
matsci graph time: 0.0015244483947753906
FIRE:  194 14:43:37     -210.518036        0.117190
matsci graph time: 0.0015001296997070312
FIRE:  195 14:43:37     -210.520523        0.104565
matsci graph time: 0.001522064208984375
FIRE:  196 14:43:37     -210.523438        0.083623
matsci graph time: 0.0014963150024414062
FIRE:  197 14:43:37     -210.526718        0.094570
matsci graph time: 0.0015287399291992188
FIRE:  198 14:43:37     -210.530945        0.087396
matsci graph time: 0.0015265941619873047
FIRE:  199 14:43:37     -210.536011        0.095392
matsci graph time: 0.0015337467193603516
FIRE:  200 14:43:37     -210.542053        0.111900
matsci graph time: 0.0015079975128173828
FIRE:  201 14:43:37     -210.549591        0.089331
matsci graph time: 0.0015282630920410156
FIRE:  202 14:43:38     -210.558563        0.087947
matsci graph time: 0.0015301704406738281
FIRE:  203 14:43:38     -210.569336        0.096397
matsci graph time: 0.001497030258178711
FIRE:  204 14:43:38     -210.581970        0.071867
matsci graph time: 0.0015027523040771484
FIRE:  205 14:43:38     -210.596283        0.091050
matsci graph time: 0.0015261173248291016
FIRE:  206 14:43:38     -210.610947        0.085787
matsci graph time: 0.0015263557434082031
FIRE:  207 14:43:38     -210.622055        0.235674
matsci graph time: 0.001528024673461914
FIRE:  208 14:43:38     -210.620499        0.530867
matsci graph time: 0.0015037059783935547
FIRE:  209 14:43:38     -210.636459        0.157239
matsci graph time: 0.0015316009521484375
FIRE:  210 14:43:38     -210.627869        0.464828
matsci graph time: 0.0015287399291992188
FIRE:  211 14:43:38     -210.633163        0.345945
matsci graph time: 0.0016012191772460938
FIRE:  212 14:43:38     -210.639038        0.149235
matsci graph time: 0.0015039443969726562
FIRE:  213 14:43:38     -210.640549        0.123012
matsci graph time: 0.0015287399291992188
FIRE:  214 14:43:39     -210.640640        0.122658
matsci graph time: 0.0015130043029785156
FIRE:  215 14:43:39     -210.640869        0.121950
matsci graph time: 0.0015294551849365234
FIRE:  216 14:43:39     -210.641129        0.120892
matsci graph time: 0.0015027523040771484
FIRE:  217 14:43:39     -210.641449        0.119485
matsci graph time: 0.0015316009521484375
FIRE:  218 14:43:39     -210.641785        0.117729
matsci graph time: 0.0015304088592529297
FIRE:  219 14:43:39     -210.642136        0.115630
matsci graph time: 0.0015361309051513672
FIRE:  220 14:43:39     -210.642502        0.113207
matsci graph time: 0.0015017986297607422
FIRE:  221 14:43:39     -210.642899        0.110191
matsci graph time: 0.001499176025390625
FIRE:  222 14:43:39     -210.643448        0.106517
matsci graph time: 0.0015332698822021484
FIRE:  223 14:43:39     -210.644119        0.102124
matsci graph time: 0.0015294551849365234
FIRE:  224 14:43:39     -210.644989        0.096951
matsci graph time: 0.001499176025390625
FIRE:  225 14:43:39     -210.645996        0.090945
matsci graph time: 0.0015344619750976562
FIRE:  226 14:43:40     -210.647156        0.084084
matsci graph time: 0.0015363693237304688
FIRE:  227 14:43:40     -210.648438        0.076446
matsci graph time: 0.0015244483947753906
FIRE:  228 14:43:40     -210.649963        0.068240
matsci graph time: 0.0014996528625488281
FIRE:  229 14:43:40     -210.651764        0.059750
matsci graph time: 0.0015261173248291016
FIRE:  230 14:43:40     -210.653809        0.051918
matsci graph time: 0.0015320777893066406
FIRE:  231 14:43:40     -210.656097        0.051946
matsci graph time: 0.0015077590942382812
FIRE:  232 14:43:40     -210.658829        0.051768
matsci graph time: 0.0014984607696533203
FIRE:  233 14:43:40     -210.661942        0.051325
matsci graph time: 0.0015327930450439453
FIRE:  234 14:43:40     -210.665649        0.050954
matsci graph time: 0.0015330314636230469
FIRE:  235 14:43:40     -210.670105        0.050999
matsci graph time: 0.001529693603515625
FIRE:  236 14:43:40     -210.675446        0.051016
matsci graph time: 0.0014984607696533203
FIRE:  237 14:43:41     -210.681915        0.053140
matsci graph time: 0.0015325546264648438
FIRE:  238 14:43:41     -210.689758        0.050311
matsci graph time: 0.0015163421630859375
FIRE:  239 14:43:41     -210.698959        0.072380
matsci graph time: 0.001519918441772461
FIRE:  240 14:43:41     -210.709106        0.168906
matsci graph time: 0.0015208721160888672
FIRE:  241 14:43:41     -210.716629        0.461547
matsci graph time: 0.0015292167663574219
FIRE:  242 14:43:41     -210.721405        0.049510
matsci graph time: 0.0015263557434082031
FIRE:  243 14:43:41     -210.718674        0.412737
matsci graph time: 0.0015249252319335938
FIRE:  244 14:43:41     -210.720215        0.310947
matsci graph time: 0.0015032291412353516
FIRE:  245 14:43:41     -210.721924        0.135867
matsci graph time: 0.001524209976196289
FIRE:  246 14:43:41     -210.722473        0.067013
matsci graph time: 0.0015273094177246094
FIRE:  247 14:43:41     -210.722504        0.063216
matsci graph time: 0.0015256404876708984
FIRE:  248 14:43:41     -210.722549        0.055901
matsci graph time: 0.0015063285827636719
FIRE:  249 14:43:42     -210.722626        0.049437
matsci graph time: 0.0015263557434082031
FIRE:  250 14:43:42     -210.722717        0.049398
matsci graph time: 0.0015270709991455078
FIRE:  251 14:43:42     -210.722809        0.049356
matsci graph time: 0.0015263557434082031
FIRE:  252 14:43:42     -210.722916        0.049313
matsci graph time: 0.0015022754669189453
FIRE:  253 14:43:42     -210.723038        0.049273
matsci graph time: 0.0015299320220947266
FIRE:  254 14:43:42     -210.723190        0.049236
matsci graph time: 0.0015304088592529297
FIRE:  255 14:43:42     -210.723389        0.049208
matsci graph time: 0.0017886161804199219
FIRE:  256 14:43:42     -210.723618        0.049194
matsci graph time: 0.0015025138854980469
FIRE:  257 14:43:42     -210.723907        0.049196
matsci graph time: 0.0014965534210205078
FIRE:  258 14:43:42     -210.724319        0.049215
matsci graph time: 0.0015211105346679688
FIRE:  259 14:43:42     -210.724762        0.049240
matsci graph time: 0.0015451908111572266
FIRE:  260 14:43:42     -210.725342        0.049253
matsci graph time: 0.00150299072265625
FIRE:  261 14:43:43     -210.725998        0.049228
matsci graph time: 0.0015268325805664062
FIRE:  262 14:43:43     -210.726837        0.049140
matsci graph time: 0.001527547836303711
FIRE:  263 14:43:43     -210.727844        0.049004
matsci graph time: 0.0015268325805664062
FIRE:  264 14:43:43     -210.729034        0.048865
matsci graph time: 0.0015027523040771484
FIRE:  265 14:43:43     -210.730499        0.048779
matsci graph time: 0.0015263557434082031
FIRE:  266 14:43:43     -210.732239        0.048740
matsci graph time: 0.0015282630920410156
FIRE:  267 14:43:43     -210.734314        0.048635
matsci graph time: 0.001501321792602539
FIRE:  268 14:43:43     -210.736801        0.048381
matsci graph time: 0.0014967918395996094
FIRE:  269 14:43:43     -210.739716        0.048149
matsci graph time: 0.0014989376068115234
FIRE:  270 14:43:43     -210.743164        0.048044
matsci graph time: 0.00153350830078125
FIRE:  271 14:43:43     -210.747177        0.047682
matsci graph time: 0.0015060901641845703
FIRE:  272 14:43:43     -210.751801        0.047412
matsci graph time: 0.001500844955444336
FIRE:  273 14:43:44     -210.757050        0.047025
matsci graph time: 0.0015256404876708984
FIRE:  274 14:43:44     -210.762726        0.112741
matsci graph time: 0.001535654067993164
FIRE:  275 14:43:44     -210.766602        0.365660
matsci graph time: 0.0015027523040771484
FIRE:  276 14:43:44     -210.769562        0.045535
matsci graph time: 0.0014982223510742188
FIRE:  277 14:43:44     -210.767685        0.336978
matsci graph time: 0.0015323162078857422
FIRE:  278 14:43:44     -210.768707        0.251288
matsci graph time: 0.0015277862548828125
FIRE:  279 14:43:44     -210.769852        0.104232
matsci graph time: 0.0015234947204589844
FIRE:  280 14:43:44     -210.770111        0.064357
matsci graph time: 0.0015056133270263672
FIRE:  281 14:43:44     -210.770126        0.060460
matsci graph time: 0.00153350830078125
FIRE:  282 14:43:44     -210.770172        0.052912
matsci graph time: 0.0015256404876708984
FIRE:  283 14:43:44     -210.770218        0.045402
matsci graph time: 0.001528024673461914
FIRE:  284 14:43:44     -210.770279        0.045377
matsci graph time: 0.0015077590942382812
FIRE:  285 14:43:45     -210.770325        0.045348
matsci graph time: 0.0015468597412109375
FIRE:  286 14:43:45     -210.770386        0.045318
matsci graph time: 0.001528024673461914
FIRE:  287 14:43:45     -210.770462        0.045287
matsci graph time: 0.0015287399291992188
FIRE:  288 14:43:45     -210.770554        0.045255
matsci graph time: 0.0015010833740234375
FIRE:  289 14:43:45     -210.770630        0.045224
matsci graph time: 0.0015025138854980469
FIRE:  290 14:43:45     -210.770782        0.045194
matsci graph time: 0.0015299320220947266
FIRE:  291 14:43:45     -210.770950        0.045167
matsci graph time: 0.0015254020690917969
FIRE:  292 14:43:45     -210.771179        0.045140
matsci graph time: 0.0015001296997070312
FIRE:  293 14:43:45     -210.771423        0.045107
matsci graph time: 0.0015294551849365234
FIRE:  294 14:43:45     -210.771744        0.045056
matsci graph time: 0.0015249252319335938
FIRE:  295 14:43:45     -210.772125        0.044973
matsci graph time: 0.0014998912811279297
FIRE:  296 14:43:45     -210.772598        0.044850
matsci graph time: 0.0015053749084472656
FIRE:  297 14:43:46     -210.773178        0.044692
matsci graph time: 0.0015308856964111328
FIRE:  298 14:43:46     -210.773880        0.044519
matsci graph time: 0.0015299320220947266
FIRE:  299 14:43:46     -210.774734        0.044357
matsci graph time: 0.0015265941619873047
FIRE:  300 14:43:46     -210.775757        0.044195
matsci graph time: 0.0014982223510742188
FIRE:  301 14:43:46     -210.777008        0.043970
matsci graph time: 0.0015380382537841797
FIRE:  302 14:43:46     -210.778534        0.043653
matsci graph time: 0.0015308856964111328
FIRE:  303 14:43:46     -210.780350        0.043329
matsci graph time: 0.0015261173248291016
FIRE:  304 14:43:46     -210.782578        0.043019
matsci graph time: 0.001524209976196289
FIRE:  305 14:43:46     -210.785248        0.042555
matsci graph time: 0.0015337467193603516
FIRE:  306 14:43:46     -210.788498        0.042155
matsci graph time: 0.0015316009521484375
FIRE:  307 14:43:46     -210.792419        0.041562
matsci graph time: 0.001497030258178711
FIRE:  308 14:43:46     -210.796997        0.089039
matsci graph time: 0.0014982223510742188
FIRE:  309 14:43:47     -210.800751        0.281169
matsci graph time: 0.0015323162078857422
FIRE:  310 14:43:47     -210.788971        0.932749
matsci graph time: 0.0015316009521484375
FIRE:  311 14:43:47     -210.808105        0.245335
matsci graph time: 0.0015201568603515625
FIRE:  312 14:43:47     -210.808929        0.173673
matsci graph time: 0.0015001296997070312
FIRE:  313 14:43:47     -210.809708        0.050220
matsci graph time: 0.0015034675598144531
FIRE:  314 14:43:47     -210.809753        0.087952
matsci graph time: 0.0015025138854980469
FIRE:  315 14:43:47     -210.809799        0.081274
matsci graph time: 0.0015263557434082031
FIRE:  316 14:43:47     -210.809875        0.068458
matsci graph time: 0.001497507095336914
FIRE:  317 14:43:47     -210.809937        0.050598
matsci graph time: 0.001531839370727539
FIRE:  318 14:43:47     -210.810059        0.043406
matsci graph time: 0.0015270709991455078
FIRE:  319 14:43:47     -210.810135        0.043478
matsci graph time: 0.0015447139739990234
FIRE:  320 14:43:47     -210.810211        0.043561
matsci graph time: 0.0014972686767578125
FIRE:  321 14:43:48     -210.810272        0.043652
matsci graph time: 0.0015306472778320312
FIRE:  322 14:43:48     -210.810394        0.043758
matsci graph time: 0.0015304088592529297
FIRE:  323 14:43:48     -210.810516        0.047529
matsci graph time: 0.0015332698822021484
FIRE:  324 14:43:48     -210.810699        0.044018
matsci graph time: 0.0014994144439697266
FIRE:  325 14:43:48     -210.810944        0.044178
matsci graph time: 0.0015244483947753906
FIRE:  326 14:43:48     -210.811234        0.044367
matsci graph time: 0.0015323162078857422
FIRE:  327 14:43:48     -210.811554        0.044602
matsci graph time: 0.0015301704406738281
FIRE:  328 14:43:48     -210.811951        0.044899
matsci graph time: 0.0014998912811279297
FIRE:  329 14:43:48     -210.812469        0.045276
matsci graph time: 0.0015306472778320312
FIRE:  330 14:43:48     -210.813126        0.045751
matsci graph time: 0.0015268325805664062
FIRE:  331 14:43:48     -210.813889        0.046341
matsci graph time: 0.001528024673461914
FIRE:  332 14:43:48     -210.814850        0.047050
matsci graph time: 0.0015022754669189453
FIRE:  333 14:43:49     -210.816040        0.047918
matsci graph time: 0.0015292167663574219
FIRE:  334 14:43:49     -210.817474        0.049056
matsci graph time: 0.0015261173248291016
FIRE:  335 14:43:49     -210.819351        0.051811
matsci graph time: 0.0015239715576171875
FIRE:  336 14:43:49     -210.821640        0.055897
matsci graph time: 0.0015025138854980469
FIRE:  337 14:43:49     -210.824585        0.059615
matsci graph time: 0.0015301704406738281
FIRE:  338 14:43:49     -210.828308        0.063246
matsci graph time: 0.0015261173248291016
FIRE:  339 14:43:49     -210.833008        0.066936
matsci graph time: 0.0015263557434082031
FIRE:  340 14:43:49     -210.838837        0.077560
matsci graph time: 0.0014984607696533203
FIRE:  341 14:43:49     -210.845505        0.181860
matsci graph time: 0.0015261173248291016
FIRE:  342 14:43:49     -210.849670        0.486639
matsci graph time: 0.001531362533569336
FIRE:  343 14:43:49     -210.855713        0.078645
matsci graph time: 0.0015215873718261719
FIRE:  344 14:43:49     -210.855804        0.078675
matsci graph time: 0.0014965534210205078
FIRE:  345 14:43:50     -210.855972        0.078741
matsci graph time: 0.0015497207641601562
FIRE:  346 14:43:50     -210.856201        0.078857
matsci graph time: 0.0015249252319335938
FIRE:  347 14:43:50     -210.856506        0.079040
matsci graph time: 0.0015311241149902344
FIRE:  348 14:43:50     -210.856903        0.079305
matsci graph time: 0.0015022754669189453
FIRE:  349 14:43:50     -210.857391        0.079659
matsci graph time: 0.0015270709991455078
FIRE:  350 14:43:50     -210.857941        0.080106
matsci graph time: 0.0015261173248291016
FIRE:  351 14:43:50     -210.858627        0.080701
matsci graph time: 0.0015234947204589844
FIRE:  352 14:43:50     -210.859543        0.081468
matsci graph time: 0.0014972686767578125
FIRE:  353 14:43:50     -210.860687        0.082437
matsci graph time: 0.001531839370727539
FIRE:  354 14:43:50     -210.862122        0.083653
matsci graph time: 0.0015306472778320312
FIRE:  355 14:43:50     -210.863937        0.085198
matsci graph time: 0.0015370845794677734
FIRE:  356 14:43:50     -210.866241        0.087163
matsci graph time: 0.0014982223510742188
FIRE:  357 14:43:51     -210.869171        0.089609
matsci graph time: 0.0016021728515625
FIRE:  358 14:43:51     -210.872925        0.092255
matsci graph time: 0.0015017986297607422
FIRE:  359 14:43:51     -210.877655        0.094992
matsci graph time: 0.001499176025390625
FIRE:  360 14:43:51     -210.883682        0.098027
matsci graph time: 0.001497507095336914
FIRE:  361 14:43:51     -210.891357        0.100712
matsci graph time: 0.0015342235565185547
FIRE:  362 14:43:51     -210.901047        0.102310
matsci graph time: 0.0015330314636230469
FIRE:  363 14:43:51     -210.913116        0.100654
matsci graph time: 0.0015368461608886719
FIRE:  364 14:43:51     -210.926834        0.156153
matsci graph time: 0.0015037059783935547
FIRE:  365 14:43:51     -210.933487        0.571793
matsci graph time: 0.00152587890625
FIRE:  366 14:43:51     -210.942123        0.063407
matsci graph time: 0.0015299320220947266
FIRE:  367 14:43:51     -210.942261        0.062932
matsci graph time: 0.0015327930450439453
FIRE:  368 14:43:51     -210.942474        0.062021
matsci graph time: 0.001501321792602539
FIRE:  369 14:43:52     -210.942764        0.060745
matsci graph time: 0.0015306472778320312
FIRE:  370 14:43:52     -210.943085        0.059223
matsci graph time: 0.001528024673461914
FIRE:  371 14:43:52     -210.943542        0.057595
matsci graph time: 0.0015225410461425781
FIRE:  372 14:43:52     -210.944077        0.055993
matsci graph time: 0.0015003681182861328
FIRE:  373 14:43:52     -210.944672        0.054517
matsci graph time: 0.0015265941619873047
FIRE:  374 14:43:52     -210.945404        0.053095
matsci graph time: 0.0014996528625488281
FIRE:  375 14:43:52     -210.946274        0.051773
matsci graph time: 0.0015223026275634766
FIRE:  376 14:43:52     -210.947342        0.050476
matsci graph time: 0.0015032291412353516
FIRE:  377 14:43:52     -210.948608        0.048916
matsci graph time: 0.0015299320220947266
FIRE:  378 14:43:52     -210.950119        0.046611
matsci graph time: 0.0015568733215332031
FIRE:  379 14:43:52     -210.951904        0.043076
matsci graph time: 0.0015282630920410156
FIRE:  380 14:43:52     -210.953934        0.038531
matsci graph time: 0.0014955997467041016
FIRE:  381 14:43:53     -210.956268        0.038484
matsci graph time: 0.0015292167663574219
FIRE:  382 14:43:53     -210.958832        0.038174
matsci graph time: 0.0015327930450439453
FIRE:  383 14:43:53     -210.961609        0.037495
matsci graph time: 0.0015265941619873047
FIRE:  384 14:43:53     -210.964447        0.048852
matsci graph time: 0.0014984607696533203
FIRE:  385 14:43:53     -210.967224        0.095845
matsci graph time: 0.0015268325805664062
FIRE:  386 14:43:53     -210.969238        0.185319
matsci graph time: 0.0015311241149902344
FIRE:  387 14:43:53     -210.970520        0.037057
matsci graph time: 0.0015244483947753906
FIRE:  388 14:43:53     -210.970078        0.140046
matsci graph time: 0.0014986991882324219
FIRE:  389 14:43:53     -210.970367        0.111750
matsci graph time: 0.0014989376068115234
FIRE:  390 14:43:53     -210.970734        0.061164
matsci graph time: 0.0015261173248291016
FIRE:  391 14:43:53     -210.970917        0.035802
matsci graph time: 0.0015301704406738281
FIRE:  392 14:43:53     -210.970917        0.056120
matsci graph time: 0.001501321792602539
FIRE:  393 14:43:54     -210.970917        0.053176
matsci graph time: 0.0014984607696533203
FIRE:  394 14:43:54     -210.970947        0.047488
matsci graph time: 0.0015261173248291016
FIRE:  395 14:43:54     -210.971008        0.039599
matsci graph time: 0.0015287399291992188
FIRE:  396 14:43:54     -210.971039        0.035776
matsci graph time: 0.0015032291412353516
FIRE:  397 14:43:54     -210.971100        0.035783
matsci graph time: 0.0015304088592529297
FIRE:  398 14:43:54     -210.971146        0.035790
matsci graph time: 0.001522064208984375
FIRE:  399 14:43:54     -210.971191        0.035795
matsci graph time: 0.001523733139038086
FIRE:  400 14:43:54     -210.971237        0.035796
matsci graph time: 0.001495361328125
FIRE:  401 14:43:54     -210.971298        0.035792
matsci graph time: 0.0015320777893066406
FIRE:  402 14:43:54     -210.971344        0.035779
matsci graph time: 0.0015261173248291016
FIRE:  403 14:43:54     -210.971451        0.035755
matsci graph time: 0.001535654067993164
FIRE:  404 14:43:54     -210.971588        0.035718
matsci graph time: 0.0014963150024414062
FIRE:  405 14:43:55     -210.971741        0.035669
matsci graph time: 0.0015273094177246094
FIRE:  406 14:43:55     -210.971924        0.035612
matsci graph time: 0.0015282630920410156
FIRE:  407 14:43:55     -210.972122        0.035551
matsci graph time: 0.0015308856964111328
FIRE:  408 14:43:55     -210.972382        0.035486
matsci graph time: 0.001501321792602539
FIRE:  409 14:43:55     -210.972702        0.035414
matsci graph time: 0.001501321792602539
FIRE:  410 14:43:55     -210.973083        0.035319
matsci graph time: 0.0015301704406738281
FIRE:  411 14:43:55     -210.973480        0.035176
matsci graph time: 0.001520395278930664
FIRE:  412 14:43:55     -210.974030        0.034974
matsci graph time: 0.001499176025390625
FIRE:  413 14:43:55     -210.974655        0.034734
matsci graph time: 0.0015292167663574219
FIRE:  414 14:43:55     -210.975388        0.034481
matsci graph time: 0.0015268325805664062
FIRE:  415 14:43:55     -210.976303        0.034177
matsci graph time: 0.0015320777893066406
FIRE:  416 14:43:56     -210.977371        0.033735
matsci graph time: 0.0014967918395996094
FIRE:  417 14:43:56     -210.978622        0.033264
matsci graph time: 0.0015282630920410156
FIRE:  418 14:43:56     -210.980118        0.032823
matsci graph time: 0.001529693603515625
FIRE:  419 14:43:56     -210.981888        0.032129
matsci graph time: 0.0015299320220947266
FIRE:  420 14:43:56     -210.983917        0.047864
matsci graph time: 0.0015027523040771484
FIRE:  421 14:43:56     -210.985809        0.126769
matsci graph time: 0.001786947250366211
FIRE:  422 14:43:56     -210.985092        0.361601
matsci graph time: 0.0015251636505126953
FIRE:  423 14:43:56     -210.989075        0.042060
matsci graph time: 0.001495361328125
FIRE:  424 14:43:56     -210.989105        0.030602
matsci graph time: 0.0015015602111816406
FIRE:  425 14:43:56     -210.989151        0.029934
matsci graph time: 0.0015256404876708984
FIRE:  426 14:43:56     -210.989197        0.030023
matsci graph time: 0.0015251636505126953
FIRE:  427 14:43:56     -210.989273        0.030090
matsci graph time: 0.0015254020690917969
FIRE:  428 14:43:57     -210.989349        0.030556
matsci graph time: 0.001497507095336914
FIRE:  429 14:43:57     -210.989456        0.030077
matsci graph time: 0.0015187263488769531
FIRE:  430 14:43:57     -210.989578        0.029996
matsci graph time: 0.0014944076538085938
FIRE:  431 14:43:57     -210.989731        0.029882
matsci graph time: 0.0015244483947753906
FIRE:  432 14:43:57     -210.989899        0.029769
matsci graph time: 0.0015017986297607422
FIRE:  433 14:43:57     -210.990143        0.029695
matsci graph time: 0.0015227794647216797
FIRE:  434 14:43:57     -210.990402        0.029677
matsci graph time: 0.0015175342559814453
FIRE:  435 14:43:57     -210.990738        0.029658
matsci graph time: 0.0015330314636230469
FIRE:  436 14:43:57     -210.991180        0.029553
matsci graph time: 0.001500844955444336
FIRE:  437 14:43:57     -210.991684        0.029373
matsci graph time: 0.0015304088592529297
FIRE:  438 14:43:57     -210.992340        0.029218
matsci graph time: 0.0015442371368408203
FIRE:  439 14:43:57     -210.993118        0.029050
matsci graph time: 0.00152587890625
FIRE:  440 14:43:58     -210.994034        0.028722
matsci graph time: 0.0014963150024414062
FIRE:  441 14:43:58     -210.995163        0.028541
matsci graph time: 0.0015189647674560547
FIRE:  442 14:43:58     -210.996521        0.028072
matsci graph time: 0.0015020370483398438
FIRE:  443 14:43:58     -210.998108        0.038440
matsci graph time: 0.0015232563018798828
FIRE:  444 14:43:58     -210.999573        0.140417
matsci graph time: 0.001499176025390625
FIRE:  445 14:43:58     -210.997314        0.479941
matsci graph time: 0.0015196800231933594
FIRE:  446 14:43:58     -211.001984        0.102919
matsci graph time: 0.00152587890625
FIRE:  447 14:43:58     -211.002106        0.072372
matsci graph time: 0.0015249252319335938
FIRE:  448 14:43:58     -211.002228        0.026179
matsci graph time: 0.0014998912811279297
FIRE:  449 14:43:58     -211.002258        0.035942
matsci graph time: 0.0015292167663574219
FIRE:  450 14:43:58     -211.002258        0.033233
matsci graph time: 0.0015299320220947266
FIRE:  451 14:43:58     -211.002289        0.028033
matsci graph time: 0.001523733139038086
FIRE:  452 14:43:59     -211.002304        0.026353
matsci graph time: 0.0014977455139160156
FIRE:  453 14:43:59     -211.002319        0.026326
matsci graph time: 0.0015265941619873047
FIRE:  454 14:43:59     -211.002319        0.026298
matsci graph time: 0.001527547836303711
FIRE:  455 14:43:59     -211.002380        0.026270
matsci graph time: 0.0015325546264648438
FIRE:  456 14:43:59     -211.002396        0.026246
matsci graph time: 0.0015003681182861328
FIRE:  457 14:43:59     -211.002426        0.026224
matsci graph time: 0.0015232563018798828
FIRE:  458 14:43:59     -211.002472        0.026208
matsci graph time: 0.0015308856964111328
FIRE:  459 14:43:59     -211.002502        0.026198
matsci graph time: 0.0015254020690917969
FIRE:  460 14:43:59     -211.002579        0.026195
matsci graph time: 0.0014982223510742188
FIRE:  461 14:43:59     -211.002640        0.026196
matsci graph time: 0.0015230178833007812
FIRE:  462 14:43:59     -211.002716        0.026192
matsci graph time: 0.0015261173248291016
FIRE:  463 14:43:59     -211.002838        0.026168
matsci graph time: 0.0015287399291992188
FIRE:  464 14:44:00     -211.002991        0.026112
matsci graph time: 0.0015277862548828125
FIRE:  465 14:44:00     -211.003174        0.026022
matsci graph time: 0.0015299320220947266
FIRE:  466 14:44:00     -211.003357        0.025918
matsci graph time: 0.0015263557434082031
FIRE:  467 14:44:00     -211.003632        0.025829
matsci graph time: 0.0015246868133544922
FIRE:  468 14:44:00     -211.003937        0.025760
matsci graph time: 0.0014967918395996094
FIRE:  469 14:44:00     -211.004333        0.025660
matsci graph time: 0.0015282630920410156
FIRE:  470 14:44:00     -211.004761        0.025471
matsci graph time: 0.0015246868133544922
FIRE:  471 14:44:00     -211.005341        0.025249
matsci graph time: 0.0015265941619873047
FIRE:  472 14:44:00     -211.006012        0.025077
matsci graph time: 0.0015044212341308594
FIRE:  473 14:44:00     -211.006821        0.024802
matsci graph time: 0.0015299320220947266
FIRE:  474 14:44:00     -211.007782        0.024455
matsci graph time: 0.0015230178833007812
FIRE:  475 14:44:00     -211.008957        0.024157
matsci graph time: 0.00151824951171875
FIRE:  476 14:44:01     -211.010300        0.052160
matsci graph time: 0.0014972686767578125
FIRE:  477 14:44:01     -211.011230        0.184291
matsci graph time: 0.001524209976196289
FIRE:  478 14:44:01     -211.011948        0.023109
matsci graph time: 0.0015254020690917969
FIRE:  479 14:44:01     -211.011963        0.023109
matsci graph time: 0.0015304088592529297
FIRE:  480 14:44:01     -211.011978        0.023108
matsci graph time: 0.0014951229095458984
FIRE:  481 14:44:01     -211.012009        0.023106
matsci graph time: 0.0015294551849365234
FIRE:  482 14:44:01     -211.012054        0.023100
matsci graph time: 0.0015225410461425781
FIRE:  483 14:44:01     -211.012100        0.023090
matsci graph time: 0.0015287399291992188
FIRE:  484 14:44:01     -211.012146        0.023074
matsci graph time: 0.0015003681182861328
FIRE:  485 14:44:01     -211.012207        0.023052
matsci graph time: 0.0015263557434082031
FIRE:  486 14:44:01     -211.012299        0.023023
matsci graph time: 0.001523733139038086
FIRE:  487 14:44:01     -211.012390        0.022986
matsci graph time: 0.0015234947204589844
FIRE:  488 14:44:02     -211.012512        0.022940
matsci graph time: 0.001500844955444336
FIRE:  489 14:44:02     -211.012680        0.022887
matsci graph time: 0.0014963150024414062
FIRE:  490 14:44:02     -211.012878        0.022824
matsci graph time: 0.0015192031860351562
FIRE:  491 14:44:02     -211.013123        0.022749
matsci graph time: 0.0015289783477783203
FIRE:  492 14:44:02     -211.013428        0.022658
matsci graph time: 0.001501321792602539
FIRE:  493 14:44:02     -211.013809        0.022540
matsci graph time: 0.0014965534210205078
FIRE:  494 14:44:02     -211.014252        0.022384
matsci graph time: 0.0015189647674560547
FIRE:  495 14:44:02     -211.014801        0.022201
matsci graph time: 0.001529693603515625
FIRE:  496 14:44:02     -211.015472        0.022009
matsci graph time: 0.0015022754669189453
FIRE:  497 14:44:02     -211.016281        0.021711
matsci graph time: 0.0015234947204589844
FIRE:  498 14:44:02     -211.017273        0.021432
matsci graph time: 0.0014955997467041016
FIRE:  499 14:44:02     -211.018417        0.020897
matsci graph time: 0.0015273094177246094
FIRE:  500 14:44:03     -211.019577        0.077503
matsci graph time: 0.001499176025390625
FIRE:  501 14:44:03     -211.017670        0.348402
matsci graph time: 0.0015232563018798828
FIRE:  502 14:44:03     -211.020935        0.129527
matsci graph time: 0.0015447139739990234
FIRE:  503 14:44:03     -211.021164        0.084766
matsci graph time: 0.001528024673461914
FIRE:  504 14:44:03     -211.021378        0.019979
energy: -211.02137756347656
Relaxation done. Time : 53.10715937614441 s.
