Initiation done. Time : 5.707934379577637 s.
Relaxing /data2_1/haekwan98/sevennet_test/calculator/Mg4Ta8O24/Mg4Ta8O24.cif...
ase graph time: 0.11640763282775879
      Step     Time          Energy          fmax
FIRE:    0 14:30:13     -314.319946        2.462786
ase graph time: 0.017895221710205078
FIRE:    1 14:30:14     -315.140594        2.217897
ase graph time: 0.018285512924194336
FIRE:    2 14:30:15     -316.357117        1.665666
ase graph time: 0.016804933547973633
FIRE:    3 14:30:15     -317.299225        1.432078
ase graph time: 0.016374826431274414
FIRE:    4 14:30:17     -317.869354        1.279150
ase graph time: 0.047239065170288086
FIRE:    5 14:30:18     -318.265808        1.530375
ase graph time: 0.04728364944458008
FIRE:    6 14:30:18     -318.666199        1.305587
ase graph time: 0.0516362190246582
FIRE:    7 14:30:19     -319.031982        1.122381
ase graph time: 0.04662203788757324
FIRE:    8 14:30:19     -319.284637        1.138687
ase graph time: 0.04660630226135254
FIRE:    9 14:30:19     -319.504272        1.164652
ase graph time: 0.046503305435180664
FIRE:   10 14:30:19     -319.814087        1.202978
ase graph time: 0.04659771919250488
FIRE:   11 14:30:19     -320.190948        1.223530
ase graph time: 0.04662728309631348
FIRE:   12 14:30:19     -320.513489        1.206891
ase graph time: 0.04665493965148926
FIRE:   13 14:30:19     -320.738831        1.144280
ase graph time: 0.04652523994445801
FIRE:   14 14:30:19     -320.934937        1.038220
ase graph time: 0.046630144119262695
FIRE:   15 14:30:20     -321.115601        0.934588
ase graph time: 0.04677891731262207
FIRE:   16 14:30:20     -321.279846        0.872533
ase graph time: 0.046601057052612305
FIRE:   17 14:30:20     -321.515594        0.826435
ase graph time: 0.04660177230834961
FIRE:   18 14:30:20     -321.793854        0.783318
ase graph time: 0.04659295082092285
FIRE:   19 14:30:20     -321.984436        0.756131
ase graph time: 0.04656171798706055
FIRE:   20 14:30:20     -322.127197        0.719663
ase graph time: 0.04654860496520996
FIRE:   21 14:30:20     -322.265381        0.662962
ase graph time: 0.046578407287597656
FIRE:   22 14:30:20     -322.386932        0.589125
ase graph time: 0.046593427658081055
FIRE:   23 14:30:21     -322.524780        0.491375
ase graph time: 0.04657173156738281
FIRE:   24 14:30:21     -322.649017        0.372187
ase graph time: 0.04655098915100098
FIRE:   25 14:30:21     -322.750916        0.367230
ase graph time: 0.046556711196899414
FIRE:   26 14:30:21     -322.837036        0.369554
ase graph time: 0.04652905464172363
FIRE:   27 14:30:21     -322.908264        0.351330
ase graph time: 0.04653739929199219
FIRE:   28 14:30:21     -322.982727        0.334706
ase graph time: 0.04657316207885742
FIRE:   29 14:30:21     -323.045349        0.293507
ase graph time: 0.046495914459228516
FIRE:   30 14:30:22     -323.085297        0.272524
ase graph time: 0.04659223556518555
FIRE:   31 14:30:22     -323.107666        0.337628
ase graph time: 0.04656481742858887
FIRE:   32 14:30:22     -322.530670        2.545234
ase graph time: 0.04658222198486328
FIRE:   33 14:30:22     -323.023499        1.193003
ase graph time: 0.046497344970703125
FIRE:   34 14:30:22     -323.139282        0.123519
ase graph time: 0.0465395450592041
FIRE:   35 14:30:22     -323.139832        0.113935
ase graph time: 0.04656648635864258
FIRE:   36 14:30:22     -323.140808        0.112304
ase graph time: 0.0464777946472168
FIRE:   37 14:30:22     -323.141846        0.109810
ase graph time: 0.04660797119140625
FIRE:   38 14:30:23     -323.142792        0.106446
ase graph time: 0.04662203788757324
FIRE:   39 14:30:23     -323.143677        0.102323
ase graph time: 0.04653477668762207
FIRE:   40 14:30:23     -323.144592        0.097648
ase graph time: 0.0464930534362793
FIRE:   41 14:30:23     -323.145630        0.092618
ase graph time: 0.0465242862701416
FIRE:   42 14:30:23     -323.146667        0.086844
ase graph time: 0.04654073715209961
FIRE:   43 14:30:23     -323.147675        0.086846
ase graph time: 0.04657340049743652
FIRE:   44 14:30:23     -323.148743        0.086555
ase graph time: 0.046515703201293945
FIRE:   45 14:30:23     -323.150116        0.085379
ase graph time: 0.04652905464172363
FIRE:   46 14:30:24     -323.151917        0.083371
ase graph time: 0.04651784896850586
FIRE:   47 14:30:24     -323.153839        0.080563
ase graph time: 0.04651021957397461
FIRE:   48 14:30:24     -323.155945        0.076795
ase graph time: 0.04647374153137207
FIRE:   49 14:30:24     -323.158325        0.071723
ase graph time: 0.0466618537902832
FIRE:   50 14:30:24     -323.160431        0.065325
ase graph time: 0.04652690887451172
FIRE:   51 14:30:24     -323.162689        0.058766
ase graph time: 0.04651999473571777
FIRE:   52 14:30:24     -323.164673        0.052014
ase graph time: 0.04655909538269043
FIRE:   53 14:30:24     -323.166809        0.046016
ase graph time: 0.046534061431884766
FIRE:   54 14:30:25     -323.168549        0.051489
ase graph time: 0.04649209976196289
FIRE:   55 14:30:25     -323.168579        0.123066
ase graph time: 0.04652261734008789
FIRE:   56 14:30:25     -323.169952        0.040727
ase graph time: 0.04656219482421875
FIRE:   57 14:30:25     -323.169312        0.105222
ase graph time: 0.046518802642822266
FIRE:   58 14:30:25     -323.169708        0.081612
ase graph time: 0.04657435417175293
FIRE:   59 14:30:25     -323.170166        0.039948
ase graph time: 0.04656791687011719
FIRE:   60 14:30:25     -323.170319        0.038921
ase graph time: 0.04656243324279785
FIRE:   61 14:30:25     -323.170349        0.038893
ase graph time: 0.046509742736816406
FIRE:   62 14:30:26     -323.170349        0.038839
ase graph time: 0.04648542404174805
FIRE:   63 14:30:26     -323.170349        0.038760
ase graph time: 0.04655957221984863
FIRE:   64 14:30:26     -323.170349        0.038657
ase graph time: 0.04652214050292969
FIRE:   65 14:30:26     -323.170410        0.038531
ase graph time: 0.046500444412231445
FIRE:   66 14:30:26     -323.170410        0.038385
ase graph time: 0.04651618003845215
FIRE:   67 14:30:26     -323.170471        0.038222
ase graph time: 0.04657292366027832
FIRE:   68 14:30:26     -323.170471        0.038025
ase graph time: 0.04646944999694824
FIRE:   69 14:30:27     -323.170502        0.037791
ase graph time: 0.04651904106140137
FIRE:   70 14:30:27     -323.170563        0.037517
ase graph time: 0.04667806625366211
FIRE:   71 14:30:27     -323.170624        0.037196
ase graph time: 0.046567440032958984
FIRE:   72 14:30:27     -323.170685        0.036820
ase graph time: 0.04676079750061035
FIRE:   73 14:30:27     -323.170776        0.036375
ase graph time: 0.04654979705810547
FIRE:   74 14:30:27     -323.170868        0.035838
ase graph time: 0.04691195487976074
FIRE:   75 14:30:27     -323.170959        0.035187
ase graph time: 0.04649639129638672
FIRE:   76 14:30:27     -323.171082        0.034405
ase graph time: 0.04677081108093262
FIRE:   77 14:30:28     -323.171234        0.033486
ase graph time: 0.04657578468322754
FIRE:   78 14:30:28     -323.171417        0.032444
ase graph time: 0.04680919647216797
FIRE:   79 14:30:28     -323.171631        0.031301
ase graph time: 0.046584367752075195
FIRE:   80 14:30:28     -323.171814        0.030037
ase graph time: 0.04651832580566406
FIRE:   81 14:30:28     -323.172058        0.028572
ase graph time: 0.04654407501220703
FIRE:   82 14:30:28     -323.172363        0.026844
ase graph time: 0.04650235176086426
FIRE:   83 14:30:28     -323.172607        0.024899
ase graph time: 0.046500205993652344
FIRE:   84 14:30:28     -323.172913        0.022755
ase graph time: 0.04662322998046875
FIRE:   85 14:30:29     -323.173218        0.020316
ase graph time: 0.046503305435180664
FIRE:   86 14:30:29     -323.173523        0.017891
energy: -323.17352294921875
Relaxation done. Time : 22.71343493461609 s.
