Initiation done. Time : 5.830687761306763 s.
Relaxing /data2_1/haekwan98/sevennet_test/calculator/Mg4Ta8O24/Mg4Ta8O24.cif...
matsci graph time: 0.0009527206420898438
      Step     Time          Energy          fmax
FIRE:    0 14:27:40     -314.319946        2.462787
matsci graph time: 0.0009534358978271484
FIRE:    1 14:27:41     -315.140594        2.217897
matsci graph time: 0.0009047985076904297
FIRE:    2 14:27:45     -316.357117        1.665665
matsci graph time: 0.0009386539459228516
FIRE:    3 14:27:45     -317.299225        1.432078
matsci graph time: 0.0009243488311767578
FIRE:    4 14:27:46     -317.869354        1.279150
matsci graph time: 0.0015950202941894531
FIRE:    5 14:27:48     -318.265808        1.530377
matsci graph time: 0.001590728759765625
FIRE:    6 14:27:48     -318.666199        1.305589
matsci graph time: 0.0015988349914550781
FIRE:    7 14:27:48     -319.031982        1.122381
matsci graph time: 0.0015974044799804688
FIRE:    8 14:27:48     -319.284637        1.138688
matsci graph time: 0.0015902519226074219
FIRE:    9 14:27:48     -319.504272        1.164652
matsci graph time: 0.0015873908996582031
FIRE:   10 14:27:49     -319.814087        1.202978
matsci graph time: 0.0015902519226074219
FIRE:   11 14:27:49     -320.190948        1.223529
matsci graph time: 0.0015687942504882812
FIRE:   12 14:27:49     -320.513489        1.206891
matsci graph time: 0.0015709400177001953
FIRE:   13 14:27:49     -320.738831        1.144280
matsci graph time: 0.001603841781616211
FIRE:   14 14:27:49     -320.934937        1.038220
matsci graph time: 0.0016698837280273438
FIRE:   15 14:27:49     -321.115601        0.934588
matsci graph time: 0.001592397689819336
FIRE:   16 14:27:49     -321.279846        0.872532
matsci graph time: 0.0016009807586669922
FIRE:   17 14:27:49     -321.515594        0.826435
matsci graph time: 0.0015971660614013672
FIRE:   18 14:27:49     -321.793854        0.783318
matsci graph time: 0.0015683174133300781
FIRE:   19 14:27:49     -321.984436        0.756131
matsci graph time: 0.0016021728515625
FIRE:   20 14:27:49     -322.127197        0.719664
matsci graph time: 0.0015716552734375
FIRE:   21 14:27:50     -322.265411        0.662961
matsci graph time: 0.0015635490417480469
FIRE:   22 14:27:50     -322.386932        0.589125
matsci graph time: 0.0016100406646728516
FIRE:   23 14:27:50     -322.524780        0.491375
matsci graph time: 0.0015714168548583984
FIRE:   24 14:27:50     -322.649017        0.372187
matsci graph time: 0.00156402587890625
FIRE:   25 14:27:50     -322.750916        0.367230
matsci graph time: 0.0015625953674316406
FIRE:   26 14:27:50     -322.837036        0.369555
matsci graph time: 0.0015659332275390625
FIRE:   27 14:27:50     -322.908264        0.351330
matsci graph time: 0.0015783309936523438
FIRE:   28 14:27:50     -322.982727        0.334699
matsci graph time: 0.0015897750854492188
FIRE:   29 14:27:50     -323.045349        0.293494
matsci graph time: 0.0015649795532226562
FIRE:   30 14:27:50     -323.085297        0.272528
matsci graph time: 0.0015997886657714844
FIRE:   31 14:27:50     -323.107666        0.337623
matsci graph time: 0.0015866756439208984
FIRE:   32 14:27:50     -322.530640        2.545218
matsci graph time: 0.0015611648559570312
FIRE:   33 14:27:50     -323.023499        1.193002
matsci graph time: 0.0015702247619628906
FIRE:   34 14:27:51     -323.139282        0.123513
matsci graph time: 0.0015990734100341797
FIRE:   35 14:27:51     -323.139832        0.113935
matsci graph time: 0.0015664100646972656
FIRE:   36 14:27:51     -323.140808        0.112303
matsci graph time: 0.0015599727630615234
FIRE:   37 14:27:51     -323.141846        0.109810
matsci graph time: 0.001589059829711914
FIRE:   38 14:27:51     -323.142792        0.106446
matsci graph time: 0.0015976428985595703
FIRE:   39 14:27:51     -323.143677        0.102323
matsci graph time: 0.0016009807586669922
FIRE:   40 14:27:51     -323.144592        0.097647
matsci graph time: 0.0015914440155029297
FIRE:   41 14:27:51     -323.145599        0.092618
matsci graph time: 0.0015764236450195312
FIRE:   42 14:27:51     -323.146667        0.086844
matsci graph time: 0.0015673637390136719
FIRE:   43 14:27:51     -323.147675        0.086846
matsci graph time: 0.0015673637390136719
FIRE:   44 14:27:51     -323.148743        0.086555
matsci graph time: 0.001561880111694336
FIRE:   45 14:27:51     -323.150116        0.085379
matsci graph time: 0.0015668869018554688
FIRE:   46 14:27:52     -323.151917        0.083370
matsci graph time: 0.0015888214111328125
FIRE:   47 14:27:52     -323.153809        0.080563
matsci graph time: 0.0015590190887451172
FIRE:   48 14:27:52     -323.155914        0.076796
matsci graph time: 0.001605987548828125
FIRE:   49 14:27:52     -323.158295        0.071723
matsci graph time: 0.0015954971313476562
FIRE:   50 14:27:52     -323.160461        0.065324
matsci graph time: 0.0015976428985595703
FIRE:   51 14:27:52     -323.162689        0.058766
matsci graph time: 0.0015759468078613281
FIRE:   52 14:27:52     -323.164673        0.052014
matsci graph time: 0.0016109943389892578
FIRE:   53 14:27:52     -323.166809        0.046015
matsci graph time: 0.0015919208526611328
FIRE:   54 14:27:52     -323.168549        0.051480
matsci graph time: 0.0015730857849121094
FIRE:   55 14:27:52     -323.168579        0.123036
matsci graph time: 0.0015749931335449219
FIRE:   56 14:27:52     -323.169983        0.040726
matsci graph time: 0.0015895366668701172
FIRE:   57 14:27:53     -323.169312        0.105201
matsci graph time: 0.0015954971313476562
FIRE:   58 14:27:53     -323.169708        0.081595
matsci graph time: 0.0015609264373779297
FIRE:   59 14:27:53     -323.170166        0.039942
matsci graph time: 0.0015637874603271484
FIRE:   60 14:27:53     -323.170319        0.038920
matsci graph time: 0.0015752315521240234
FIRE:   61 14:27:53     -323.170319        0.038893
matsci graph time: 0.00156402587890625
FIRE:   62 14:27:53     -323.170349        0.038839
matsci graph time: 0.0015645027160644531
FIRE:   63 14:27:53     -323.170349        0.038760
matsci graph time: 0.001558065414428711
FIRE:   64 14:27:53     -323.170349        0.038657
matsci graph time: 0.0015997886657714844
FIRE:   65 14:27:53     -323.170410        0.038531
matsci graph time: 0.00159454345703125
FIRE:   66 14:27:53     -323.170410        0.038385
matsci graph time: 0.0016055107116699219
FIRE:   67 14:27:53     -323.170471        0.038222
matsci graph time: 0.001596212387084961
FIRE:   68 14:27:53     -323.170471        0.038025
matsci graph time: 0.0015747547149658203
FIRE:   69 14:27:54     -323.170502        0.037791
matsci graph time: 0.0015697479248046875
FIRE:   70 14:27:54     -323.170563        0.037516
matsci graph time: 0.0015614032745361328
FIRE:   71 14:27:54     -323.170624        0.037195
matsci graph time: 0.0016012191772460938
FIRE:   72 14:27:54     -323.170685        0.036820
matsci graph time: 0.0016024112701416016
FIRE:   73 14:27:54     -323.170776        0.036374
matsci graph time: 0.001592397689819336
FIRE:   74 14:27:54     -323.170868        0.035837
matsci graph time: 0.0015876293182373047
FIRE:   75 14:27:54     -323.170959        0.035187
matsci graph time: 0.0015683174133300781
FIRE:   76 14:27:54     -323.171082        0.034404
matsci graph time: 0.0015621185302734375
FIRE:   77 14:27:54     -323.171234        0.033486
matsci graph time: 0.001596212387084961
FIRE:   78 14:27:54     -323.171417        0.032444
matsci graph time: 0.0015969276428222656
FIRE:   79 14:27:54     -323.171631        0.031301
matsci graph time: 0.0015628337860107422
FIRE:   80 14:27:54     -323.171814        0.030037
matsci graph time: 0.0015876293182373047
FIRE:   81 14:27:55     -323.172058        0.028571
matsci graph time: 0.0015609264373779297
FIRE:   82 14:27:55     -323.172363        0.026844
matsci graph time: 0.0015959739685058594
FIRE:   83 14:27:55     -323.172607        0.024899
matsci graph time: 0.001592874526977539
FIRE:   84 14:27:55     -323.172913        0.022755
matsci graph time: 0.001558542251586914
FIRE:   85 14:27:55     -323.173218        0.020316
matsci graph time: 0.0015919208526611328
FIRE:   86 14:27:55     -323.173523        0.017891
energy: -323.17352294921875
Relaxation done. Time : 24.732160329818726 s.
